

================================================================
== Vivado HLS Report for 'dense_latency_ap_ufixed_ap_fixed_18_7_5_3_0_config11_0_0_0_0_0_0'
================================================================
* Date:           Wed Jun  4 15:24:56 2025

* Version:        2020.1 (Build 2897737 on Wed May 27 20:21:37 MDT 2020)
* Project:        myproject_prj
* Solution:       solution1
* Product family: zynq
* Target device:  xc7z020-clg400-1


================================================================
== Performance Estimates
================================================================
+ Timing: 
    * Summary: 
    +--------+---------+----------+------------+
    |  Clock |  Target | Estimated| Uncertainty|
    +--------+---------+----------+------------+
    |ap_clk  | 5.00 ns | 3.903 ns |   0.62 ns  |
    +--------+---------+----------+------------+

+ Latency: 
    * Summary: 
    +---------+---------+-----------+-----------+-----+-----+----------+
    |  Latency (cycles) |   Latency (absolute)  |  Interval | Pipeline |
    |   min   |   max   |    min    |    max    | min | max |   Type   |
    +---------+---------+-----------+-----------+-----+-----+----------+
    |        2|        2| 10.000 ns | 10.000 ns |    1|    1| function |
    +---------+---------+-----------+-----------+-----+-----+----------+

    + Detail: 
        * Instance: 
        N/A

        * Loop: 
        N/A

============================================================
+ Verbose Summary: Synthesis Manager
============================================================
InlineROM: 1
ExposeGlobal: 0
============================================================
+ Verbose Summary: CDFG Model
============================================================
IsTopModel: 0
ResetActiveHigh: 1
IsCombinational: 0
IsDatapathOnly: 0
HasWiredReturn: 1
HasMFsm: 2
HasVarLatency: 0
IsPipeline: 1
IsRtlPipelined: 1
IsInstanceOverlapped: 0
IsDontTouch: 0
HasImplIP: 0
IsGatedGlobalClock: 0

+ Individual pipeline summary: 
  * Pipeline-0: initiation interval (II) = 1, depth = 3


============================================================
+ Verbose Summary: Schedule
============================================================
* Number of FSM states : 3
* Pipeline : 1
  Pipeline-0 : II = 1, D = 3, States = { 1 2 3 }
* Dataflow Pipeline: 0

* FSM state transitions: 
1 --> 2 
2 --> 3 
3 --> 

* FSM state operations: 

State 1 <SV = 0> <Delay = 3.78>
ST_1 : Operation 4 [1/1] (0.00ns)   --->   "%data_31_V_read_3 = call i6 @_ssdm_op_Read.ap_auto.i6(i6 %data_31_V_read)" [firmware/nnet_utils/nnet_dense_latency.h:13]   --->   Operation 4 'read' 'data_31_V_read_3' <Predicate = true> <Delay = 0.00>
ST_1 : Operation 5 [1/1] (0.00ns)   --->   "%data_30_V_read32 = call i6 @_ssdm_op_Read.ap_auto.i6(i6 %data_30_V_read)" [firmware/nnet_utils/nnet_dense_latency.h:13]   --->   Operation 5 'read' 'data_30_V_read32' <Predicate = true> <Delay = 0.00>
ST_1 : Operation 6 [1/1] (0.00ns)   --->   "%data_29_V_read31 = call i6 @_ssdm_op_Read.ap_auto.i6(i6 %data_29_V_read)" [firmware/nnet_utils/nnet_dense_latency.h:13]   --->   Operation 6 'read' 'data_29_V_read31' <Predicate = true> <Delay = 0.00>
ST_1 : Operation 7 [1/1] (0.00ns)   --->   "%data_26_V_read_4 = call i6 @_ssdm_op_Read.ap_auto.i6(i6 %data_26_V_read)" [firmware/nnet_utils/nnet_dense_latency.h:13]   --->   Operation 7 'read' 'data_26_V_read_4' <Predicate = true> <Delay = 0.00>
ST_1 : Operation 8 [1/1] (0.00ns)   --->   "%data_25_V_read_4 = call i6 @_ssdm_op_Read.ap_auto.i6(i6 %data_25_V_read)" [firmware/nnet_utils/nnet_dense_latency.h:13]   --->   Operation 8 'read' 'data_25_V_read_4' <Predicate = true> <Delay = 0.00>
ST_1 : Operation 9 [1/1] (0.00ns)   --->   "%data_24_V_read_3 = call i6 @_ssdm_op_Read.ap_auto.i6(i6 %data_24_V_read)" [firmware/nnet_utils/nnet_dense_latency.h:13]   --->   Operation 9 'read' 'data_24_V_read_3' <Predicate = true> <Delay = 0.00>
ST_1 : Operation 10 [1/1] (0.00ns)   --->   "%data_23_V_read_3 = call i6 @_ssdm_op_Read.ap_auto.i6(i6 %data_23_V_read)" [firmware/nnet_utils/nnet_dense_latency.h:13]   --->   Operation 10 'read' 'data_23_V_read_3' <Predicate = true> <Delay = 0.00>
ST_1 : Operation 11 [1/1] (0.00ns)   --->   "%data_21_V_read_3 = call i6 @_ssdm_op_Read.ap_auto.i6(i6 %data_21_V_read)" [firmware/nnet_utils/nnet_dense_latency.h:13]   --->   Operation 11 'read' 'data_21_V_read_3' <Predicate = true> <Delay = 0.00>
ST_1 : Operation 12 [1/1] (0.00ns)   --->   "%data_20_V_read_4 = call i6 @_ssdm_op_Read.ap_auto.i6(i6 %data_20_V_read)" [firmware/nnet_utils/nnet_dense_latency.h:13]   --->   Operation 12 'read' 'data_20_V_read_4' <Predicate = true> <Delay = 0.00>
ST_1 : Operation 13 [1/1] (0.00ns)   --->   "%data_19_V_read_4 = call i6 @_ssdm_op_Read.ap_auto.i6(i6 %data_19_V_read)" [firmware/nnet_utils/nnet_dense_latency.h:13]   --->   Operation 13 'read' 'data_19_V_read_4' <Predicate = true> <Delay = 0.00>
ST_1 : Operation 14 [1/1] (0.00ns)   --->   "%data_18_V_read23 = call i6 @_ssdm_op_Read.ap_auto.i6(i6 %data_18_V_read)" [firmware/nnet_utils/nnet_dense_latency.h:13]   --->   Operation 14 'read' 'data_18_V_read23' <Predicate = true> <Delay = 0.00>
ST_1 : Operation 15 [1/1] (0.00ns)   --->   "%data_17_V_read22 = call i6 @_ssdm_op_Read.ap_auto.i6(i6 %data_17_V_read)" [firmware/nnet_utils/nnet_dense_latency.h:13]   --->   Operation 15 'read' 'data_17_V_read22' <Predicate = true> <Delay = 0.00>
ST_1 : Operation 16 [1/1] (0.00ns)   --->   "%data_16_V_read21 = call i6 @_ssdm_op_Read.ap_auto.i6(i6 %data_16_V_read)" [firmware/nnet_utils/nnet_dense_latency.h:13]   --->   Operation 16 'read' 'data_16_V_read21' <Predicate = true> <Delay = 0.00>
ST_1 : Operation 17 [1/1] (0.00ns)   --->   "%data_15_V_read_4 = call i6 @_ssdm_op_Read.ap_auto.i6(i6 %data_15_V_read)" [firmware/nnet_utils/nnet_dense_latency.h:13]   --->   Operation 17 'read' 'data_15_V_read_4' <Predicate = true> <Delay = 0.00>
ST_1 : Operation 18 [1/1] (0.00ns)   --->   "%data_14_V_read_4 = call i6 @_ssdm_op_Read.ap_auto.i6(i6 %data_14_V_read)" [firmware/nnet_utils/nnet_dense_latency.h:13]   --->   Operation 18 'read' 'data_14_V_read_4' <Predicate = true> <Delay = 0.00>
ST_1 : Operation 19 [1/1] (0.00ns)   --->   "%data_12_V_read_3 = call i6 @_ssdm_op_Read.ap_auto.i6(i6 %data_12_V_read)" [firmware/nnet_utils/nnet_dense_latency.h:13]   --->   Operation 19 'read' 'data_12_V_read_3' <Predicate = true> <Delay = 0.00>
ST_1 : Operation 20 [1/1] (0.00ns)   --->   "%data_11_V_read_3 = call i6 @_ssdm_op_Read.ap_auto.i6(i6 %data_11_V_read)" [firmware/nnet_utils/nnet_dense_latency.h:13]   --->   Operation 20 'read' 'data_11_V_read_3' <Predicate = true> <Delay = 0.00>
ST_1 : Operation 21 [1/1] (0.00ns)   --->   "%data_10_V_read_3 = call i6 @_ssdm_op_Read.ap_auto.i6(i6 %data_10_V_read)" [firmware/nnet_utils/nnet_dense_latency.h:13]   --->   Operation 21 'read' 'data_10_V_read_3' <Predicate = true> <Delay = 0.00>
ST_1 : Operation 22 [1/1] (0.00ns)   --->   "%data_9_V_read_4 = call i6 @_ssdm_op_Read.ap_auto.i6(i6 %data_9_V_read)" [firmware/nnet_utils/nnet_dense_latency.h:13]   --->   Operation 22 'read' 'data_9_V_read_4' <Predicate = true> <Delay = 0.00>
ST_1 : Operation 23 [1/1] (0.00ns)   --->   "%data_8_V_read_4 = call i6 @_ssdm_op_Read.ap_auto.i6(i6 %data_8_V_read)" [firmware/nnet_utils/nnet_dense_latency.h:13]   --->   Operation 23 'read' 'data_8_V_read_4' <Predicate = true> <Delay = 0.00>
ST_1 : Operation 24 [1/1] (0.00ns)   --->   "%data_7_V_read13 = call i6 @_ssdm_op_Read.ap_auto.i6(i6 %data_7_V_read)" [firmware/nnet_utils/nnet_dense_latency.h:13]   --->   Operation 24 'read' 'data_7_V_read13' <Predicate = true> <Delay = 0.00>
ST_1 : Operation 25 [1/1] (0.00ns)   --->   "%data_6_V_read12 = call i6 @_ssdm_op_Read.ap_auto.i6(i6 %data_6_V_read)" [firmware/nnet_utils/nnet_dense_latency.h:13]   --->   Operation 25 'read' 'data_6_V_read12' <Predicate = true> <Delay = 0.00>
ST_1 : Operation 26 [1/1] (0.00ns)   --->   "%data_5_V_read11 = call i6 @_ssdm_op_Read.ap_auto.i6(i6 %data_5_V_read)" [firmware/nnet_utils/nnet_dense_latency.h:13]   --->   Operation 26 'read' 'data_5_V_read11' <Predicate = true> <Delay = 0.00>
ST_1 : Operation 27 [1/1] (0.00ns)   --->   "%data_4_V_read_5 = call i6 @_ssdm_op_Read.ap_auto.i6(i6 %data_4_V_read)" [firmware/nnet_utils/nnet_dense_latency.h:13]   --->   Operation 27 'read' 'data_4_V_read_5' <Predicate = true> <Delay = 0.00>
ST_1 : Operation 28 [1/1] (0.00ns)   --->   "%data_3_V_read_5 = call i6 @_ssdm_op_Read.ap_auto.i6(i6 %data_3_V_read)" [firmware/nnet_utils/nnet_dense_latency.h:13]   --->   Operation 28 'read' 'data_3_V_read_5' <Predicate = true> <Delay = 0.00>
ST_1 : Operation 29 [1/1] (0.00ns)   --->   "%data_1_V_read_5 = call i6 @_ssdm_op_Read.ap_auto.i6(i6 %data_1_V_read)" [firmware/nnet_utils/nnet_dense_latency.h:13]   --->   Operation 29 'read' 'data_1_V_read_5' <Predicate = true> <Delay = 0.00>
ST_1 : Operation 30 [1/1] (0.00ns)   --->   "%data_0_V_read_5 = call i6 @_ssdm_op_Read.ap_auto.i6(i6 %data_0_V_read)" [firmware/nnet_utils/nnet_dense_latency.h:13]   --->   Operation 30 'read' 'data_0_V_read_5' <Predicate = true> <Delay = 0.00>
ST_1 : Operation 31 [1/1] (0.00ns)   --->   "%shl_ln = call i11 @_ssdm_op_BitConcatenate.i11.i6.i5(i6 %data_0_V_read_5, i5 0)" [firmware/nnet_utils/nnet_mult.h:73->firmware/nnet_utils/nnet_dense_latency.h:42]   --->   Operation 31 'bitconcatenate' 'shl_ln' <Predicate = true> <Delay = 0.00>
ST_1 : Operation 32 [1/1] (0.00ns)   --->   "%zext_ln1118 = zext i11 %shl_ln to i12" [firmware/nnet_utils/nnet_mult.h:73->firmware/nnet_utils/nnet_dense_latency.h:42]   --->   Operation 32 'zext' 'zext_ln1118' <Predicate = true> <Delay = 0.00>
ST_1 : Operation 33 [1/1] (1.63ns)   --->   "%sub_ln1118 = sub i12 0, %zext_ln1118" [firmware/nnet_utils/nnet_mult.h:73->firmware/nnet_utils/nnet_dense_latency.h:42]   --->   Operation 33 'sub' 'sub_ln1118' <Predicate = true> <Delay = 1.63> <Core = "AddSub">   --->   Core 14 'AddSub' <Latency = 0> <II = 1> <Delay = 1.67> <FuncUnit> <Opcode : 'add' 'sub'> <InPorts = 2> <OutPorts = 1>
ST_1 : Operation 34 [1/1] (0.00ns)   --->   "%shl_ln1118_s = call i11 @_ssdm_op_BitConcatenate.i11.i6.i5(i6 %data_1_V_read_5, i5 0)" [firmware/nnet_utils/nnet_mult.h:73->firmware/nnet_utils/nnet_dense_latency.h:42]   --->   Operation 34 'bitconcatenate' 'shl_ln1118_s' <Predicate = true> <Delay = 0.00>
ST_1 : Operation 35 [1/1] (0.00ns)   --->   "%zext_ln1118_1 = zext i11 %shl_ln1118_s to i12" [firmware/nnet_utils/nnet_mult.h:73->firmware/nnet_utils/nnet_dense_latency.h:42]   --->   Operation 35 'zext' 'zext_ln1118_1' <Predicate = true> <Delay = 0.00>
ST_1 : Operation 36 [1/1] (1.63ns)   --->   "%sub_ln1118_1 = sub i12 0, %zext_ln1118_1" [firmware/nnet_utils/nnet_mult.h:73->firmware/nnet_utils/nnet_dense_latency.h:42]   --->   Operation 36 'sub' 'sub_ln1118_1' <Predicate = true> <Delay = 1.63> <Core = "AddSub">   --->   Core 14 'AddSub' <Latency = 0> <II = 1> <Delay = 1.67> <FuncUnit> <Opcode : 'add' 'sub'> <InPorts = 2> <OutPorts = 1>
ST_1 : Operation 37 [1/1] (0.00ns)   --->   "%sext_ln203_1 = sext i12 %sub_ln1118_1 to i13" [firmware/nnet_utils/nnet_dense_latency.h:42]   --->   Operation 37 'sext' 'sext_ln203_1' <Predicate = true> <Delay = 0.00>
ST_1 : Operation 38 [1/1] (0.00ns)   --->   "%zext_ln1116 = zext i6 %data_3_V_read_5 to i12" [firmware/nnet_utils/nnet_mult.h:73->firmware/nnet_utils/nnet_dense_latency.h:42]   --->   Operation 38 'zext' 'zext_ln1116' <Predicate = true> <Delay = 0.00>
ST_1 : Operation 39 [1/1] (0.00ns)   --->   "%shl_ln1118_1 = call i11 @_ssdm_op_BitConcatenate.i11.i6.i5(i6 %data_3_V_read_5, i5 0)" [firmware/nnet_utils/nnet_mult.h:73->firmware/nnet_utils/nnet_dense_latency.h:42]   --->   Operation 39 'bitconcatenate' 'shl_ln1118_1' <Predicate = true> <Delay = 0.00>
ST_1 : Operation 40 [1/1] (0.00ns)   --->   "%zext_ln1118_2 = zext i11 %shl_ln1118_1 to i12" [firmware/nnet_utils/nnet_mult.h:73->firmware/nnet_utils/nnet_dense_latency.h:42]   --->   Operation 40 'zext' 'zext_ln1118_2' <Predicate = true> <Delay = 0.00>
ST_1 : Operation 41 [1/1] (1.63ns)   --->   "%sub_ln1118_3 = sub i12 %zext_ln1118_2, %zext_ln1116" [firmware/nnet_utils/nnet_mult.h:73->firmware/nnet_utils/nnet_dense_latency.h:42]   --->   Operation 41 'sub' 'sub_ln1118_3' <Predicate = true> <Delay = 1.63> <Core = "AddSub">   --->   Core 14 'AddSub' <Latency = 0> <II = 1> <Delay = 1.67> <FuncUnit> <Opcode : 'add' 'sub'> <InPorts = 2> <OutPorts = 1>
ST_1 : Operation 42 [1/1] (0.00ns)   --->   "%zext_ln203 = zext i12 %sub_ln1118_3 to i13" [firmware/nnet_utils/nnet_dense_latency.h:42]   --->   Operation 42 'zext' 'zext_ln203' <Predicate = true> <Delay = 0.00>
ST_1 : Operation 43 [1/1] (1.63ns)   --->   "%sub_ln1118_4 = sub i12 %zext_ln1116, %zext_ln1118_2" [firmware/nnet_utils/nnet_mult.h:73->firmware/nnet_utils/nnet_dense_latency.h:42]   --->   Operation 43 'sub' 'sub_ln1118_4' <Predicate = true> <Delay = 1.63> <Core = "AddSub">   --->   Core 14 'AddSub' <Latency = 0> <II = 1> <Delay = 1.67> <FuncUnit> <Opcode : 'add' 'sub'> <InPorts = 2> <OutPorts = 1>
ST_1 : Operation 44 [1/1] (0.00ns)   --->   "%sext_ln203_3 = sext i12 %sub_ln1118_4 to i13" [firmware/nnet_utils/nnet_dense_latency.h:42]   --->   Operation 44 'sext' 'sext_ln203_3' <Predicate = true> <Delay = 0.00>
ST_1 : Operation 45 [1/1] (0.00ns)   --->   "%zext_ln1116_2 = zext i6 %data_5_V_read11 to i12" [firmware/nnet_utils/nnet_mult.h:73->firmware/nnet_utils/nnet_dense_latency.h:42]   --->   Operation 45 'zext' 'zext_ln1116_2' <Predicate = true> <Delay = 0.00>
ST_1 : Operation 46 [1/1] (0.00ns)   --->   "%shl_ln1118_3 = call i11 @_ssdm_op_BitConcatenate.i11.i6.i5(i6 %data_5_V_read11, i5 0)" [firmware/nnet_utils/nnet_mult.h:73->firmware/nnet_utils/nnet_dense_latency.h:42]   --->   Operation 46 'bitconcatenate' 'shl_ln1118_3' <Predicate = true> <Delay = 0.00>
ST_1 : Operation 47 [1/1] (0.00ns)   --->   "%zext_ln1118_4 = zext i11 %shl_ln1118_3 to i12" [firmware/nnet_utils/nnet_mult.h:73->firmware/nnet_utils/nnet_dense_latency.h:42]   --->   Operation 47 'zext' 'zext_ln1118_4' <Predicate = true> <Delay = 0.00>
ST_1 : Operation 48 [1/1] (1.63ns)   --->   "%sub_ln1118_7 = sub i12 0, %zext_ln1118_4" [firmware/nnet_utils/nnet_mult.h:73->firmware/nnet_utils/nnet_dense_latency.h:42]   --->   Operation 48 'sub' 'sub_ln1118_7' <Predicate = true> <Delay = 1.63> <Core = "AddSub">   --->   Core 14 'AddSub' <Latency = 0> <II = 1> <Delay = 1.67> <FuncUnit> <Opcode : 'add' 'sub'> <InPorts = 2> <OutPorts = 1>
ST_1 : Operation 49 [1/1] (0.00ns)   --->   "%sext_ln203_5 = sext i12 %sub_ln1118_7 to i13" [firmware/nnet_utils/nnet_dense_latency.h:42]   --->   Operation 49 'sext' 'sext_ln203_5' <Predicate = true> <Delay = 0.00>
ST_1 : Operation 50 [1/1] (1.63ns)   --->   "%sub_ln1118_8 = sub i12 %zext_ln1118_4, %zext_ln1116_2" [firmware/nnet_utils/nnet_mult.h:73->firmware/nnet_utils/nnet_dense_latency.h:42]   --->   Operation 50 'sub' 'sub_ln1118_8' <Predicate = true> <Delay = 1.63> <Core = "AddSub">   --->   Core 14 'AddSub' <Latency = 0> <II = 1> <Delay = 1.67> <FuncUnit> <Opcode : 'add' 'sub'> <InPorts = 2> <OutPorts = 1>
ST_1 : Operation 51 [1/1] (0.00ns)   --->   "%zext_ln1116_4 = zext i6 %data_7_V_read13 to i12" [firmware/nnet_utils/nnet_mult.h:73->firmware/nnet_utils/nnet_dense_latency.h:42]   --->   Operation 51 'zext' 'zext_ln1116_4' <Predicate = true> <Delay = 0.00>
ST_1 : Operation 52 [1/1] (0.00ns)   --->   "%shl_ln1118_5 = call i11 @_ssdm_op_BitConcatenate.i11.i6.i5(i6 %data_7_V_read13, i5 0)" [firmware/nnet_utils/nnet_mult.h:73->firmware/nnet_utils/nnet_dense_latency.h:42]   --->   Operation 52 'bitconcatenate' 'shl_ln1118_5' <Predicate = true> <Delay = 0.00>
ST_1 : Operation 53 [1/1] (0.00ns)   --->   "%zext_ln1118_6 = zext i11 %shl_ln1118_5 to i12" [firmware/nnet_utils/nnet_mult.h:73->firmware/nnet_utils/nnet_dense_latency.h:42]   --->   Operation 53 'zext' 'zext_ln1118_6' <Predicate = true> <Delay = 0.00>
ST_1 : Operation 54 [1/1] (1.63ns)   --->   "%sub_ln1118_10 = sub i12 %zext_ln1118_6, %zext_ln1116_4" [firmware/nnet_utils/nnet_mult.h:73->firmware/nnet_utils/nnet_dense_latency.h:42]   --->   Operation 54 'sub' 'sub_ln1118_10' <Predicate = true> <Delay = 1.63> <Core = "AddSub">   --->   Core 14 'AddSub' <Latency = 0> <II = 1> <Delay = 1.67> <FuncUnit> <Opcode : 'add' 'sub'> <InPorts = 2> <OutPorts = 1>
ST_1 : Operation 55 [1/1] (0.00ns)   --->   "%zext_ln203_4 = zext i12 %sub_ln1118_10 to i13" [firmware/nnet_utils/nnet_dense_latency.h:42]   --->   Operation 55 'zext' 'zext_ln203_4' <Predicate = true> <Delay = 0.00>
ST_1 : Operation 56 [1/1] (0.00ns)   --->   "%zext_ln1116_5 = zext i6 %data_8_V_read_4 to i12" [firmware/nnet_utils/nnet_mult.h:73->firmware/nnet_utils/nnet_dense_latency.h:42]   --->   Operation 56 'zext' 'zext_ln1116_5' <Predicate = true> <Delay = 0.00>
ST_1 : Operation 57 [1/1] (0.00ns)   --->   "%shl_ln1118_6 = call i11 @_ssdm_op_BitConcatenate.i11.i6.i5(i6 %data_8_V_read_4, i5 0)" [firmware/nnet_utils/nnet_mult.h:73->firmware/nnet_utils/nnet_dense_latency.h:42]   --->   Operation 57 'bitconcatenate' 'shl_ln1118_6' <Predicate = true> <Delay = 0.00>
ST_1 : Operation 58 [1/1] (0.00ns)   --->   "%zext_ln1118_7 = zext i11 %shl_ln1118_6 to i12" [firmware/nnet_utils/nnet_mult.h:73->firmware/nnet_utils/nnet_dense_latency.h:42]   --->   Operation 58 'zext' 'zext_ln1118_7' <Predicate = true> <Delay = 0.00>
ST_1 : Operation 59 [1/1] (1.63ns)   --->   "%sub_ln1118_11 = sub i12 %zext_ln1118_7, %zext_ln1116_5" [firmware/nnet_utils/nnet_mult.h:73->firmware/nnet_utils/nnet_dense_latency.h:42]   --->   Operation 59 'sub' 'sub_ln1118_11' <Predicate = true> <Delay = 1.63> <Core = "AddSub">   --->   Core 14 'AddSub' <Latency = 0> <II = 1> <Delay = 1.67> <FuncUnit> <Opcode : 'add' 'sub'> <InPorts = 2> <OutPorts = 1>
ST_1 : Operation 60 [1/1] (0.00ns)   --->   "%zext_ln203_5 = zext i12 %sub_ln1118_11 to i13" [firmware/nnet_utils/nnet_dense_latency.h:42]   --->   Operation 60 'zext' 'zext_ln203_5' <Predicate = true> <Delay = 0.00>
ST_1 : Operation 61 [1/1] (0.00ns)   --->   "%zext_ln1116_6 = zext i6 %data_9_V_read_4 to i12" [firmware/nnet_utils/nnet_mult.h:73->firmware/nnet_utils/nnet_dense_latency.h:42]   --->   Operation 61 'zext' 'zext_ln1116_6' <Predicate = true> <Delay = 0.00>
ST_1 : Operation 62 [1/1] (0.00ns)   --->   "%shl_ln1118_7 = call i11 @_ssdm_op_BitConcatenate.i11.i6.i5(i6 %data_9_V_read_4, i5 0)" [firmware/nnet_utils/nnet_mult.h:73->firmware/nnet_utils/nnet_dense_latency.h:42]   --->   Operation 62 'bitconcatenate' 'shl_ln1118_7' <Predicate = true> <Delay = 0.00>
ST_1 : Operation 63 [1/1] (0.00ns)   --->   "%zext_ln1118_8 = zext i11 %shl_ln1118_7 to i12" [firmware/nnet_utils/nnet_mult.h:73->firmware/nnet_utils/nnet_dense_latency.h:42]   --->   Operation 63 'zext' 'zext_ln1118_8' <Predicate = true> <Delay = 0.00>
ST_1 : Operation 64 [1/1] (1.63ns)   --->   "%sub_ln1118_12 = sub i12 %zext_ln1118_8, %zext_ln1116_6" [firmware/nnet_utils/nnet_mult.h:73->firmware/nnet_utils/nnet_dense_latency.h:42]   --->   Operation 64 'sub' 'sub_ln1118_12' <Predicate = true> <Delay = 1.63> <Core = "AddSub">   --->   Core 14 'AddSub' <Latency = 0> <II = 1> <Delay = 1.67> <FuncUnit> <Opcode : 'add' 'sub'> <InPorts = 2> <OutPorts = 1>
ST_1 : Operation 65 [1/1] (1.63ns)   --->   "%sub_ln1118_13 = sub i12 0, %zext_ln1118_8" [firmware/nnet_utils/nnet_mult.h:73->firmware/nnet_utils/nnet_dense_latency.h:42]   --->   Operation 65 'sub' 'sub_ln1118_13' <Predicate = true> <Delay = 1.63> <Core = "AddSub">   --->   Core 14 'AddSub' <Latency = 0> <II = 1> <Delay = 1.67> <FuncUnit> <Opcode : 'add' 'sub'> <InPorts = 2> <OutPorts = 1>
ST_1 : Operation 66 [1/1] (0.00ns)   --->   "%sext_ln203_6 = sext i12 %sub_ln1118_13 to i13" [firmware/nnet_utils/nnet_dense_latency.h:42]   --->   Operation 66 'sext' 'sext_ln203_6' <Predicate = true> <Delay = 0.00>
ST_1 : Operation 67 [1/1] (0.00ns)   --->   "%zext_ln1116_7 = zext i6 %data_10_V_read_3 to i12" [firmware/nnet_utils/nnet_mult.h:73->firmware/nnet_utils/nnet_dense_latency.h:42]   --->   Operation 67 'zext' 'zext_ln1116_7' <Predicate = true> <Delay = 0.00>
ST_1 : Operation 68 [1/1] (0.00ns)   --->   "%shl_ln1118_8 = call i11 @_ssdm_op_BitConcatenate.i11.i6.i5(i6 %data_10_V_read_3, i5 0)" [firmware/nnet_utils/nnet_mult.h:73->firmware/nnet_utils/nnet_dense_latency.h:42]   --->   Operation 68 'bitconcatenate' 'shl_ln1118_8' <Predicate = true> <Delay = 0.00>
ST_1 : Operation 69 [1/1] (0.00ns)   --->   "%zext_ln1118_9 = zext i11 %shl_ln1118_8 to i12" [firmware/nnet_utils/nnet_mult.h:73->firmware/nnet_utils/nnet_dense_latency.h:42]   --->   Operation 69 'zext' 'zext_ln1118_9' <Predicate = true> <Delay = 0.00>
ST_1 : Operation 70 [1/1] (1.63ns)   --->   "%sub_ln1118_14 = sub i12 %zext_ln1118_9, %zext_ln1116_7" [firmware/nnet_utils/nnet_mult.h:73->firmware/nnet_utils/nnet_dense_latency.h:42]   --->   Operation 70 'sub' 'sub_ln1118_14' <Predicate = true> <Delay = 1.63> <Core = "AddSub">   --->   Core 14 'AddSub' <Latency = 0> <II = 1> <Delay = 1.67> <FuncUnit> <Opcode : 'add' 'sub'> <InPorts = 2> <OutPorts = 1>
ST_1 : Operation 71 [1/1] (0.00ns)   --->   "%zext_ln203_7 = zext i12 %sub_ln1118_14 to i13" [firmware/nnet_utils/nnet_dense_latency.h:42]   --->   Operation 71 'zext' 'zext_ln203_7' <Predicate = true> <Delay = 0.00>
ST_1 : Operation 72 [1/1] (1.63ns)   --->   "%sub_ln1118_15 = sub i12 0, %zext_ln1118_9" [firmware/nnet_utils/nnet_mult.h:73->firmware/nnet_utils/nnet_dense_latency.h:42]   --->   Operation 72 'sub' 'sub_ln1118_15' <Predicate = true> <Delay = 1.63> <Core = "AddSub">   --->   Core 14 'AddSub' <Latency = 0> <II = 1> <Delay = 1.67> <FuncUnit> <Opcode : 'add' 'sub'> <InPorts = 2> <OutPorts = 1>
ST_1 : Operation 73 [1/1] (0.00ns)   --->   "%sext_ln1116 = sext i12 %sub_ln1118_15 to i13" [firmware/nnet_utils/nnet_mult.h:73->firmware/nnet_utils/nnet_dense_latency.h:42]   --->   Operation 73 'sext' 'sext_ln1116' <Predicate = true> <Delay = 0.00>
ST_1 : Operation 74 [1/1] (0.00ns)   --->   "%shl_ln1118_9 = call i11 @_ssdm_op_BitConcatenate.i11.i6.i5(i6 %data_11_V_read_3, i5 0)" [firmware/nnet_utils/nnet_mult.h:73->firmware/nnet_utils/nnet_dense_latency.h:42]   --->   Operation 74 'bitconcatenate' 'shl_ln1118_9' <Predicate = true> <Delay = 0.00>
ST_1 : Operation 75 [1/1] (0.00ns)   --->   "%zext_ln1118_10 = zext i11 %shl_ln1118_9 to i12" [firmware/nnet_utils/nnet_mult.h:73->firmware/nnet_utils/nnet_dense_latency.h:42]   --->   Operation 75 'zext' 'zext_ln1118_10' <Predicate = true> <Delay = 0.00>
ST_1 : Operation 76 [1/1] (1.63ns)   --->   "%sub_ln1118_16 = sub i12 0, %zext_ln1118_10" [firmware/nnet_utils/nnet_mult.h:73->firmware/nnet_utils/nnet_dense_latency.h:42]   --->   Operation 76 'sub' 'sub_ln1118_16' <Predicate = true> <Delay = 1.63> <Core = "AddSub">   --->   Core 14 'AddSub' <Latency = 0> <II = 1> <Delay = 1.67> <FuncUnit> <Opcode : 'add' 'sub'> <InPorts = 2> <OutPorts = 1>
ST_1 : Operation 77 [1/1] (0.00ns)   --->   "%shl_ln1118_10 = call i11 @_ssdm_op_BitConcatenate.i11.i6.i5(i6 %data_12_V_read_3, i5 0)" [firmware/nnet_utils/nnet_mult.h:73->firmware/nnet_utils/nnet_dense_latency.h:42]   --->   Operation 77 'bitconcatenate' 'shl_ln1118_10' <Predicate = true> <Delay = 0.00>
ST_1 : Operation 78 [1/1] (0.00ns)   --->   "%zext_ln1118_11 = zext i11 %shl_ln1118_10 to i12" [firmware/nnet_utils/nnet_mult.h:73->firmware/nnet_utils/nnet_dense_latency.h:42]   --->   Operation 78 'zext' 'zext_ln1118_11' <Predicate = true> <Delay = 0.00>
ST_1 : Operation 79 [1/1] (1.63ns)   --->   "%sub_ln1118_17 = sub i12 0, %zext_ln1118_11" [firmware/nnet_utils/nnet_mult.h:73->firmware/nnet_utils/nnet_dense_latency.h:42]   --->   Operation 79 'sub' 'sub_ln1118_17' <Predicate = true> <Delay = 1.63> <Core = "AddSub">   --->   Core 14 'AddSub' <Latency = 0> <II = 1> <Delay = 1.67> <FuncUnit> <Opcode : 'add' 'sub'> <InPorts = 2> <OutPorts = 1>
ST_1 : Operation 80 [1/1] (0.00ns)   --->   "%sext_ln1116_2 = sext i12 %sub_ln1118_17 to i13" [firmware/nnet_utils/nnet_mult.h:73->firmware/nnet_utils/nnet_dense_latency.h:42]   --->   Operation 80 'sext' 'sext_ln1116_2' <Predicate = true> <Delay = 0.00>
ST_1 : Operation 81 [1/1] (0.00ns)   --->   "%shl_ln1118_11 = call i11 @_ssdm_op_BitConcatenate.i11.i6.i5(i6 %data_14_V_read_4, i5 0)" [firmware/nnet_utils/nnet_mult.h:73->firmware/nnet_utils/nnet_dense_latency.h:42]   --->   Operation 81 'bitconcatenate' 'shl_ln1118_11' <Predicate = true> <Delay = 0.00>
ST_1 : Operation 82 [1/1] (0.00ns)   --->   "%zext_ln1118_12 = zext i11 %shl_ln1118_11 to i12" [firmware/nnet_utils/nnet_mult.h:73->firmware/nnet_utils/nnet_dense_latency.h:42]   --->   Operation 82 'zext' 'zext_ln1118_12' <Predicate = true> <Delay = 0.00>
ST_1 : Operation 83 [1/1] (1.63ns)   --->   "%sub_ln1118_18 = sub i12 0, %zext_ln1118_12" [firmware/nnet_utils/nnet_mult.h:73->firmware/nnet_utils/nnet_dense_latency.h:42]   --->   Operation 83 'sub' 'sub_ln1118_18' <Predicate = true> <Delay = 1.63> <Core = "AddSub">   --->   Core 14 'AddSub' <Latency = 0> <II = 1> <Delay = 1.67> <FuncUnit> <Opcode : 'add' 'sub'> <InPorts = 2> <OutPorts = 1>
ST_1 : Operation 84 [1/1] (0.00ns)   --->   "%sext_ln1116_3 = sext i12 %sub_ln1118_18 to i13" [firmware/nnet_utils/nnet_mult.h:73->firmware/nnet_utils/nnet_dense_latency.h:42]   --->   Operation 84 'sext' 'sext_ln1116_3' <Predicate = true> <Delay = 0.00>
ST_1 : Operation 85 [1/1] (0.00ns)   --->   "%zext_ln1116_10 = zext i6 %data_16_V_read21 to i12" [firmware/nnet_utils/nnet_mult.h:73->firmware/nnet_utils/nnet_dense_latency.h:42]   --->   Operation 85 'zext' 'zext_ln1116_10' <Predicate = true> <Delay = 0.00>
ST_1 : Operation 86 [1/1] (0.00ns)   --->   "%shl_ln1118_13 = call i11 @_ssdm_op_BitConcatenate.i11.i6.i5(i6 %data_16_V_read21, i5 0)" [firmware/nnet_utils/nnet_mult.h:73->firmware/nnet_utils/nnet_dense_latency.h:42]   --->   Operation 86 'bitconcatenate' 'shl_ln1118_13' <Predicate = true> <Delay = 0.00>
ST_1 : Operation 87 [1/1] (0.00ns)   --->   "%zext_ln1118_14 = zext i11 %shl_ln1118_13 to i12" [firmware/nnet_utils/nnet_mult.h:73->firmware/nnet_utils/nnet_dense_latency.h:42]   --->   Operation 87 'zext' 'zext_ln1118_14' <Predicate = true> <Delay = 0.00>
ST_1 : Operation 88 [1/1] (1.63ns)   --->   "%sub_ln1118_20 = sub i12 0, %zext_ln1118_14" [firmware/nnet_utils/nnet_mult.h:73->firmware/nnet_utils/nnet_dense_latency.h:42]   --->   Operation 88 'sub' 'sub_ln1118_20' <Predicate = true> <Delay = 1.63> <Core = "AddSub">   --->   Core 14 'AddSub' <Latency = 0> <II = 1> <Delay = 1.67> <FuncUnit> <Opcode : 'add' 'sub'> <InPorts = 2> <OutPorts = 1>
ST_1 : Operation 89 [1/1] (1.63ns)   --->   "%sub_ln1118_21 = sub i12 %zext_ln1116_10, %zext_ln1118_14" [firmware/nnet_utils/nnet_mult.h:73->firmware/nnet_utils/nnet_dense_latency.h:42]   --->   Operation 89 'sub' 'sub_ln1118_21' <Predicate = true> <Delay = 1.63> <Core = "AddSub">   --->   Core 14 'AddSub' <Latency = 0> <II = 1> <Delay = 1.67> <FuncUnit> <Opcode : 'add' 'sub'> <InPorts = 2> <OutPorts = 1>
ST_1 : Operation 90 [1/1] (0.00ns)   --->   "%zext_ln1116_11 = zext i6 %data_17_V_read22 to i12" [firmware/nnet_utils/nnet_mult.h:73->firmware/nnet_utils/nnet_dense_latency.h:42]   --->   Operation 90 'zext' 'zext_ln1116_11' <Predicate = true> <Delay = 0.00>
ST_1 : Operation 91 [1/1] (0.00ns)   --->   "%shl_ln1118_14 = call i11 @_ssdm_op_BitConcatenate.i11.i6.i5(i6 %data_17_V_read22, i5 0)" [firmware/nnet_utils/nnet_mult.h:73->firmware/nnet_utils/nnet_dense_latency.h:42]   --->   Operation 91 'bitconcatenate' 'shl_ln1118_14' <Predicate = true> <Delay = 0.00>
ST_1 : Operation 92 [1/1] (0.00ns)   --->   "%zext_ln1118_15 = zext i11 %shl_ln1118_14 to i12" [firmware/nnet_utils/nnet_mult.h:73->firmware/nnet_utils/nnet_dense_latency.h:42]   --->   Operation 92 'zext' 'zext_ln1118_15' <Predicate = true> <Delay = 0.00>
ST_1 : Operation 93 [1/1] (1.63ns)   --->   "%sub_ln1118_22 = sub i12 %zext_ln1118_15, %zext_ln1116_11" [firmware/nnet_utils/nnet_mult.h:73->firmware/nnet_utils/nnet_dense_latency.h:42]   --->   Operation 93 'sub' 'sub_ln1118_22' <Predicate = true> <Delay = 1.63> <Core = "AddSub">   --->   Core 14 'AddSub' <Latency = 0> <II = 1> <Delay = 1.67> <FuncUnit> <Opcode : 'add' 'sub'> <InPorts = 2> <OutPorts = 1>
ST_1 : Operation 94 [1/1] (0.00ns)   --->   "%zext_ln1118_16 = zext i12 %sub_ln1118_22 to i13" [firmware/nnet_utils/nnet_mult.h:73->firmware/nnet_utils/nnet_dense_latency.h:42]   --->   Operation 94 'zext' 'zext_ln1118_16' <Predicate = true> <Delay = 0.00>
ST_1 : Operation 95 [1/1] (1.63ns)   --->   "%sub_ln1118_23 = sub i12 0, %zext_ln1118_15" [firmware/nnet_utils/nnet_mult.h:73->firmware/nnet_utils/nnet_dense_latency.h:42]   --->   Operation 95 'sub' 'sub_ln1118_23' <Predicate = true> <Delay = 1.63> <Core = "AddSub">   --->   Core 14 'AddSub' <Latency = 0> <II = 1> <Delay = 1.67> <FuncUnit> <Opcode : 'add' 'sub'> <InPorts = 2> <OutPorts = 1>
ST_1 : Operation 96 [1/1] (0.00ns)   --->   "%sext_ln1118_5 = sext i12 %sub_ln1118_23 to i13" [firmware/nnet_utils/nnet_mult.h:73->firmware/nnet_utils/nnet_dense_latency.h:42]   --->   Operation 96 'sext' 'sext_ln1118_5' <Predicate = true> <Delay = 0.00>
ST_1 : Operation 97 [1/1] (1.63ns)   --->   "%sub_ln1118_24 = sub i12 %zext_ln1116_11, %zext_ln1118_15" [firmware/nnet_utils/nnet_mult.h:73->firmware/nnet_utils/nnet_dense_latency.h:42]   --->   Operation 97 'sub' 'sub_ln1118_24' <Predicate = true> <Delay = 1.63> <Core = "AddSub">   --->   Core 14 'AddSub' <Latency = 0> <II = 1> <Delay = 1.67> <FuncUnit> <Opcode : 'add' 'sub'> <InPorts = 2> <OutPorts = 1>
ST_1 : Operation 98 [1/1] (0.00ns)   --->   "%sext_ln1116_5 = sext i12 %sub_ln1118_24 to i13" [firmware/nnet_utils/nnet_mult.h:73->firmware/nnet_utils/nnet_dense_latency.h:42]   --->   Operation 98 'sext' 'sext_ln1116_5' <Predicate = true> <Delay = 0.00>
ST_1 : Operation 99 [1/1] (0.00ns)   --->   "%zext_ln1116_12 = zext i6 %data_18_V_read23 to i12" [firmware/nnet_utils/nnet_mult.h:73->firmware/nnet_utils/nnet_dense_latency.h:42]   --->   Operation 99 'zext' 'zext_ln1116_12' <Predicate = true> <Delay = 0.00>
ST_1 : Operation 100 [1/1] (0.00ns)   --->   "%shl_ln1118_15 = call i11 @_ssdm_op_BitConcatenate.i11.i6.i5(i6 %data_18_V_read23, i5 0)" [firmware/nnet_utils/nnet_mult.h:73->firmware/nnet_utils/nnet_dense_latency.h:42]   --->   Operation 100 'bitconcatenate' 'shl_ln1118_15' <Predicate = true> <Delay = 0.00>
ST_1 : Operation 101 [1/1] (0.00ns)   --->   "%zext_ln1118_17 = zext i11 %shl_ln1118_15 to i12" [firmware/nnet_utils/nnet_mult.h:73->firmware/nnet_utils/nnet_dense_latency.h:42]   --->   Operation 101 'zext' 'zext_ln1118_17' <Predicate = true> <Delay = 0.00>
ST_1 : Operation 102 [1/1] (1.63ns)   --->   "%sub_ln1118_25 = sub i12 %zext_ln1118_17, %zext_ln1116_12" [firmware/nnet_utils/nnet_mult.h:73->firmware/nnet_utils/nnet_dense_latency.h:42]   --->   Operation 102 'sub' 'sub_ln1118_25' <Predicate = true> <Delay = 1.63> <Core = "AddSub">   --->   Core 14 'AddSub' <Latency = 0> <II = 1> <Delay = 1.67> <FuncUnit> <Opcode : 'add' 'sub'> <InPorts = 2> <OutPorts = 1>
ST_1 : Operation 103 [1/1] (0.00ns)   --->   "%zext_ln1116_13 = zext i12 %sub_ln1118_25 to i13" [firmware/nnet_utils/nnet_mult.h:73->firmware/nnet_utils/nnet_dense_latency.h:42]   --->   Operation 103 'zext' 'zext_ln1116_13' <Predicate = true> <Delay = 0.00>
ST_1 : Operation 104 [1/1] (0.00ns)   --->   "%zext_ln1116_18 = zext i6 %data_21_V_read_3 to i12" [firmware/nnet_utils/nnet_mult.h:73->firmware/nnet_utils/nnet_dense_latency.h:42]   --->   Operation 104 'zext' 'zext_ln1116_18' <Predicate = true> <Delay = 0.00>
ST_1 : Operation 105 [1/1] (0.00ns)   --->   "%shl_ln1118_18 = call i11 @_ssdm_op_BitConcatenate.i11.i6.i5(i6 %data_21_V_read_3, i5 0)" [firmware/nnet_utils/nnet_mult.h:73->firmware/nnet_utils/nnet_dense_latency.h:42]   --->   Operation 105 'bitconcatenate' 'shl_ln1118_18' <Predicate = true> <Delay = 0.00>
ST_1 : Operation 106 [1/1] (0.00ns)   --->   "%zext_ln1118_20 = zext i11 %shl_ln1118_18 to i12" [firmware/nnet_utils/nnet_mult.h:73->firmware/nnet_utils/nnet_dense_latency.h:42]   --->   Operation 106 'zext' 'zext_ln1118_20' <Predicate = true> <Delay = 0.00>
ST_1 : Operation 107 [1/1] (1.63ns)   --->   "%sub_ln1118_28 = sub i12 %zext_ln1118_20, %zext_ln1116_18" [firmware/nnet_utils/nnet_mult.h:73->firmware/nnet_utils/nnet_dense_latency.h:42]   --->   Operation 107 'sub' 'sub_ln1118_28' <Predicate = true> <Delay = 1.63> <Core = "AddSub">   --->   Core 14 'AddSub' <Latency = 0> <II = 1> <Delay = 1.67> <FuncUnit> <Opcode : 'add' 'sub'> <InPorts = 2> <OutPorts = 1>
ST_1 : Operation 108 [1/1] (1.63ns)   --->   "%sub_ln1118_29 = sub i12 0, %zext_ln1118_20" [firmware/nnet_utils/nnet_mult.h:73->firmware/nnet_utils/nnet_dense_latency.h:42]   --->   Operation 108 'sub' 'sub_ln1118_29' <Predicate = true> <Delay = 1.63> <Core = "AddSub">   --->   Core 14 'AddSub' <Latency = 0> <II = 1> <Delay = 1.67> <FuncUnit> <Opcode : 'add' 'sub'> <InPorts = 2> <OutPorts = 1>
ST_1 : Operation 109 [1/1] (0.00ns)   --->   "%sext_ln1116_6 = sext i12 %sub_ln1118_29 to i13" [firmware/nnet_utils/nnet_mult.h:73->firmware/nnet_utils/nnet_dense_latency.h:42]   --->   Operation 109 'sext' 'sext_ln1116_6' <Predicate = true> <Delay = 0.00>
ST_1 : Operation 110 [1/1] (0.00ns)   --->   "%shl_ln1118_19 = call i11 @_ssdm_op_BitConcatenate.i11.i6.i5(i6 %data_23_V_read_3, i5 0)" [firmware/nnet_utils/nnet_mult.h:73->firmware/nnet_utils/nnet_dense_latency.h:42]   --->   Operation 110 'bitconcatenate' 'shl_ln1118_19' <Predicate = true> <Delay = 0.00>
ST_1 : Operation 111 [1/1] (0.00ns)   --->   "%zext_ln1118_22 = zext i11 %shl_ln1118_19 to i12" [firmware/nnet_utils/nnet_mult.h:73->firmware/nnet_utils/nnet_dense_latency.h:42]   --->   Operation 111 'zext' 'zext_ln1118_22' <Predicate = true> <Delay = 0.00>
ST_1 : Operation 112 [1/1] (1.63ns)   --->   "%sub_ln1118_30 = sub i12 0, %zext_ln1118_22" [firmware/nnet_utils/nnet_mult.h:73->firmware/nnet_utils/nnet_dense_latency.h:42]   --->   Operation 112 'sub' 'sub_ln1118_30' <Predicate = true> <Delay = 1.63> <Core = "AddSub">   --->   Core 14 'AddSub' <Latency = 0> <II = 1> <Delay = 1.67> <FuncUnit> <Opcode : 'add' 'sub'> <InPorts = 2> <OutPorts = 1>
ST_1 : Operation 113 [1/1] (0.00ns)   --->   "%sext_ln1116_7 = sext i12 %sub_ln1118_30 to i13" [firmware/nnet_utils/nnet_mult.h:73->firmware/nnet_utils/nnet_dense_latency.h:42]   --->   Operation 113 'sext' 'sext_ln1116_7' <Predicate = true> <Delay = 0.00>
ST_1 : Operation 114 [1/1] (0.00ns)   --->   "%zext_ln1116_19 = zext i6 %data_24_V_read_3 to i12" [firmware/nnet_utils/nnet_mult.h:73->firmware/nnet_utils/nnet_dense_latency.h:42]   --->   Operation 114 'zext' 'zext_ln1116_19' <Predicate = true> <Delay = 0.00>
ST_1 : Operation 115 [1/1] (0.00ns)   --->   "%shl_ln1118_20 = call i11 @_ssdm_op_BitConcatenate.i11.i6.i5(i6 %data_24_V_read_3, i5 0)" [firmware/nnet_utils/nnet_mult.h:73->firmware/nnet_utils/nnet_dense_latency.h:42]   --->   Operation 115 'bitconcatenate' 'shl_ln1118_20' <Predicate = true> <Delay = 0.00>
ST_1 : Operation 116 [1/1] (0.00ns)   --->   "%zext_ln1118_23 = zext i11 %shl_ln1118_20 to i12" [firmware/nnet_utils/nnet_mult.h:73->firmware/nnet_utils/nnet_dense_latency.h:42]   --->   Operation 116 'zext' 'zext_ln1118_23' <Predicate = true> <Delay = 0.00>
ST_1 : Operation 117 [1/1] (1.63ns)   --->   "%sub_ln1118_31 = sub i12 %zext_ln1118_23, %zext_ln1116_19" [firmware/nnet_utils/nnet_mult.h:73->firmware/nnet_utils/nnet_dense_latency.h:42]   --->   Operation 117 'sub' 'sub_ln1118_31' <Predicate = true> <Delay = 1.63> <Core = "AddSub">   --->   Core 14 'AddSub' <Latency = 0> <II = 1> <Delay = 1.67> <FuncUnit> <Opcode : 'add' 'sub'> <InPorts = 2> <OutPorts = 1>
ST_1 : Operation 118 [1/1] (0.00ns)   --->   "%shl_ln1118_22 = call i11 @_ssdm_op_BitConcatenate.i11.i6.i5(i6 %data_26_V_read_4, i5 0)" [firmware/nnet_utils/nnet_mult.h:73->firmware/nnet_utils/nnet_dense_latency.h:42]   --->   Operation 118 'bitconcatenate' 'shl_ln1118_22' <Predicate = true> <Delay = 0.00>
ST_1 : Operation 119 [1/1] (0.00ns)   --->   "%zext_ln1118_25 = zext i11 %shl_ln1118_22 to i12" [firmware/nnet_utils/nnet_mult.h:73->firmware/nnet_utils/nnet_dense_latency.h:42]   --->   Operation 119 'zext' 'zext_ln1118_25' <Predicate = true> <Delay = 0.00>
ST_1 : Operation 120 [1/1] (1.63ns)   --->   "%sub_ln1118_33 = sub i12 0, %zext_ln1118_25" [firmware/nnet_utils/nnet_mult.h:73->firmware/nnet_utils/nnet_dense_latency.h:42]   --->   Operation 120 'sub' 'sub_ln1118_33' <Predicate = true> <Delay = 1.63> <Core = "AddSub">   --->   Core 14 'AddSub' <Latency = 0> <II = 1> <Delay = 1.67> <FuncUnit> <Opcode : 'add' 'sub'> <InPorts = 2> <OutPorts = 1>
ST_1 : Operation 121 [1/1] (0.00ns)   --->   "%zext_ln1116_23 = zext i6 %data_29_V_read31 to i12" [firmware/nnet_utils/nnet_mult.h:73->firmware/nnet_utils/nnet_dense_latency.h:42]   --->   Operation 121 'zext' 'zext_ln1116_23' <Predicate = true> <Delay = 0.00>
ST_1 : Operation 122 [1/1] (3.78ns)   --->   "%mul_ln1118 = mul i12 %zext_ln1116_23, -19" [firmware/nnet_utils/nnet_mult.h:73->firmware/nnet_utils/nnet_dense_latency.h:42]   --->   Operation 122 'mul' 'mul_ln1118' <Predicate = true> <Delay = 3.78> <Core = "Mul">   --->   Core 16 'Mul' <Latency = 0> <II = 1> <Delay = 3.78> <FuncUnit> <Opcode : 'mul'> <InPorts = 2> <OutPorts = 1>
ST_1 : Operation 123 [1/1] (0.00ns)   --->   "%tmp_3 = call i11 @_ssdm_op_BitConcatenate.i11.i6.i5(i6 %data_29_V_read31, i5 0)" [firmware/nnet_utils/nnet_mult.h:73->firmware/nnet_utils/nnet_dense_latency.h:42]   --->   Operation 123 'bitconcatenate' 'tmp_3' <Predicate = true> <Delay = 0.00>
ST_1 : Operation 124 [1/1] (0.00ns)   --->   "%zext_ln1118_26 = zext i11 %tmp_3 to i12" [firmware/nnet_utils/nnet_mult.h:73->firmware/nnet_utils/nnet_dense_latency.h:42]   --->   Operation 124 'zext' 'zext_ln1118_26' <Predicate = true> <Delay = 0.00>
ST_1 : Operation 125 [1/1] (1.63ns)   --->   "%sub_ln1118_34 = sub i12 %zext_ln1116_23, %zext_ln1118_26" [firmware/nnet_utils/nnet_mult.h:73->firmware/nnet_utils/nnet_dense_latency.h:42]   --->   Operation 125 'sub' 'sub_ln1118_34' <Predicate = true> <Delay = 1.63> <Core = "AddSub">   --->   Core 14 'AddSub' <Latency = 0> <II = 1> <Delay = 1.67> <FuncUnit> <Opcode : 'add' 'sub'> <InPorts = 2> <OutPorts = 1>
ST_1 : Operation 126 [1/1] (1.63ns)   --->   "%sub_ln1118_35 = sub i12 %zext_ln1118_26, %zext_ln1116_23" [firmware/nnet_utils/nnet_mult.h:73->firmware/nnet_utils/nnet_dense_latency.h:42]   --->   Operation 126 'sub' 'sub_ln1118_35' <Predicate = true> <Delay = 1.63> <Core = "AddSub">   --->   Core 14 'AddSub' <Latency = 0> <II = 1> <Delay = 1.67> <FuncUnit> <Opcode : 'add' 'sub'> <InPorts = 2> <OutPorts = 1>
ST_1 : Operation 127 [1/1] (0.00ns)   --->   "%shl_ln1118_24 = call i11 @_ssdm_op_BitConcatenate.i11.i6.i5(i6 %data_31_V_read_3, i5 0)" [firmware/nnet_utils/nnet_mult.h:73->firmware/nnet_utils/nnet_dense_latency.h:42]   --->   Operation 127 'bitconcatenate' 'shl_ln1118_24' <Predicate = true> <Delay = 0.00>
ST_1 : Operation 128 [1/1] (0.00ns)   --->   "%zext_ln1118_28 = zext i11 %shl_ln1118_24 to i12" [firmware/nnet_utils/nnet_mult.h:73->firmware/nnet_utils/nnet_dense_latency.h:42]   --->   Operation 128 'zext' 'zext_ln1118_28' <Predicate = true> <Delay = 0.00>
ST_1 : Operation 129 [1/1] (1.63ns)   --->   "%sub_ln1118_37 = sub i12 0, %zext_ln1118_28" [firmware/nnet_utils/nnet_mult.h:73->firmware/nnet_utils/nnet_dense_latency.h:42]   --->   Operation 129 'sub' 'sub_ln1118_37' <Predicate = true> <Delay = 1.63> <Core = "AddSub">   --->   Core 14 'AddSub' <Latency = 0> <II = 1> <Delay = 1.67> <FuncUnit> <Opcode : 'add' 'sub'> <InPorts = 2> <OutPorts = 1>
ST_1 : Operation 130 [1/1] (0.00ns)   --->   "%sext_ln703 = sext i12 %sub_ln1118_37 to i13" [firmware/nnet_utils/nnet_dense_latency.h:58]   --->   Operation 130 'sext' 'sext_ln703' <Predicate = true> <Delay = 0.00>
ST_1 : Operation 131 [1/1] (1.54ns)   --->   "%add_ln703_5 = add i13 %zext_ln1118_16, %zext_ln203_7" [firmware/nnet_utils/nnet_dense_latency.h:58]   --->   Operation 131 'add' 'add_ln703_5' <Predicate = true> <Delay = 1.54> <Core = "AddSub">   --->   Core 14 'AddSub' <Latency = 0> <II = 1> <Delay = 1.67> <FuncUnit> <Opcode : 'add' 'sub'> <InPorts = 2> <OutPorts = 1>
ST_1 : Operation 132 [1/1] (1.54ns)   --->   "%add_ln703_9 = add i13 %sext_ln1116_7, %sext_ln203_5" [firmware/nnet_utils/nnet_dense_latency.h:58]   --->   Operation 132 'add' 'add_ln703_9' <Predicate = true> <Delay = 1.54> <Core = "AddSub">   --->   Core 14 'AddSub' <Latency = 0> <II = 1> <Delay = 1.67> <FuncUnit> <Opcode : 'add' 'sub'> <InPorts = 2> <OutPorts = 1>
ST_1 : Operation 133 [1/1] (1.54ns)   --->   "%add_ln703_14 = add i13 %sext_ln1116_3, %sext_ln203_1" [firmware/nnet_utils/nnet_dense_latency.h:58]   --->   Operation 133 'add' 'add_ln703_14' <Predicate = true> <Delay = 1.54> <Core = "AddSub">   --->   Core 14 'AddSub' <Latency = 0> <II = 1> <Delay = 1.67> <FuncUnit> <Opcode : 'add' 'sub'> <InPorts = 2> <OutPorts = 1>
ST_1 : Operation 134 [1/1] (1.54ns)   --->   "%add_ln703_22 = add i13 %sext_ln1116_2, %sext_ln1116" [firmware/nnet_utils/nnet_dense_latency.h:58]   --->   Operation 134 'add' 'add_ln703_22' <Predicate = true> <Delay = 1.54> <Core = "AddSub">   --->   Core 14 'AddSub' <Latency = 0> <II = 1> <Delay = 1.67> <FuncUnit> <Opcode : 'add' 'sub'> <InPorts = 2> <OutPorts = 1>
ST_1 : Operation 135 [1/1] (1.54ns)   --->   "%add_ln703_24 = add i13 %sext_ln1116_6, %sext_ln1118_5" [firmware/nnet_utils/nnet_dense_latency.h:58]   --->   Operation 135 'add' 'add_ln703_24' <Predicate = true> <Delay = 1.54> <Core = "AddSub">   --->   Core 14 'AddSub' <Latency = 0> <II = 1> <Delay = 1.67> <FuncUnit> <Opcode : 'add' 'sub'> <InPorts = 2> <OutPorts = 1>
ST_1 : Operation 136 [1/1] (1.54ns)   --->   "%add_ln703_27 = add i13 %zext_ln203_4, %zext_ln203" [firmware/nnet_utils/nnet_dense_latency.h:58]   --->   Operation 136 'add' 'add_ln703_27' <Predicate = true> <Delay = 1.54> <Core = "AddSub">   --->   Core 14 'AddSub' <Latency = 0> <II = 1> <Delay = 1.67> <FuncUnit> <Opcode : 'add' 'sub'> <InPorts = 2> <OutPorts = 1>
ST_1 : Operation 137 [1/1] (1.54ns)   --->   "%add_ln703_33 = add i13 %sext_ln203_6, %sext_ln203_3" [firmware/nnet_utils/nnet_dense_latency.h:58]   --->   Operation 137 'add' 'add_ln703_33' <Predicate = true> <Delay = 1.54> <Core = "AddSub">   --->   Core 14 'AddSub' <Latency = 0> <II = 1> <Delay = 1.67> <FuncUnit> <Opcode : 'add' 'sub'> <InPorts = 2> <OutPorts = 1>
ST_1 : Operation 138 [1/1] (1.54ns)   --->   "%add_ln703_34 = add i13 %sext_ln703, %sext_ln1116_5" [firmware/nnet_utils/nnet_dense_latency.h:58]   --->   Operation 138 'add' 'add_ln703_34' <Predicate = true> <Delay = 1.54> <Core = "AddSub">   --->   Core 14 'AddSub' <Latency = 0> <II = 1> <Delay = 1.67> <FuncUnit> <Opcode : 'add' 'sub'> <InPorts = 2> <OutPorts = 1>
ST_1 : Operation 139 [1/1] (1.54ns)   --->   "%add_ln703_37 = add i13 %zext_ln1116_13, %zext_ln203_5" [firmware/nnet_utils/nnet_dense_latency.h:58]   --->   Operation 139 'add' 'add_ln703_37' <Predicate = true> <Delay = 1.54> <Core = "AddSub">   --->   Core 14 'AddSub' <Latency = 0> <II = 1> <Delay = 1.67> <FuncUnit> <Opcode : 'add' 'sub'> <InPorts = 2> <OutPorts = 1>

State 2 <SV = 1> <Delay = 3.49>
ST_2 : Operation 140 [1/1] (0.00ns)   --->   "%sext_ln203 = sext i12 %sub_ln1118 to i14" [firmware/nnet_utils/nnet_dense_latency.h:42]   --->   Operation 140 'sext' 'sext_ln203' <Predicate = true> <Delay = 0.00>
ST_2 : Operation 141 [1/1] (1.63ns)   --->   "%sub_ln1118_2 = sub i12 0, %zext_ln1118_2" [firmware/nnet_utils/nnet_mult.h:73->firmware/nnet_utils/nnet_dense_latency.h:42]   --->   Operation 141 'sub' 'sub_ln1118_2' <Predicate = true> <Delay = 1.63> <Core = "AddSub">   --->   Core 14 'AddSub' <Latency = 0> <II = 1> <Delay = 1.67> <FuncUnit> <Opcode : 'add' 'sub'> <InPorts = 2> <OutPorts = 1>
ST_2 : Operation 142 [1/1] (0.00ns)   --->   "%sext_ln203_2 = sext i12 %sub_ln1118_2 to i14" [firmware/nnet_utils/nnet_dense_latency.h:42]   --->   Operation 142 'sext' 'sext_ln203_2' <Predicate = true> <Delay = 0.00>
ST_2 : Operation 143 [1/1] (0.00ns)   --->   "%zext_ln1116_1 = zext i6 %data_4_V_read_5 to i12" [firmware/nnet_utils/nnet_mult.h:73->firmware/nnet_utils/nnet_dense_latency.h:42]   --->   Operation 143 'zext' 'zext_ln1116_1' <Predicate = true> <Delay = 0.00>
ST_2 : Operation 144 [1/1] (0.00ns)   --->   "%shl_ln1118_2 = call i11 @_ssdm_op_BitConcatenate.i11.i6.i5(i6 %data_4_V_read_5, i5 0)" [firmware/nnet_utils/nnet_mult.h:73->firmware/nnet_utils/nnet_dense_latency.h:42]   --->   Operation 144 'bitconcatenate' 'shl_ln1118_2' <Predicate = true> <Delay = 0.00>
ST_2 : Operation 145 [1/1] (0.00ns)   --->   "%zext_ln1118_3 = zext i11 %shl_ln1118_2 to i12" [firmware/nnet_utils/nnet_mult.h:73->firmware/nnet_utils/nnet_dense_latency.h:42]   --->   Operation 145 'zext' 'zext_ln1118_3' <Predicate = true> <Delay = 0.00>
ST_2 : Operation 146 [1/1] (1.63ns)   --->   "%sub_ln1118_5 = sub i12 0, %zext_ln1118_3" [firmware/nnet_utils/nnet_mult.h:73->firmware/nnet_utils/nnet_dense_latency.h:42]   --->   Operation 146 'sub' 'sub_ln1118_5' <Predicate = true> <Delay = 1.63> <Core = "AddSub">   --->   Core 14 'AddSub' <Latency = 0> <II = 1> <Delay = 1.67> <FuncUnit> <Opcode : 'add' 'sub'> <InPorts = 2> <OutPorts = 1>
ST_2 : Operation 147 [1/1] (0.00ns)   --->   "%sext_ln203_4 = sext i12 %sub_ln1118_5 to i14" [firmware/nnet_utils/nnet_dense_latency.h:42]   --->   Operation 147 'sext' 'sext_ln203_4' <Predicate = true> <Delay = 0.00>
ST_2 : Operation 148 [1/1] (1.63ns)   --->   "%sub_ln1118_6 = sub i12 %zext_ln1118_3, %zext_ln1116_1" [firmware/nnet_utils/nnet_mult.h:73->firmware/nnet_utils/nnet_dense_latency.h:42]   --->   Operation 148 'sub' 'sub_ln1118_6' <Predicate = true> <Delay = 1.63> <Core = "AddSub">   --->   Core 14 'AddSub' <Latency = 0> <II = 1> <Delay = 1.67> <FuncUnit> <Opcode : 'add' 'sub'> <InPorts = 2> <OutPorts = 1>
ST_2 : Operation 149 [1/1] (0.00ns)   --->   "%zext_ln203_1 = zext i12 %sub_ln1118_6 to i13" [firmware/nnet_utils/nnet_dense_latency.h:42]   --->   Operation 149 'zext' 'zext_ln203_1' <Predicate = true> <Delay = 0.00>
ST_2 : Operation 150 [1/1] (0.00ns)   --->   "%zext_ln203_2 = zext i12 %sub_ln1118_8 to i13" [firmware/nnet_utils/nnet_dense_latency.h:42]   --->   Operation 150 'zext' 'zext_ln203_2' <Predicate = true> <Delay = 0.00>
ST_2 : Operation 151 [1/1] (0.00ns)   --->   "%zext_ln1116_3 = zext i6 %data_6_V_read12 to i12" [firmware/nnet_utils/nnet_mult.h:73->firmware/nnet_utils/nnet_dense_latency.h:42]   --->   Operation 151 'zext' 'zext_ln1116_3' <Predicate = true> <Delay = 0.00>
ST_2 : Operation 152 [1/1] (0.00ns)   --->   "%shl_ln1118_4 = call i11 @_ssdm_op_BitConcatenate.i11.i6.i5(i6 %data_6_V_read12, i5 0)" [firmware/nnet_utils/nnet_mult.h:73->firmware/nnet_utils/nnet_dense_latency.h:42]   --->   Operation 152 'bitconcatenate' 'shl_ln1118_4' <Predicate = true> <Delay = 0.00>
ST_2 : Operation 153 [1/1] (0.00ns)   --->   "%zext_ln1118_5 = zext i11 %shl_ln1118_4 to i12" [firmware/nnet_utils/nnet_mult.h:73->firmware/nnet_utils/nnet_dense_latency.h:42]   --->   Operation 153 'zext' 'zext_ln1118_5' <Predicate = true> <Delay = 0.00>
ST_2 : Operation 154 [1/1] (1.63ns)   --->   "%sub_ln1118_9 = sub i12 %zext_ln1118_5, %zext_ln1116_3" [firmware/nnet_utils/nnet_mult.h:73->firmware/nnet_utils/nnet_dense_latency.h:42]   --->   Operation 154 'sub' 'sub_ln1118_9' <Predicate = true> <Delay = 1.63> <Core = "AddSub">   --->   Core 14 'AddSub' <Latency = 0> <II = 1> <Delay = 1.67> <FuncUnit> <Opcode : 'add' 'sub'> <InPorts = 2> <OutPorts = 1>
ST_2 : Operation 155 [1/1] (0.00ns)   --->   "%zext_ln203_3 = zext i12 %sub_ln1118_9 to i14" [firmware/nnet_utils/nnet_dense_latency.h:42]   --->   Operation 155 'zext' 'zext_ln203_3' <Predicate = true> <Delay = 0.00>
ST_2 : Operation 156 [1/1] (0.00ns)   --->   "%sext_ln1116_1 = sext i12 %sub_ln1118_16 to i14" [firmware/nnet_utils/nnet_mult.h:73->firmware/nnet_utils/nnet_dense_latency.h:42]   --->   Operation 156 'sext' 'sext_ln1116_1' <Predicate = true> <Delay = 0.00>
ST_2 : Operation 157 [1/1] (0.00ns)   --->   "%zext_ln1116_8 = zext i6 %data_15_V_read_4 to i12" [firmware/nnet_utils/nnet_mult.h:73->firmware/nnet_utils/nnet_dense_latency.h:42]   --->   Operation 157 'zext' 'zext_ln1116_8' <Predicate = true> <Delay = 0.00>
ST_2 : Operation 158 [1/1] (0.00ns)   --->   "%shl_ln1118_12 = call i11 @_ssdm_op_BitConcatenate.i11.i6.i5(i6 %data_15_V_read_4, i5 0)" [firmware/nnet_utils/nnet_mult.h:73->firmware/nnet_utils/nnet_dense_latency.h:42]   --->   Operation 158 'bitconcatenate' 'shl_ln1118_12' <Predicate = true> <Delay = 0.00>
ST_2 : Operation 159 [1/1] (0.00ns)   --->   "%zext_ln1118_13 = zext i11 %shl_ln1118_12 to i12" [firmware/nnet_utils/nnet_mult.h:73->firmware/nnet_utils/nnet_dense_latency.h:42]   --->   Operation 159 'zext' 'zext_ln1118_13' <Predicate = true> <Delay = 0.00>
ST_2 : Operation 160 [1/1] (1.63ns)   --->   "%sub_ln1118_19 = sub i12 %zext_ln1118_13, %zext_ln1116_8" [firmware/nnet_utils/nnet_mult.h:73->firmware/nnet_utils/nnet_dense_latency.h:42]   --->   Operation 160 'sub' 'sub_ln1118_19' <Predicate = true> <Delay = 1.63> <Core = "AddSub">   --->   Core 14 'AddSub' <Latency = 0> <II = 1> <Delay = 1.67> <FuncUnit> <Opcode : 'add' 'sub'> <InPorts = 2> <OutPorts = 1>
ST_2 : Operation 161 [1/1] (0.00ns)   --->   "%zext_ln1116_9 = zext i12 %sub_ln1118_19 to i14" [firmware/nnet_utils/nnet_mult.h:73->firmware/nnet_utils/nnet_dense_latency.h:42]   --->   Operation 161 'zext' 'zext_ln1116_9' <Predicate = true> <Delay = 0.00>
ST_2 : Operation 162 [1/1] (0.00ns)   --->   "%sext_ln1118 = sext i12 %sub_ln1118_20 to i13" [firmware/nnet_utils/nnet_mult.h:73->firmware/nnet_utils/nnet_dense_latency.h:42]   --->   Operation 162 'sext' 'sext_ln1118' <Predicate = true> <Delay = 0.00>
ST_2 : Operation 163 [1/1] (0.00ns)   --->   "%sext_ln1116_4 = sext i12 %sub_ln1118_21 to i14" [firmware/nnet_utils/nnet_mult.h:73->firmware/nnet_utils/nnet_dense_latency.h:42]   --->   Operation 163 'sext' 'sext_ln1116_4' <Predicate = true> <Delay = 0.00>
ST_2 : Operation 164 [1/1] (0.00ns)   --->   "%zext_ln1116_14 = zext i6 %data_19_V_read_4 to i12" [firmware/nnet_utils/nnet_mult.h:73->firmware/nnet_utils/nnet_dense_latency.h:42]   --->   Operation 164 'zext' 'zext_ln1116_14' <Predicate = true> <Delay = 0.00>
ST_2 : Operation 165 [1/1] (0.00ns)   --->   "%shl_ln1118_16 = call i11 @_ssdm_op_BitConcatenate.i11.i6.i5(i6 %data_19_V_read_4, i5 0)" [firmware/nnet_utils/nnet_mult.h:73->firmware/nnet_utils/nnet_dense_latency.h:42]   --->   Operation 165 'bitconcatenate' 'shl_ln1118_16' <Predicate = true> <Delay = 0.00>
ST_2 : Operation 166 [1/1] (0.00ns)   --->   "%zext_ln1118_18 = zext i11 %shl_ln1118_16 to i12" [firmware/nnet_utils/nnet_mult.h:73->firmware/nnet_utils/nnet_dense_latency.h:42]   --->   Operation 166 'zext' 'zext_ln1118_18' <Predicate = true> <Delay = 0.00>
ST_2 : Operation 167 [1/1] (1.63ns)   --->   "%sub_ln1118_26 = sub i12 %zext_ln1118_18, %zext_ln1116_14" [firmware/nnet_utils/nnet_mult.h:73->firmware/nnet_utils/nnet_dense_latency.h:42]   --->   Operation 167 'sub' 'sub_ln1118_26' <Predicate = true> <Delay = 1.63> <Core = "AddSub">   --->   Core 14 'AddSub' <Latency = 0> <II = 1> <Delay = 1.67> <FuncUnit> <Opcode : 'add' 'sub'> <InPorts = 2> <OutPorts = 1>
ST_2 : Operation 168 [1/1] (0.00ns)   --->   "%zext_ln1116_15 = zext i12 %sub_ln1118_26 to i14" [firmware/nnet_utils/nnet_mult.h:73->firmware/nnet_utils/nnet_dense_latency.h:42]   --->   Operation 168 'zext' 'zext_ln1116_15' <Predicate = true> <Delay = 0.00>
ST_2 : Operation 169 [1/1] (0.00ns)   --->   "%zext_ln1116_16 = zext i6 %data_20_V_read_4 to i12" [firmware/nnet_utils/nnet_mult.h:73->firmware/nnet_utils/nnet_dense_latency.h:42]   --->   Operation 169 'zext' 'zext_ln1116_16' <Predicate = true> <Delay = 0.00>
ST_2 : Operation 170 [1/1] (0.00ns)   --->   "%shl_ln1118_17 = call i11 @_ssdm_op_BitConcatenate.i11.i6.i5(i6 %data_20_V_read_4, i5 0)" [firmware/nnet_utils/nnet_mult.h:73->firmware/nnet_utils/nnet_dense_latency.h:42]   --->   Operation 170 'bitconcatenate' 'shl_ln1118_17' <Predicate = true> <Delay = 0.00>
ST_2 : Operation 171 [1/1] (0.00ns)   --->   "%zext_ln1118_19 = zext i11 %shl_ln1118_17 to i12" [firmware/nnet_utils/nnet_mult.h:73->firmware/nnet_utils/nnet_dense_latency.h:42]   --->   Operation 171 'zext' 'zext_ln1118_19' <Predicate = true> <Delay = 0.00>
ST_2 : Operation 172 [1/1] (1.63ns)   --->   "%sub_ln1118_27 = sub i12 %zext_ln1118_19, %zext_ln1116_16" [firmware/nnet_utils/nnet_mult.h:73->firmware/nnet_utils/nnet_dense_latency.h:42]   --->   Operation 172 'sub' 'sub_ln1118_27' <Predicate = true> <Delay = 1.63> <Core = "AddSub">   --->   Core 14 'AddSub' <Latency = 0> <II = 1> <Delay = 1.67> <FuncUnit> <Opcode : 'add' 'sub'> <InPorts = 2> <OutPorts = 1>
ST_2 : Operation 173 [1/1] (0.00ns)   --->   "%zext_ln1116_17 = zext i12 %sub_ln1118_27 to i13" [firmware/nnet_utils/nnet_mult.h:73->firmware/nnet_utils/nnet_dense_latency.h:42]   --->   Operation 173 'zext' 'zext_ln1116_17' <Predicate = true> <Delay = 0.00>
ST_2 : Operation 174 [1/1] (0.00ns)   --->   "%zext_ln1118_21 = zext i12 %sub_ln1118_28 to i13" [firmware/nnet_utils/nnet_mult.h:73->firmware/nnet_utils/nnet_dense_latency.h:42]   --->   Operation 174 'zext' 'zext_ln1118_21' <Predicate = true> <Delay = 0.00>
ST_2 : Operation 175 [1/1] (0.00ns)   --->   "%zext_ln1116_20 = zext i12 %sub_ln1118_31 to i13" [firmware/nnet_utils/nnet_mult.h:73->firmware/nnet_utils/nnet_dense_latency.h:42]   --->   Operation 175 'zext' 'zext_ln1116_20' <Predicate = true> <Delay = 0.00>
ST_2 : Operation 176 [1/1] (0.00ns)   --->   "%zext_ln1116_21 = zext i6 %data_25_V_read_4 to i12" [firmware/nnet_utils/nnet_mult.h:73->firmware/nnet_utils/nnet_dense_latency.h:42]   --->   Operation 176 'zext' 'zext_ln1116_21' <Predicate = true> <Delay = 0.00>
ST_2 : Operation 177 [1/1] (0.00ns)   --->   "%shl_ln1118_21 = call i11 @_ssdm_op_BitConcatenate.i11.i6.i5(i6 %data_25_V_read_4, i5 0)" [firmware/nnet_utils/nnet_mult.h:73->firmware/nnet_utils/nnet_dense_latency.h:42]   --->   Operation 177 'bitconcatenate' 'shl_ln1118_21' <Predicate = true> <Delay = 0.00>
ST_2 : Operation 178 [1/1] (0.00ns)   --->   "%zext_ln1118_24 = zext i11 %shl_ln1118_21 to i12" [firmware/nnet_utils/nnet_mult.h:73->firmware/nnet_utils/nnet_dense_latency.h:42]   --->   Operation 178 'zext' 'zext_ln1118_24' <Predicate = true> <Delay = 0.00>
ST_2 : Operation 179 [1/1] (1.63ns)   --->   "%sub_ln1118_32 = sub i12 %zext_ln1118_24, %zext_ln1116_21" [firmware/nnet_utils/nnet_mult.h:73->firmware/nnet_utils/nnet_dense_latency.h:42]   --->   Operation 179 'sub' 'sub_ln1118_32' <Predicate = true> <Delay = 1.63> <Core = "AddSub">   --->   Core 14 'AddSub' <Latency = 0> <II = 1> <Delay = 1.67> <FuncUnit> <Opcode : 'add' 'sub'> <InPorts = 2> <OutPorts = 1>
ST_2 : Operation 180 [1/1] (0.00ns)   --->   "%zext_ln1116_22 = zext i12 %sub_ln1118_32 to i14" [firmware/nnet_utils/nnet_mult.h:73->firmware/nnet_utils/nnet_dense_latency.h:42]   --->   Operation 180 'zext' 'zext_ln1116_22' <Predicate = true> <Delay = 0.00>
ST_2 : Operation 181 [1/1] (0.00ns)   --->   "%sext_ln1116_8 = sext i12 %sub_ln1118_33 to i13" [firmware/nnet_utils/nnet_mult.h:73->firmware/nnet_utils/nnet_dense_latency.h:42]   --->   Operation 181 'sext' 'sext_ln1116_8' <Predicate = true> <Delay = 0.00>
ST_2 : Operation 182 [1/1] (0.00ns)   --->   "%sext_ln1118_6 = sext i12 %mul_ln1118 to i13" [firmware/nnet_utils/nnet_mult.h:73->firmware/nnet_utils/nnet_dense_latency.h:42]   --->   Operation 182 'sext' 'sext_ln1118_6' <Predicate = true> <Delay = 0.00>
ST_2 : Operation 183 [1/1] (0.00ns)   --->   "%sext_ln1118_7 = sext i12 %sub_ln1118_34 to i14" [firmware/nnet_utils/nnet_mult.h:73->firmware/nnet_utils/nnet_dense_latency.h:42]   --->   Operation 183 'sext' 'sext_ln1118_7' <Predicate = true> <Delay = 0.00>
ST_2 : Operation 184 [1/1] (0.00ns)   --->   "%zext_ln1116_24 = zext i12 %sub_ln1118_35 to i13" [firmware/nnet_utils/nnet_mult.h:73->firmware/nnet_utils/nnet_dense_latency.h:42]   --->   Operation 184 'zext' 'zext_ln1116_24' <Predicate = true> <Delay = 0.00>
ST_2 : Operation 185 [1/1] (0.00ns)   --->   "%zext_ln1116_25 = zext i6 %data_30_V_read32 to i12" [firmware/nnet_utils/nnet_mult.h:73->firmware/nnet_utils/nnet_dense_latency.h:42]   --->   Operation 185 'zext' 'zext_ln1116_25' <Predicate = true> <Delay = 0.00>
ST_2 : Operation 186 [1/1] (0.00ns)   --->   "%shl_ln1118_23 = call i11 @_ssdm_op_BitConcatenate.i11.i6.i5(i6 %data_30_V_read32, i5 0)" [firmware/nnet_utils/nnet_mult.h:73->firmware/nnet_utils/nnet_dense_latency.h:42]   --->   Operation 186 'bitconcatenate' 'shl_ln1118_23' <Predicate = true> <Delay = 0.00>
ST_2 : Operation 187 [1/1] (0.00ns)   --->   "%zext_ln1118_27 = zext i11 %shl_ln1118_23 to i12" [firmware/nnet_utils/nnet_mult.h:73->firmware/nnet_utils/nnet_dense_latency.h:42]   --->   Operation 187 'zext' 'zext_ln1118_27' <Predicate = true> <Delay = 0.00>
ST_2 : Operation 188 [1/1] (1.63ns)   --->   "%sub_ln1118_36 = sub i12 %zext_ln1118_27, %zext_ln1116_25" [firmware/nnet_utils/nnet_mult.h:73->firmware/nnet_utils/nnet_dense_latency.h:42]   --->   Operation 188 'sub' 'sub_ln1118_36' <Predicate = true> <Delay = 1.63> <Core = "AddSub">   --->   Core 14 'AddSub' <Latency = 0> <II = 1> <Delay = 1.67> <FuncUnit> <Opcode : 'add' 'sub'> <InPorts = 2> <OutPorts = 1>
ST_2 : Operation 189 [1/1] (0.00ns)   --->   "%zext_ln1116_26 = zext i12 %sub_ln1118_36 to i13" [firmware/nnet_utils/nnet_mult.h:73->firmware/nnet_utils/nnet_dense_latency.h:42]   --->   Operation 189 'zext' 'zext_ln1116_26' <Predicate = true> <Delay = 0.00>
ST_2 : Operation 190 [1/1] (1.54ns)   --->   "%add_ln703 = add i13 %sext_ln1116_8, %sext_ln1118" [firmware/nnet_utils/nnet_dense_latency.h:58]   --->   Operation 190 'add' 'add_ln703' <Predicate = true> <Delay = 1.54> <Core = "AddSub">   --->   Core 14 'AddSub' <Latency = 0> <II = 1> <Delay = 1.67> <FuncUnit> <Opcode : 'add' 'sub'> <InPorts = 2> <OutPorts = 1>
ST_2 : Operation 191 [1/1] (0.00ns)   --->   "%sext_ln703_6 = sext i13 %add_ln703 to i14" [firmware/nnet_utils/nnet_dense_latency.h:58]   --->   Operation 191 'sext' 'sext_ln703_6' <Predicate = true> <Delay = 0.00>
ST_2 : Operation 192 [1/1] (1.67ns)   --->   "%add_ln703_4 = add i14 %sext_ln203_2, %sext_ln703_6" [firmware/nnet_utils/nnet_dense_latency.h:58]   --->   Operation 192 'add' 'add_ln703_4' <Predicate = true> <Delay = 1.67> <Core = "AddSub">   --->   Core 14 'AddSub' <Latency = 0> <II = 1> <Delay = 1.67> <FuncUnit> <Opcode : 'add' 'sub'> <InPorts = 2> <OutPorts = 1>
ST_2 : Operation 193 [1/1] (1.54ns)   --->   "%add_ln703_6 = add i13 %zext_ln1116_26, -256" [firmware/nnet_utils/nnet_dense_latency.h:58]   --->   Operation 193 'add' 'add_ln703_6' <Predicate = true> <Delay = 1.54> <Core = "AddSub">   --->   Core 14 'AddSub' <Latency = 0> <II = 1> <Delay = 1.67> <FuncUnit> <Opcode : 'add' 'sub'> <InPorts = 2> <OutPorts = 1>
ST_2 : Operation 194 [1/1] (0.00ns)   --->   "%sext_ln703_10 = sext i13 %add_ln703_9 to i14" [firmware/nnet_utils/nnet_dense_latency.h:58]   --->   Operation 194 'sext' 'sext_ln703_10' <Predicate = true> <Delay = 0.00>
ST_2 : Operation 195 [1/1] (1.67ns)   --->   "%add_ln703_10 = add i14 %sext_ln203_4, %sext_ln703_10" [firmware/nnet_utils/nnet_dense_latency.h:58]   --->   Operation 195 'add' 'add_ln703_10' <Predicate = true> <Delay = 1.67> <Core = "AddSub">   --->   Core 14 'AddSub' <Latency = 0> <II = 1> <Delay = 1.67> <FuncUnit> <Opcode : 'add' 'sub'> <InPorts = 2> <OutPorts = 1>
ST_2 : Operation 196 [1/1] (1.54ns)   --->   "%add_ln703_11 = add i13 %zext_ln1116_17, -256" [firmware/nnet_utils/nnet_dense_latency.h:58]   --->   Operation 196 'add' 'add_ln703_11' <Predicate = true> <Delay = 1.54> <Core = "AddSub">   --->   Core 14 'AddSub' <Latency = 0> <II = 1> <Delay = 1.67> <FuncUnit> <Opcode : 'add' 'sub'> <InPorts = 2> <OutPorts = 1>
ST_2 : Operation 197 [1/1] (0.00ns)   --->   "%sext_ln703_13 = sext i13 %add_ln703_14 to i14" [firmware/nnet_utils/nnet_dense_latency.h:58]   --->   Operation 197 'sext' 'sext_ln703_13' <Predicate = true> <Delay = 0.00>
ST_2 : Operation 198 [1/1] (1.54ns)   --->   "%add_ln703_15 = add i13 %sext_ln1118_6, %sext_ln1116_8" [firmware/nnet_utils/nnet_dense_latency.h:58]   --->   Operation 198 'add' 'add_ln703_15' <Predicate = true> <Delay = 1.54> <Core = "AddSub">   --->   Core 14 'AddSub' <Latency = 0> <II = 1> <Delay = 1.67> <FuncUnit> <Opcode : 'add' 'sub'> <InPorts = 2> <OutPorts = 1>
ST_2 : Operation 199 [1/1] (0.00ns)   --->   "%sext_ln703_14 = sext i13 %add_ln703_15 to i14" [firmware/nnet_utils/nnet_dense_latency.h:58]   --->   Operation 199 'sext' 'sext_ln703_14' <Predicate = true> <Delay = 0.00>
ST_2 : Operation 200 [1/1] (1.67ns)   --->   "%add_ln703_16 = add i14 %sext_ln703_13, %sext_ln703_14" [firmware/nnet_utils/nnet_dense_latency.h:58]   --->   Operation 200 'add' 'add_ln703_16' <Predicate = true> <Delay = 1.67> <Core = "AddSub">   --->   Core 14 'AddSub' <Latency = 0> <II = 1> <Delay = 1.67> <FuncUnit> <Opcode : 'add' 'sub'> <InPorts = 2> <OutPorts = 1>
ST_2 : Operation 201 [1/1] (1.54ns)   --->   "%add_ln703_17 = add i13 %zext_ln203_2, %zext_ln203_1" [firmware/nnet_utils/nnet_dense_latency.h:58]   --->   Operation 201 'add' 'add_ln703_17' <Predicate = true> <Delay = 1.54> <Core = "AddSub">   --->   Core 14 'AddSub' <Latency = 0> <II = 1> <Delay = 1.67> <FuncUnit> <Opcode : 'add' 'sub'> <InPorts = 2> <OutPorts = 1>
ST_2 : Operation 202 [1/1] (1.54ns)   --->   "%add_ln703_18 = add i13 %zext_ln1118_21, -576" [firmware/nnet_utils/nnet_dense_latency.h:58]   --->   Operation 202 'add' 'add_ln703_18' <Predicate = true> <Delay = 1.54> <Core = "AddSub">   --->   Core 14 'AddSub' <Latency = 0> <II = 1> <Delay = 1.67> <FuncUnit> <Opcode : 'add' 'sub'> <InPorts = 2> <OutPorts = 1>
ST_2 : Operation 203 [1/1] (0.00ns)   --->   "%sext_ln703_16 = sext i13 %add_ln703_18 to i14" [firmware/nnet_utils/nnet_dense_latency.h:58]   --->   Operation 203 'sext' 'sext_ln703_16' <Predicate = true> <Delay = 0.00>
ST_2 : Operation 204 [1/1] (1.67ns)   --->   "%add_ln703_19 = add i14 %zext_ln1116_9, %sext_ln703_16" [firmware/nnet_utils/nnet_dense_latency.h:58]   --->   Operation 204 'add' 'add_ln703_19' <Predicate = true> <Delay = 1.67> <Core = "AddSub">   --->   Core 14 'AddSub' <Latency = 0> <II = 1> <Delay = 1.67> <FuncUnit> <Opcode : 'add' 'sub'> <InPorts = 2> <OutPorts = 1>
ST_2 : Operation 205 [1/1] (0.00ns)   --->   "%sext_ln703_19 = sext i13 %add_ln703_22 to i14" [firmware/nnet_utils/nnet_dense_latency.h:58]   --->   Operation 205 'sext' 'sext_ln703_19' <Predicate = true> <Delay = 0.00>
ST_2 : Operation 206 [1/1] (1.67ns)   --->   "%add_ln703_23 = add i14 %sext_ln203, %sext_ln703_19" [firmware/nnet_utils/nnet_dense_latency.h:58]   --->   Operation 206 'add' 'add_ln703_23' <Predicate = true> <Delay = 1.67> <Core = "AddSub">   --->   Core 14 'AddSub' <Latency = 0> <II = 1> <Delay = 1.67> <FuncUnit> <Opcode : 'add' 'sub'> <InPorts = 2> <OutPorts = 1>
ST_2 : Operation 207 [1/1] (0.00ns)   --->   "%sext_ln703_20 = sext i14 %add_ln703_23 to i15" [firmware/nnet_utils/nnet_dense_latency.h:58]   --->   Operation 207 'sext' 'sext_ln703_20' <Predicate = true> <Delay = 0.00>
ST_2 : Operation 208 [1/1] (0.00ns)   --->   "%sext_ln703_21 = sext i13 %add_ln703_24 to i14" [firmware/nnet_utils/nnet_dense_latency.h:58]   --->   Operation 208 'sext' 'sext_ln703_21' <Predicate = true> <Delay = 0.00>
ST_2 : Operation 209 [1/1] (1.67ns)   --->   "%add_ln703_25 = add i14 %sext_ln1116_4, %sext_ln703_21" [firmware/nnet_utils/nnet_dense_latency.h:58]   --->   Operation 209 'add' 'add_ln703_25' <Predicate = true> <Delay = 1.67> <Core = "AddSub">   --->   Core 14 'AddSub' <Latency = 0> <II = 1> <Delay = 1.67> <FuncUnit> <Opcode : 'add' 'sub'> <InPorts = 2> <OutPorts = 1>
ST_2 : Operation 210 [1/1] (0.00ns)   --->   "%sext_ln703_22 = sext i14 %add_ln703_25 to i15" [firmware/nnet_utils/nnet_dense_latency.h:58]   --->   Operation 210 'sext' 'sext_ln703_22' <Predicate = true> <Delay = 0.00>
ST_2 : Operation 211 [1/1] (1.81ns)   --->   "%add_ln703_26 = add i15 %sext_ln703_20, %sext_ln703_22" [firmware/nnet_utils/nnet_dense_latency.h:58]   --->   Operation 211 'add' 'add_ln703_26' <Predicate = true> <Delay = 1.81> <Core = "AddSub">   --->   Core 14 'AddSub' <Latency = 0> <II = 1> <Delay = 1.67> <FuncUnit> <Opcode : 'add' 'sub'> <InPorts = 2> <OutPorts = 1>
ST_2 : Operation 212 [1/1] (0.00ns)   --->   "%zext_ln703_2 = zext i13 %add_ln703_27 to i14" [firmware/nnet_utils/nnet_dense_latency.h:58]   --->   Operation 212 'zext' 'zext_ln703_2' <Predicate = true> <Delay = 0.00>
ST_2 : Operation 213 [1/1] (1.67ns)   --->   "%add_ln703_28 = add i14 %sext_ln1118_7, %zext_ln703_2" [firmware/nnet_utils/nnet_dense_latency.h:58]   --->   Operation 213 'add' 'add_ln703_28' <Predicate = true> <Delay = 1.67> <Core = "AddSub">   --->   Core 14 'AddSub' <Latency = 0> <II = 1> <Delay = 1.67> <FuncUnit> <Opcode : 'add' 'sub'> <InPorts = 2> <OutPorts = 1>
ST_2 : Operation 214 [1/1] (1.54ns)   --->   "%add_ln703_29 = add i13 %zext_ln1116_20, 1536" [firmware/nnet_utils/nnet_dense_latency.h:58]   --->   Operation 214 'add' 'add_ln703_29' <Predicate = true> <Delay = 1.54> <Core = "AddSub">   --->   Core 14 'AddSub' <Latency = 0> <II = 1> <Delay = 1.67> <FuncUnit> <Opcode : 'add' 'sub'> <InPorts = 2> <OutPorts = 1>
ST_2 : Operation 215 [1/1] (0.00ns)   --->   "%zext_ln703_3 = zext i13 %add_ln703_29 to i14" [firmware/nnet_utils/nnet_dense_latency.h:58]   --->   Operation 215 'zext' 'zext_ln703_3' <Predicate = true> <Delay = 0.00>
ST_2 : Operation 216 [1/1] (1.67ns)   --->   "%add_ln703_30 = add i14 %zext_ln1116_15, %zext_ln703_3" [firmware/nnet_utils/nnet_dense_latency.h:58]   --->   Operation 216 'add' 'add_ln703_30' <Predicate = true> <Delay = 1.67> <Core = "AddSub">   --->   Core 14 'AddSub' <Latency = 0> <II = 1> <Delay = 1.67> <FuncUnit> <Opcode : 'add' 'sub'> <InPorts = 2> <OutPorts = 1>
ST_2 : Operation 217 [1/1] (0.00ns)   --->   "%sext_ln703_26 = sext i13 %add_ln703_33 to i15" [firmware/nnet_utils/nnet_dense_latency.h:58]   --->   Operation 217 'sext' 'sext_ln703_26' <Predicate = true> <Delay = 0.00>
ST_2 : Operation 218 [1/1] (0.00ns)   --->   "%sext_ln703_27 = sext i13 %add_ln703_34 to i14" [firmware/nnet_utils/nnet_dense_latency.h:58]   --->   Operation 218 'sext' 'sext_ln703_27' <Predicate = true> <Delay = 0.00>
ST_2 : Operation 219 [1/1] (1.67ns)   --->   "%add_ln703_35 = add i14 %sext_ln1116_1, %sext_ln703_27" [firmware/nnet_utils/nnet_dense_latency.h:58]   --->   Operation 219 'add' 'add_ln703_35' <Predicate = true> <Delay = 1.67> <Core = "AddSub">   --->   Core 14 'AddSub' <Latency = 0> <II = 1> <Delay = 1.67> <FuncUnit> <Opcode : 'add' 'sub'> <InPorts = 2> <OutPorts = 1>
ST_2 : Operation 220 [1/1] (0.00ns)   --->   "%sext_ln703_28 = sext i14 %add_ln703_35 to i15" [firmware/nnet_utils/nnet_dense_latency.h:58]   --->   Operation 220 'sext' 'sext_ln703_28' <Predicate = true> <Delay = 0.00>
ST_2 : Operation 221 [1/1] (1.81ns)   --->   "%add_ln703_36 = add i15 %sext_ln703_26, %sext_ln703_28" [firmware/nnet_utils/nnet_dense_latency.h:58]   --->   Operation 221 'add' 'add_ln703_36' <Predicate = true> <Delay = 1.81> <Core = "AddSub">   --->   Core 14 'AddSub' <Latency = 0> <II = 1> <Delay = 1.67> <FuncUnit> <Opcode : 'add' 'sub'> <InPorts = 2> <OutPorts = 1>
ST_2 : Operation 222 [1/1] (0.00ns)   --->   "%zext_ln703_5 = zext i13 %add_ln703_37 to i14" [firmware/nnet_utils/nnet_dense_latency.h:58]   --->   Operation 222 'zext' 'zext_ln703_5' <Predicate = true> <Delay = 0.00>
ST_2 : Operation 223 [1/1] (1.67ns)   --->   "%add_ln703_38 = add i14 %zext_ln203_3, %zext_ln703_5" [firmware/nnet_utils/nnet_dense_latency.h:58]   --->   Operation 223 'add' 'add_ln703_38' <Predicate = true> <Delay = 1.67> <Core = "AddSub">   --->   Core 14 'AddSub' <Latency = 0> <II = 1> <Delay = 1.67> <FuncUnit> <Opcode : 'add' 'sub'> <InPorts = 2> <OutPorts = 1>
ST_2 : Operation 224 [1/1] (1.54ns)   --->   "%add_ln703_39 = add i13 %zext_ln1116_24, -384" [firmware/nnet_utils/nnet_dense_latency.h:58]   --->   Operation 224 'add' 'add_ln703_39' <Predicate = true> <Delay = 1.54> <Core = "AddSub">   --->   Core 14 'AddSub' <Latency = 0> <II = 1> <Delay = 1.67> <FuncUnit> <Opcode : 'add' 'sub'> <InPorts = 2> <OutPorts = 1>
ST_2 : Operation 225 [1/1] (0.00ns)   --->   "%sext_ln703_30 = sext i13 %add_ln703_39 to i14" [firmware/nnet_utils/nnet_dense_latency.h:58]   --->   Operation 225 'sext' 'sext_ln703_30' <Predicate = true> <Delay = 0.00>
ST_2 : Operation 226 [1/1] (1.67ns)   --->   "%add_ln703_40 = add i14 %zext_ln1116_22, %sext_ln703_30" [firmware/nnet_utils/nnet_dense_latency.h:58]   --->   Operation 226 'add' 'add_ln703_40' <Predicate = true> <Delay = 1.67> <Core = "AddSub">   --->   Core 14 'AddSub' <Latency = 0> <II = 1> <Delay = 1.67> <FuncUnit> <Opcode : 'add' 'sub'> <InPorts = 2> <OutPorts = 1>

State 3 <SV = 2> <Delay = 3.90>
ST_3 : Operation 227 [1/1] (0.00ns)   --->   "call void (...)* @_ssdm_op_SpecPipeline(i32 1, i32 1, i32 1, i32 0, [1 x i8]* @p_str9) nounwind" [firmware/nnet_utils/nnet_dense_latency.h:26]   --->   Operation 227 'specpipeline' <Predicate = true> <Delay = 0.00>
ST_3 : Operation 228 [1/1] (0.00ns)   --->   "call void (...)* @_ssdm_op_SpecResourceLimit(i32 40, [4 x i8]* @p_str14, [1 x i8]* @p_str9, [1 x i8]* @p_str9, [1 x i8]* @p_str9) nounwind" [firmware/nnet_utils/nnet_dense_latency.h:33]   --->   Operation 228 'specresourcelimit' <Predicate = true> <Delay = 0.00>
ST_3 : Operation 229 [1/1] (0.00ns)   --->   "%zext_ln203_6 = zext i12 %sub_ln1118_12 to i14" [firmware/nnet_utils/nnet_dense_latency.h:42]   --->   Operation 229 'zext' 'zext_ln203_6' <Predicate = true> <Delay = 0.00>
ST_3 : Operation 230 [1/1] (0.00ns)   --->   "%sext_ln703_7 = sext i14 %add_ln703_4 to i15" [firmware/nnet_utils/nnet_dense_latency.h:58]   --->   Operation 230 'sext' 'sext_ln703_7' <Predicate = true> <Delay = 0.00>
ST_3 : Operation 231 [1/1] (0.00ns)   --->   "%zext_ln703 = zext i13 %add_ln703_5 to i15" [firmware/nnet_utils/nnet_dense_latency.h:58]   --->   Operation 231 'zext' 'zext_ln703' <Predicate = true> <Delay = 0.00>
ST_3 : Operation 232 [1/1] (0.00ns)   --->   "%sext_ln703_8 = sext i13 %add_ln703_6 to i15" [firmware/nnet_utils/nnet_dense_latency.h:58]   --->   Operation 232 'sext' 'sext_ln703_8' <Predicate = true> <Delay = 0.00>
ST_3 : Operation 233 [1/1] (0.00ns) (grouped into TernaryAdder)   --->   "%add_ln703_7 = add i15 %zext_ln703, %sext_ln703_8" [firmware/nnet_utils/nnet_dense_latency.h:58]   --->   Operation 233 'add' 'add_ln703_7' <Predicate = true> <Delay = 0.00> <Core = "TAddSub">   --->   Core 83 'TAddSub' <Latency = 0> <II = 1> <Delay = 1.95> <IPBlock> <Opcode : 'add' 'sub'> <InPorts = 3> <OutPorts = 1> <Sync> <CReg>
ST_3 : Operation 234 [1/1] (3.87ns) (root node of TernaryAdder)   --->   "%add_ln703_8 = add i15 %sext_ln703_7, %add_ln703_7" [firmware/nnet_utils/nnet_dense_latency.h:58]   --->   Operation 234 'add' 'add_ln703_8' <Predicate = true> <Delay = 3.87> <Core = "TAddSub">   --->   Core 83 'TAddSub' <Latency = 0> <II = 1> <Delay = 1.95> <IPBlock> <Opcode : 'add' 'sub'> <InPorts = 3> <OutPorts = 1> <Sync> <CReg>
ST_3 : Operation 235 [1/1] (0.00ns)   --->   "%sext_ln703_9 = sext i15 %add_ln703_8 to i18" [firmware/nnet_utils/nnet_dense_latency.h:58]   --->   Operation 235 'sext' 'sext_ln703_9' <Predicate = true> <Delay = 0.00>
ST_3 : Operation 236 [1/1] (0.00ns)   --->   "%sext_ln703_11 = sext i13 %add_ln703_11 to i14" [firmware/nnet_utils/nnet_dense_latency.h:58]   --->   Operation 236 'sext' 'sext_ln703_11' <Predicate = true> <Delay = 0.00>
ST_3 : Operation 237 [1/1] (0.00ns) (grouped into TernaryAdder)   --->   "%add_ln703_12 = add i14 %zext_ln203_6, %sext_ln703_11" [firmware/nnet_utils/nnet_dense_latency.h:58]   --->   Operation 237 'add' 'add_ln703_12' <Predicate = true> <Delay = 0.00> <Core = "TAddSub">   --->   Core 83 'TAddSub' <Latency = 0> <II = 1> <Delay = 1.95> <IPBlock> <Opcode : 'add' 'sub'> <InPorts = 3> <OutPorts = 1> <Sync> <CReg>
ST_3 : Operation 238 [1/1] (3.84ns) (root node of TernaryAdder)   --->   "%acc_1_V = add i14 %add_ln703_10, %add_ln703_12" [firmware/nnet_utils/nnet_dense_latency.h:58]   --->   Operation 238 'add' 'acc_1_V' <Predicate = true> <Delay = 3.84> <Core = "TAddSub">   --->   Core 83 'TAddSub' <Latency = 0> <II = 1> <Delay = 1.95> <IPBlock> <Opcode : 'add' 'sub'> <InPorts = 3> <OutPorts = 1> <Sync> <CReg>
ST_3 : Operation 239 [1/1] (0.00ns)   --->   "%sext_ln703_12 = sext i14 %acc_1_V to i18" [firmware/nnet_utils/nnet_dense_latency.h:58]   --->   Operation 239 'sext' 'sext_ln703_12' <Predicate = true> <Delay = 0.00>
ST_3 : Operation 240 [1/1] (0.00ns)   --->   "%sext_ln703_15 = sext i14 %add_ln703_16 to i15" [firmware/nnet_utils/nnet_dense_latency.h:58]   --->   Operation 240 'sext' 'sext_ln703_15' <Predicate = true> <Delay = 0.00>
ST_3 : Operation 241 [1/1] (0.00ns)   --->   "%zext_ln703_1 = zext i13 %add_ln703_17 to i15" [firmware/nnet_utils/nnet_dense_latency.h:58]   --->   Operation 241 'zext' 'zext_ln703_1' <Predicate = true> <Delay = 0.00>
ST_3 : Operation 242 [1/1] (0.00ns)   --->   "%sext_ln703_17 = sext i14 %add_ln703_19 to i15" [firmware/nnet_utils/nnet_dense_latency.h:58]   --->   Operation 242 'sext' 'sext_ln703_17' <Predicate = true> <Delay = 0.00>
ST_3 : Operation 243 [1/1] (0.00ns) (grouped into TernaryAdder)   --->   "%add_ln703_20 = add i15 %zext_ln703_1, %sext_ln703_17" [firmware/nnet_utils/nnet_dense_latency.h:58]   --->   Operation 243 'add' 'add_ln703_20' <Predicate = true> <Delay = 0.00> <Core = "TAddSub">   --->   Core 83 'TAddSub' <Latency = 0> <II = 1> <Delay = 1.95> <IPBlock> <Opcode : 'add' 'sub'> <InPorts = 3> <OutPorts = 1> <Sync> <CReg>
ST_3 : Operation 244 [1/1] (3.87ns) (root node of TernaryAdder)   --->   "%acc_2_V = add i15 %sext_ln703_15, %add_ln703_20" [firmware/nnet_utils/nnet_dense_latency.h:58]   --->   Operation 244 'add' 'acc_2_V' <Predicate = true> <Delay = 3.87> <Core = "TAddSub">   --->   Core 83 'TAddSub' <Latency = 0> <II = 1> <Delay = 1.95> <IPBlock> <Opcode : 'add' 'sub'> <InPorts = 3> <OutPorts = 1> <Sync> <CReg>
ST_3 : Operation 245 [1/1] (0.00ns)   --->   "%sext_ln703_18 = sext i15 %acc_2_V to i18" [firmware/nnet_utils/nnet_dense_latency.h:58]   --->   Operation 245 'sext' 'sext_ln703_18' <Predicate = true> <Delay = 0.00>
ST_3 : Operation 246 [1/1] (0.00ns)   --->   "%sext_ln703_23 = sext i15 %add_ln703_26 to i16" [firmware/nnet_utils/nnet_dense_latency.h:58]   --->   Operation 246 'sext' 'sext_ln703_23' <Predicate = true> <Delay = 0.00>
ST_3 : Operation 247 [1/1] (0.00ns)   --->   "%sext_ln703_24 = sext i14 %add_ln703_28 to i16" [firmware/nnet_utils/nnet_dense_latency.h:58]   --->   Operation 247 'sext' 'sext_ln703_24' <Predicate = true> <Delay = 0.00>
ST_3 : Operation 248 [1/1] (0.00ns)   --->   "%zext_ln703_4 = zext i14 %add_ln703_30 to i16" [firmware/nnet_utils/nnet_dense_latency.h:58]   --->   Operation 248 'zext' 'zext_ln703_4' <Predicate = true> <Delay = 0.00>
ST_3 : Operation 249 [1/1] (0.00ns) (grouped into TernaryAdder)   --->   "%add_ln703_31 = add i16 %sext_ln703_24, %zext_ln703_4" [firmware/nnet_utils/nnet_dense_latency.h:58]   --->   Operation 249 'add' 'add_ln703_31' <Predicate = true> <Delay = 0.00> <Core = "TAddSub">   --->   Core 83 'TAddSub' <Latency = 0> <II = 1> <Delay = 1.95> <IPBlock> <Opcode : 'add' 'sub'> <InPorts = 3> <OutPorts = 1> <Sync> <CReg>
ST_3 : Operation 250 [1/1] (3.90ns) (root node of TernaryAdder)   --->   "%acc_3_V = add i16 %sext_ln703_23, %add_ln703_31" [firmware/nnet_utils/nnet_dense_latency.h:58]   --->   Operation 250 'add' 'acc_3_V' <Predicate = true> <Delay = 3.90> <Core = "TAddSub">   --->   Core 83 'TAddSub' <Latency = 0> <II = 1> <Delay = 1.95> <IPBlock> <Opcode : 'add' 'sub'> <InPorts = 3> <OutPorts = 1> <Sync> <CReg>
ST_3 : Operation 251 [1/1] (0.00ns)   --->   "%sext_ln703_25 = sext i16 %acc_3_V to i18" [firmware/nnet_utils/nnet_dense_latency.h:58]   --->   Operation 251 'sext' 'sext_ln703_25' <Predicate = true> <Delay = 0.00>
ST_3 : Operation 252 [1/1] (0.00ns)   --->   "%sext_ln703_29 = sext i15 %add_ln703_36 to i16" [firmware/nnet_utils/nnet_dense_latency.h:58]   --->   Operation 252 'sext' 'sext_ln703_29' <Predicate = true> <Delay = 0.00>
ST_3 : Operation 253 [1/1] (0.00ns)   --->   "%zext_ln703_6 = zext i14 %add_ln703_38 to i16" [firmware/nnet_utils/nnet_dense_latency.h:58]   --->   Operation 253 'zext' 'zext_ln703_6' <Predicate = true> <Delay = 0.00>
ST_3 : Operation 254 [1/1] (0.00ns)   --->   "%sext_ln703_31 = sext i14 %add_ln703_40 to i16" [firmware/nnet_utils/nnet_dense_latency.h:58]   --->   Operation 254 'sext' 'sext_ln703_31' <Predicate = true> <Delay = 0.00>
ST_3 : Operation 255 [1/1] (0.00ns) (grouped into TernaryAdder)   --->   "%add_ln703_41 = add i16 %zext_ln703_6, %sext_ln703_31" [firmware/nnet_utils/nnet_dense_latency.h:58]   --->   Operation 255 'add' 'add_ln703_41' <Predicate = true> <Delay = 0.00> <Core = "TAddSub">   --->   Core 83 'TAddSub' <Latency = 0> <II = 1> <Delay = 1.95> <IPBlock> <Opcode : 'add' 'sub'> <InPorts = 3> <OutPorts = 1> <Sync> <CReg>
ST_3 : Operation 256 [1/1] (3.90ns) (root node of TernaryAdder)   --->   "%acc_4_V = add i16 %sext_ln703_29, %add_ln703_41" [firmware/nnet_utils/nnet_dense_latency.h:58]   --->   Operation 256 'add' 'acc_4_V' <Predicate = true> <Delay = 3.90> <Core = "TAddSub">   --->   Core 83 'TAddSub' <Latency = 0> <II = 1> <Delay = 1.95> <IPBlock> <Opcode : 'add' 'sub'> <InPorts = 3> <OutPorts = 1> <Sync> <CReg>
ST_3 : Operation 257 [1/1] (0.00ns)   --->   "%sext_ln703_32 = sext i16 %acc_4_V to i18" [firmware/nnet_utils/nnet_dense_latency.h:58]   --->   Operation 257 'sext' 'sext_ln703_32' <Predicate = true> <Delay = 0.00>
ST_3 : Operation 258 [1/1] (0.00ns)   --->   "%mrv = insertvalue { i18, i18, i18, i18, i18 } undef, i18 %sext_ln703_9, 0" [firmware/nnet_utils/nnet_dense_latency.h:68]   --->   Operation 258 'insertvalue' 'mrv' <Predicate = true> <Delay = 0.00>
ST_3 : Operation 259 [1/1] (0.00ns)   --->   "%mrv_1 = insertvalue { i18, i18, i18, i18, i18 } %mrv, i18 %sext_ln703_12, 1" [firmware/nnet_utils/nnet_dense_latency.h:68]   --->   Operation 259 'insertvalue' 'mrv_1' <Predicate = true> <Delay = 0.00>
ST_3 : Operation 260 [1/1] (0.00ns)   --->   "%mrv_2 = insertvalue { i18, i18, i18, i18, i18 } %mrv_1, i18 %sext_ln703_18, 2" [firmware/nnet_utils/nnet_dense_latency.h:68]   --->   Operation 260 'insertvalue' 'mrv_2' <Predicate = true> <Delay = 0.00>
ST_3 : Operation 261 [1/1] (0.00ns)   --->   "%mrv_3 = insertvalue { i18, i18, i18, i18, i18 } %mrv_2, i18 %sext_ln703_25, 3" [firmware/nnet_utils/nnet_dense_latency.h:68]   --->   Operation 261 'insertvalue' 'mrv_3' <Predicate = true> <Delay = 0.00>
ST_3 : Operation 262 [1/1] (0.00ns)   --->   "%mrv_4 = insertvalue { i18, i18, i18, i18, i18 } %mrv_3, i18 %sext_ln703_32, 4" [firmware/nnet_utils/nnet_dense_latency.h:68]   --->   Operation 262 'insertvalue' 'mrv_4' <Predicate = true> <Delay = 0.00>
ST_3 : Operation 263 [1/1] (0.00ns)   --->   "ret { i18, i18, i18, i18, i18 } %mrv_4" [firmware/nnet_utils/nnet_dense_latency.h:68]   --->   Operation 263 'ret' <Predicate = true> <Delay = 0.00>


============================================================
+ Verbose Summary: Timing violations
============================================================
Target clock period: 5ns, clock uncertainty: 0.625ns.

 <State 1>: 3.78ns
The critical path consists of the following:
	wire read on port 'data_29_V_read' (firmware/nnet_utils/nnet_dense_latency.h:13) [30]  (0 ns)
	'mul' operation ('mul_ln1118', firmware/nnet_utils/nnet_mult.h:73->firmware/nnet_utils/nnet_dense_latency.h:42) [191]  (3.78 ns)

 <State 2>: 3.49ns
The critical path consists of the following:
	'add' operation ('add_ln703_23', firmware/nnet_utils/nnet_dense_latency.h:58) [244]  (1.68 ns)
	'add' operation ('add_ln703_26', firmware/nnet_utils/nnet_dense_latency.h:58) [250]  (1.81 ns)

 <State 3>: 3.9ns
The critical path consists of the following:
	'add' operation ('acc[3].V', firmware/nnet_utils/nnet_dense_latency.h:58) [261]  (3.9 ns)


============================================================
+ Verbose Summary: Binding
============================================================
N/A
* FSMD analyzer results:
  - Output states:
 - Input state : 
  - Chain level:
	State 1
	State 2
	State 3


============================================================
+ Verbose Summary: Datapath Resource usage 
============================================================
N/A
