0.9764752984046936 0.8106879591941833
0.7803139090538025 0.7662278413772583
0.7544506788253784 0.751485288143158
0.7409551739692688 0.7453333139419556
0.7847515940666199 0.7482083439826965
0.7352174520492554 0.7323765158653259
0.7233452796936035 0.7230464816093445
0.7175216674804688 0.7188727855682373
0.7123932838439941 0.715332567691803
0.7095626592636108 0.7128505110740662
0.7068696022033691 0.7108379602432251
0.7054281830787659 0.7101746797561646
0.7034095525741577 0.7065896987915039
0.7021772265434265 0.7068414092063904
0.7007648944854736 0.7044618129730225
0.6991348266601562 0.7061827182769775
0.6988455057144165 0.7031251788139343
0.697338879108429 0.7034783959388733
0.6963895559310913 0.7012444734573364
0.6957296133041382 0.6993647217750549
0.6949006915092468 0.7006226181983948
0.6942366361618042 0.7012634873390198
0.6939370036125183 0.7043163776397705
0.6936946511268616 0.6993324756622314
0.6926868557929993 0.6985037922859192
0.6929587721824646 0.6987861394882202
0.6914021968841553 0.6990522742271423
0.6917833685874939 0.6960391402244568
0.6917978525161743 0.6995355486869812
0.6913337111473083 0.6973589062690735
