

================================================================
== Vivado HLS Report for 'dense_latency_ap_fixed_ap_fixed_16_6_5_3_0_config11_0_0_0_0_0_0'
================================================================
* Date:           Wed Jun  4 15:05:47 2025

* Version:        2020.1 (Build 2897737 on Wed May 27 20:21:37 MDT 2020)
* Project:        myproject_prj
* Solution:       solution1
* Product family: zynq
* Target device:  xc7z020-clg400-1


================================================================
== Performance Estimates
================================================================
+ Timing: 
    * Summary: 
    +--------+---------+----------+------------+
    |  Clock |  Target | Estimated| Uncertainty|
    +--------+---------+----------+------------+
    |ap_clk  | 5.00 ns | 4.196 ns |   0.62 ns  |
    +--------+---------+----------+------------+

+ Latency: 
    * Summary: 
    +---------+---------+-----------+-----------+-----+-----+----------+
    |  Latency (cycles) |   Latency (absolute)  |  Interval | Pipeline |
    |   min   |   max   |    min    |    max    | min | max |   Type   |
    +---------+---------+-----------+-----------+-----+-----+----------+
    |        4|        4| 20.000 ns | 20.000 ns |    1|    1| function |
    +---------+---------+-----------+-----------+-----+-----+----------+

    + Detail: 
        * Instance: 
        N/A

        * Loop: 
        N/A



================================================================
== Utilization Estimates
================================================================
* Summary: 
+-----------------+---------+-------+--------+-------+-----+
|       Name      | BRAM_18K| DSP48E|   FF   |  LUT  | URAM|
+-----------------+---------+-------+--------+-------+-----+
|DSP              |        -|      -|       -|      -|    -|
|Expression       |        -|      -|       0|    775|    -|
|FIFO             |        -|      -|       -|      -|    -|
|Instance         |        -|     38|    2546|     76|    -|
|Memory           |        -|      -|       -|      -|    -|
|Multiplexer      |        -|      -|       -|     45|    -|
|Register         |        -|      -|    1729|      -|    -|
+-----------------+---------+-------+--------+-------+-----+
|Total            |        0|     38|    4275|    896|    0|
+-----------------+---------+-------+--------+-------+-----+
|Available        |      280|    220|  106400|  53200|    0|
+-----------------+---------+-------+--------+-------+-----+
|Utilization (%)  |        0|     17|       4|      1|    0|
+-----------------+---------+-------+--------+-------+-----+

+ Detail: 
    * Instance: 
    +-------------------------------------+-------------------------------+---------+-------+----+----+-----+
    |               Instance              |             Module            | BRAM_18K| DSP48E| FF | LUT| URAM|
    +-------------------------------------+-------------------------------+---------+-------+----+----+-----+
    |myproject_mul_16s_10ns_26_2_0_U1161  |myproject_mul_16s_10ns_26_2_0  |        0|      1|  67|   2|    0|
    |myproject_mul_16s_10s_26_2_0_U1126   |myproject_mul_16s_10s_26_2_0   |        0|      1|  67|   2|    0|
    |myproject_mul_16s_10s_26_2_0_U1129   |myproject_mul_16s_10s_26_2_0   |        0|      1|  67|   2|    0|
    |myproject_mul_16s_10s_26_2_0_U1130   |myproject_mul_16s_10s_26_2_0   |        0|      1|  67|   2|    0|
    |myproject_mul_16s_10s_26_2_0_U1143   |myproject_mul_16s_10s_26_2_0   |        0|      1|  67|   2|    0|
    |myproject_mul_16s_10s_26_2_0_U1146   |myproject_mul_16s_10s_26_2_0   |        0|      1|  67|   2|    0|
    |myproject_mul_16s_10s_26_2_0_U1148   |myproject_mul_16s_10s_26_2_0   |        0|      1|  67|   2|    0|
    |myproject_mul_16s_10s_26_2_0_U1154   |myproject_mul_16s_10s_26_2_0   |        0|      1|  67|   2|    0|
    |myproject_mul_16s_10s_26_2_0_U1160   |myproject_mul_16s_10s_26_2_0   |        0|      1|  67|   2|    0|
    |myproject_mul_16s_10s_26_2_0_U1163   |myproject_mul_16s_10s_26_2_0   |        0|      1|  67|   2|    0|
    |myproject_mul_16s_11ns_26_2_0_U1138  |myproject_mul_16s_11ns_26_2_0  |        0|      1|  67|   2|    0|
    |myproject_mul_16s_11ns_26_2_0_U1144  |myproject_mul_16s_11ns_26_2_0  |        0|      1|  67|   2|    0|
    |myproject_mul_16s_11ns_26_2_0_U1150  |myproject_mul_16s_11ns_26_2_0  |        0|      1|  67|   2|    0|
    |myproject_mul_16s_11ns_26_2_0_U1151  |myproject_mul_16s_11ns_26_2_0  |        0|      1|  67|   2|    0|
    |myproject_mul_16s_11ns_26_2_0_U1152  |myproject_mul_16s_11ns_26_2_0  |        0|      1|  67|   2|    0|
    |myproject_mul_16s_11ns_26_2_0_U1159  |myproject_mul_16s_11ns_26_2_0  |        0|      1|  67|   2|    0|
    |myproject_mul_16s_11ns_26_2_0_U1162  |myproject_mul_16s_11ns_26_2_0  |        0|      1|  67|   2|    0|
    |myproject_mul_16s_11s_26_2_0_U1128   |myproject_mul_16s_11s_26_2_0   |        0|      1|  67|   2|    0|
    |myproject_mul_16s_11s_26_2_0_U1134   |myproject_mul_16s_11s_26_2_0   |        0|      1|  67|   2|    0|
    |myproject_mul_16s_11s_26_2_0_U1135   |myproject_mul_16s_11s_26_2_0   |        0|      1|  67|   2|    0|
    |myproject_mul_16s_11s_26_2_0_U1136   |myproject_mul_16s_11s_26_2_0   |        0|      1|  67|   2|    0|
    |myproject_mul_16s_11s_26_2_0_U1137   |myproject_mul_16s_11s_26_2_0   |        0|      1|  67|   2|    0|
    |myproject_mul_16s_11s_26_2_0_U1139   |myproject_mul_16s_11s_26_2_0   |        0|      1|  67|   2|    0|
    |myproject_mul_16s_11s_26_2_0_U1140   |myproject_mul_16s_11s_26_2_0   |        0|      1|  67|   2|    0|
    |myproject_mul_16s_11s_26_2_0_U1142   |myproject_mul_16s_11s_26_2_0   |        0|      1|  67|   2|    0|
    |myproject_mul_16s_11s_26_2_0_U1145   |myproject_mul_16s_11s_26_2_0   |        0|      1|  67|   2|    0|
    |myproject_mul_16s_11s_26_2_0_U1147   |myproject_mul_16s_11s_26_2_0   |        0|      1|  67|   2|    0|
    |myproject_mul_16s_11s_26_2_0_U1149   |myproject_mul_16s_11s_26_2_0   |        0|      1|  67|   2|    0|
    |myproject_mul_16s_11s_26_2_0_U1153   |myproject_mul_16s_11s_26_2_0   |        0|      1|  67|   2|    0|
    |myproject_mul_16s_11s_26_2_0_U1157   |myproject_mul_16s_11s_26_2_0   |        0|      1|  67|   2|    0|
    |myproject_mul_16s_11s_26_2_0_U1158   |myproject_mul_16s_11s_26_2_0   |        0|      1|  67|   2|    0|
    |myproject_mul_16s_12ns_26_2_0_U1127  |myproject_mul_16s_12ns_26_2_0  |        0|      1|  67|   2|    0|
    |myproject_mul_16s_12ns_26_2_0_U1133  |myproject_mul_16s_12ns_26_2_0  |        0|      1|  67|   2|    0|
    |myproject_mul_16s_12s_26_2_0_U1131   |myproject_mul_16s_12s_26_2_0   |        0|      1|  67|   2|    0|
    |myproject_mul_16s_12s_26_2_0_U1132   |myproject_mul_16s_12s_26_2_0   |        0|      1|  67|   2|    0|
    |myproject_mul_16s_12s_26_2_0_U1141   |myproject_mul_16s_12s_26_2_0   |        0|      1|  67|   2|    0|
    |myproject_mul_16s_12s_26_2_0_U1155   |myproject_mul_16s_12s_26_2_0   |        0|      1|  67|   2|    0|
    |myproject_mul_16s_12s_26_2_0_U1156   |myproject_mul_16s_12s_26_2_0   |        0|      1|  67|   2|    0|
    +-------------------------------------+-------------------------------+---------+-------+----+----+-----+
    |Total                                |                               |        0|     38|2546|  76|    0|
    +-------------------------------------+-------------------------------+---------+-------+----+----+-----+

    * DSP48E: 
    N/A

    * Memory: 
    N/A

    * FIFO: 
    N/A

    * Expression: 
    +-------------------------+----------+-------+---+----+------------+------------+
    |      Variable Name      | Operation| DSP48E| FF| LUT| Bitwidth P0| Bitwidth P1|
    +-------------------------+----------+-------+---+----+------------+------------+
    |acc_1_V_fu_7025_p2       |     +    |      0|  0|  16|          16|          16|
    |acc_2_V_fu_7034_p2       |     +    |      0|  0|  16|          16|          16|
    |acc_3_V_fu_7090_p2       |     +    |      0|  0|  16|          16|          16|
    |acc_4_V_fu_7099_p2       |     +    |      0|  0|  16|          16|          16|
    |add_ln703_10_fu_6952_p2  |     +    |      0|  0|  23|          16|          16|
    |add_ln703_11_fu_6956_p2  |     +    |      0|  0|  23|          16|           8|
    |add_ln703_12_fu_7030_p2  |     +    |      0|  0|  16|          16|          16|
    |add_ln703_14_fu_6961_p2  |     +    |      0|  0|  16|          16|          16|
    |add_ln703_15_fu_6965_p2  |     +    |      0|  0|  16|          16|          16|
    |add_ln703_16_fu_6970_p2  |     +    |      0|  0|  23|          16|          16|
    |add_ln703_17_fu_6974_p2  |     +    |      0|  0|  23|          16|          16|
    |add_ln703_18_fu_7039_p2  |     +    |      0|  0|  16|          16|          16|
    |add_ln703_19_fu_7043_p2  |     +    |      0|  0|  16|          16|          16|
    |add_ln703_1_fu_6928_p2   |     +    |      0|  0|  16|          16|          16|
    |add_ln703_20_fu_6978_p2  |     +    |      0|  0|  23|          16|          16|
    |add_ln703_21_fu_7048_p2  |     +    |      0|  0|  16|          16|          16|
    |add_ln703_22_fu_7052_p2  |     +    |      0|  0|  16|          16|          16|
    |add_ln703_23_fu_6982_p2  |     +    |      0|  0|  23|          16|          16|
    |add_ln703_24_fu_7057_p2  |     +    |      0|  0|  16|          16|           7|
    |add_ln703_25_fu_7062_p2  |     +    |      0|  0|  16|          16|          16|
    |add_ln703_26_fu_7086_p2  |     +    |      0|  0|  16|          16|          16|
    |add_ln703_28_fu_6986_p2  |     +    |      0|  0|  16|          16|          16|
    |add_ln703_29_fu_6990_p2  |     +    |      0|  0|  16|          16|          16|
    |add_ln703_2_fu_6933_p2   |     +    |      0|  0|  23|          16|           9|
    |add_ln703_30_fu_6995_p2  |     +    |      0|  0|  23|          16|          16|
    |add_ln703_31_fu_7067_p2  |     +    |      0|  0|  16|          16|          16|
    |add_ln703_32_fu_7071_p2  |     +    |      0|  0|  16|          16|          16|
    |add_ln703_33_fu_6999_p2  |     +    |      0|  0|  16|          16|          16|
    |add_ln703_34_fu_7003_p2  |     +    |      0|  0|  16|          16|          16|
    |add_ln703_35_fu_7008_p2  |     +    |      0|  0|  23|          16|          16|
    |add_ln703_36_fu_7076_p2  |     +    |      0|  0|  16|          16|           7|
    |add_ln703_37_fu_7081_p2  |     +    |      0|  0|  16|          16|          16|
    |add_ln703_38_fu_7095_p2  |     +    |      0|  0|  16|          16|          16|
    |add_ln703_3_fu_7012_p2   |     +    |      0|  0|  16|          16|          16|
    |add_ln703_4_fu_7016_p2   |     +    |      0|  0|  16|          16|          16|
    |add_ln703_5_fu_6938_p2   |     +    |      0|  0|  16|          16|          16|
    |add_ln703_6_fu_6942_p2   |     +    |      0|  0|  16|          16|          16|
    |add_ln703_7_fu_6947_p2   |     +    |      0|  0|  23|          16|           8|
    |add_ln703_8_fu_7021_p2   |     +    |      0|  0|  16|          16|          16|
    |add_ln703_fu_6924_p2     |     +    |      0|  0|  16|          16|          16|
    |sub_ln1118_1_fu_6623_p2  |     -    |      0|  0|  16|           1|          26|
    |sub_ln1118_2_fu_6640_p2  |     -    |      0|  0|  16|          26|          26|
    |sub_ln1118_fu_6492_p2    |     -    |      0|  0|  33|          26|          26|
    +-------------------------+----------+-------+---+----+------------+------------+
    |Total                    |          |      0|  0| 775|         693|         677|
    +-------------------------+----------+-------+---+----+------------+------------+

    * Multiplexer: 
    +-------------+----+-----------+-----+-----------+
    |     Name    | LUT| Input Size| Bits| Total Bits|
    +-------------+----+-----------+-----+-----------+
    |ap_return_0  |   9|          2|   16|         32|
    |ap_return_1  |   9|          2|   16|         32|
    |ap_return_2  |   9|          2|   16|         32|
    |ap_return_3  |   9|          2|   16|         32|
    |ap_return_4  |   9|          2|   16|         32|
    +-------------+----+-----------+-----+-----------+
    |Total        |  45|         10|   80|        160|
    +-------------+----+-----------+-----+-----------+

    * Register: 
    +---------------------------------------+----+----+-----+-----------+
    |                  Name                 | FF | LUT| Bits| Const Bits|
    +---------------------------------------+----+----+-----+-----------+
    |acc_1_V_reg_7584                       |  16|   0|   16|          0|
    |acc_2_V_reg_7589                       |  16|   0|   16|          0|
    |add_ln703_10_reg_7524                  |  16|   0|   16|          0|
    |add_ln703_11_reg_7529                  |  16|   0|   16|          0|
    |add_ln703_15_reg_7534                  |  16|   0|   16|          0|
    |add_ln703_16_reg_7539                  |  16|   0|   16|          0|
    |add_ln703_17_reg_7544                  |  16|   0|   16|          0|
    |add_ln703_19_reg_7594                  |  16|   0|   16|          0|
    |add_ln703_1_reg_7504                   |  16|   0|   16|          0|
    |add_ln703_20_reg_7549                  |  16|   0|   16|          0|
    |add_ln703_22_reg_7599                  |  16|   0|   16|          0|
    |add_ln703_23_reg_7554                  |  16|   0|   16|          0|
    |add_ln703_25_reg_7604                  |  16|   0|   16|          0|
    |add_ln703_29_reg_7559                  |  16|   0|   16|          0|
    |add_ln703_2_reg_7509                   |  16|   0|   16|          0|
    |add_ln703_30_reg_7564                  |  16|   0|   16|          0|
    |add_ln703_32_reg_7609                  |  16|   0|   16|          0|
    |add_ln703_34_reg_7569                  |  16|   0|   16|          0|
    |add_ln703_34_reg_7569_pp0_iter3_reg    |  16|   0|   16|          0|
    |add_ln703_35_reg_7574                  |  16|   0|   16|          0|
    |add_ln703_37_reg_7614                  |  16|   0|   16|          0|
    |add_ln703_4_reg_7579                   |  16|   0|   16|          0|
    |add_ln703_6_reg_7514                   |  16|   0|   16|          0|
    |add_ln703_7_reg_7519                   |  16|   0|   16|          0|
    |ap_ce_reg                              |   1|   0|    1|          0|
    |ap_return_0_int_reg                    |  16|   0|   16|          0|
    |ap_return_1_int_reg                    |  16|   0|   16|          0|
    |ap_return_2_int_reg                    |  16|   0|   16|          0|
    |ap_return_3_int_reg                    |  16|   0|   16|          0|
    |ap_return_4_int_reg                    |  16|   0|   16|          0|
    |data_0_V_read_int_reg                  |  16|   0|   16|          0|
    |data_10_V_read_int_reg                 |  16|   0|   16|          0|
    |data_11_V_read_int_reg                 |  16|   0|   16|          0|
    |data_12_V_read_int_reg                 |  16|   0|   16|          0|
    |data_13_V_read_int_reg                 |  16|   0|   16|          0|
    |data_14_V_read_int_reg                 |  16|   0|   16|          0|
    |data_15_V_read_int_reg                 |  16|   0|   16|          0|
    |data_16_V_read_4_reg_7136              |  16|   0|   16|          0|
    |data_16_V_read_int_reg                 |  16|   0|   16|          0|
    |data_18_V_read_int_reg                 |  16|   0|   16|          0|
    |data_1_V_read_5_reg_7152               |  16|   0|   16|          0|
    |data_1_V_read_int_reg                  |  16|   0|   16|          0|
    |data_20_V_read_int_reg                 |  16|   0|   16|          0|
    |data_21_V_read_int_reg                 |  16|   0|   16|          0|
    |data_22_V_read_int_reg                 |  16|   0|   16|          0|
    |data_23_V_read_int_reg                 |  16|   0|   16|          0|
    |data_24_V_read_int_reg                 |  16|   0|   16|          0|
    |data_25_V_read_int_reg                 |  16|   0|   16|          0|
    |data_26_V_read_int_reg                 |  16|   0|   16|          0|
    |data_27_V_read_int_reg                 |  16|   0|   16|          0|
    |data_28_V_read_int_reg                 |  16|   0|   16|          0|
    |data_29_V_read_int_reg                 |  16|   0|   16|          0|
    |data_2_V_read_int_reg                  |  16|   0|   16|          0|
    |data_31_V_read_4_reg_7131              |  16|   0|   16|          0|
    |data_31_V_read_int_reg                 |  16|   0|   16|          0|
    |data_3_V_read_int_reg                  |  16|   0|   16|          0|
    |data_4_V_read_int_reg                  |  16|   0|   16|          0|
    |data_5_V_read_4_reg_7147               |  16|   0|   16|          0|
    |data_5_V_read_int_reg                  |  16|   0|   16|          0|
    |data_6_V_read_int_reg                  |  16|   0|   16|          0|
    |data_7_V_read_int_reg                  |  16|   0|   16|          0|
    |data_8_V_read_int_reg                  |  16|   0|   16|          0|
    |data_9_V_read_4_reg_7141               |  16|   0|   16|          0|
    |data_9_V_read_int_reg                  |  16|   0|   16|          0|
    |mult_10_V_reg_7304                     |  16|   0|   16|          0|
    |mult_13_V_reg_7309                     |  16|   0|   16|          0|
    |mult_16_V_reg_7314                     |  16|   0|   16|          0|
    |mult_18_V_reg_7319                     |  16|   0|   16|          0|
    |mult_23_V_reg_7324                     |  16|   0|   16|          0|
    |mult_24_V_reg_7329                     |  16|   0|   16|          0|
    |mult_29_V_reg_7489                     |  16|   0|   16|          0|
    |mult_30_V_reg_7339                     |  16|   0|   16|          0|
    |mult_38_V_reg_7344                     |  16|   0|   16|          0|
    |mult_39_V_reg_7349                     |  16|   0|   16|          0|
    |mult_3_V_reg_7289                      |  16|   0|   16|          0|
    |mult_41_V_reg_7354                     |  16|   0|   16|          0|
    |mult_49_V_reg_7359                     |  16|   0|   16|          0|
    |mult_4_V_reg_7294                      |  16|   0|   16|          0|
    |mult_53_V_reg_7364                     |  16|   0|   16|          0|
    |mult_57_V_reg_7369                     |  16|   0|   16|          0|
    |mult_64_V_reg_7374                     |  16|   0|   16|          0|
    |mult_69_V_reg_7379                     |  16|   0|   16|          0|
    |mult_9_V_reg_7299                      |  16|   0|   16|          0|
    |trunc_ln708_10_reg_7439                |  16|   0|   16|          0|
    |trunc_ln708_11_reg_7444                |  16|   0|   16|          0|
    |trunc_ln708_12_reg_7449                |  16|   0|   16|          0|
    |trunc_ln708_12_reg_7449_pp0_iter2_reg  |  16|   0|   16|          0|
    |trunc_ln708_13_reg_7454                |  16|   0|   16|          0|
    |trunc_ln708_14_reg_7459                |  16|   0|   16|          0|
    |trunc_ln708_14_reg_7459_pp0_iter2_reg  |  16|   0|   16|          0|
    |trunc_ln708_15_reg_7464                |  16|   0|   16|          0|
    |trunc_ln708_16_reg_7469                |  16|   0|   16|          0|
    |trunc_ln708_17_reg_7474                |  16|   0|   16|          0|
    |trunc_ln708_17_reg_7474_pp0_iter2_reg  |  16|   0|   16|          0|
    |trunc_ln708_18_reg_7479                |  16|   0|   16|          0|
    |trunc_ln708_19_reg_7499                |  16|   0|   16|          0|
    |trunc_ln708_1_reg_7419                 |  16|   0|   16|          0|
    |trunc_ln708_1_reg_7419_pp0_iter2_reg   |  16|   0|   16|          0|
    |trunc_ln708_2_reg_7424                 |  16|   0|   16|          0|
    |trunc_ln708_3_reg_7429                 |  16|   0|   16|          0|
    |trunc_ln708_4_reg_7434                 |  16|   0|   16|          0|
    |trunc_ln708_4_reg_7434_pp0_iter2_reg   |  16|   0|   16|          0|
    |trunc_ln708_5_reg_7389                 |  16|   0|   16|          0|
    |trunc_ln708_6_reg_7394                 |  16|   0|   16|          0|
    |trunc_ln708_7_reg_7494                 |  16|   0|   16|          0|
    |trunc_ln708_8_reg_7404                 |  16|   0|   16|          0|
    |trunc_ln708_9_reg_7409                 |  16|   0|   16|          0|
    |trunc_ln708_s_reg_7414                 |  16|   0|   16|          0|
    |trunc_ln_reg_7384                      |  16|   0|   16|          0|
    +---------------------------------------+----+----+-----+-----------+
    |Total                                  |1729|   0| 1729|          0|
    +---------------------------------------+----+----+-----+-----------+



================================================================
== Interface
================================================================
* Summary: 
+----------------+-----+-----+------------+-------------------------------------------------------------------+--------------+
|    RTL Ports   | Dir | Bits|  Protocol  |                           Source Object                           |    C Type    |
+----------------+-----+-----+------------+-------------------------------------------------------------------+--------------+
|ap_clk          |  in |    1| ap_ctrl_hs | dense_latency<ap_fixed,ap_fixed<16,6,5,3,0>,config11>.0.0.0.0.0.0 | return value |
|ap_rst          |  in |    1| ap_ctrl_hs | dense_latency<ap_fixed,ap_fixed<16,6,5,3,0>,config11>.0.0.0.0.0.0 | return value |
|ap_return_0     | out |   16| ap_ctrl_hs | dense_latency<ap_fixed,ap_fixed<16,6,5,3,0>,config11>.0.0.0.0.0.0 | return value |
|ap_return_1     | out |   16| ap_ctrl_hs | dense_latency<ap_fixed,ap_fixed<16,6,5,3,0>,config11>.0.0.0.0.0.0 | return value |
|ap_return_2     | out |   16| ap_ctrl_hs | dense_latency<ap_fixed,ap_fixed<16,6,5,3,0>,config11>.0.0.0.0.0.0 | return value |
|ap_return_3     | out |   16| ap_ctrl_hs | dense_latency<ap_fixed,ap_fixed<16,6,5,3,0>,config11>.0.0.0.0.0.0 | return value |
|ap_return_4     | out |   16| ap_ctrl_hs | dense_latency<ap_fixed,ap_fixed<16,6,5,3,0>,config11>.0.0.0.0.0.0 | return value |
|ap_ce           |  in |    1| ap_ctrl_hs | dense_latency<ap_fixed,ap_fixed<16,6,5,3,0>,config11>.0.0.0.0.0.0 | return value |
|data_0_V_read   |  in |   16|   ap_none  |                           data_0_V_read                           |    scalar    |
|data_1_V_read   |  in |   16|   ap_none  |                           data_1_V_read                           |    scalar    |
|data_2_V_read   |  in |   16|   ap_none  |                           data_2_V_read                           |    scalar    |
|data_3_V_read   |  in |   16|   ap_none  |                           data_3_V_read                           |    scalar    |
|data_4_V_read   |  in |   16|   ap_none  |                           data_4_V_read                           |    scalar    |
|data_5_V_read   |  in |   16|   ap_none  |                           data_5_V_read                           |    scalar    |
|data_6_V_read   |  in |   16|   ap_none  |                           data_6_V_read                           |    scalar    |
|data_7_V_read   |  in |   16|   ap_none  |                           data_7_V_read                           |    scalar    |
|data_8_V_read   |  in |   16|   ap_none  |                           data_8_V_read                           |    scalar    |
|data_9_V_read   |  in |   16|   ap_none  |                           data_9_V_read                           |    scalar    |
|data_10_V_read  |  in |   16|   ap_none  |                           data_10_V_read                          |    scalar    |
|data_11_V_read  |  in |   16|   ap_none  |                           data_11_V_read                          |    scalar    |
|data_12_V_read  |  in |   16|   ap_none  |                           data_12_V_read                          |    scalar    |
|data_13_V_read  |  in |   16|   ap_none  |                           data_13_V_read                          |    scalar    |
|data_14_V_read  |  in |   16|   ap_none  |                           data_14_V_read                          |    scalar    |
|data_15_V_read  |  in |   16|   ap_none  |                           data_15_V_read                          |    scalar    |
|data_16_V_read  |  in |   16|   ap_none  |                           data_16_V_read                          |    scalar    |
|data_18_V_read  |  in |   16|   ap_none  |                           data_18_V_read                          |    scalar    |
|data_20_V_read  |  in |   16|   ap_none  |                           data_20_V_read                          |    scalar    |
|data_21_V_read  |  in |   16|   ap_none  |                           data_21_V_read                          |    scalar    |
|data_22_V_read  |  in |   16|   ap_none  |                           data_22_V_read                          |    scalar    |
|data_23_V_read  |  in |   16|   ap_none  |                           data_23_V_read                          |    scalar    |
|data_24_V_read  |  in |   16|   ap_none  |                           data_24_V_read                          |    scalar    |
|data_25_V_read  |  in |   16|   ap_none  |                           data_25_V_read                          |    scalar    |
|data_26_V_read  |  in |   16|   ap_none  |                           data_26_V_read                          |    scalar    |
|data_27_V_read  |  in |   16|   ap_none  |                           data_27_V_read                          |    scalar    |
|data_28_V_read  |  in |   16|   ap_none  |                           data_28_V_read                          |    scalar    |
|data_29_V_read  |  in |   16|   ap_none  |                           data_29_V_read                          |    scalar    |
|data_31_V_read  |  in |   16|   ap_none  |                           data_31_V_read                          |    scalar    |
+----------------+-----+-----+------------+-------------------------------------------------------------------+--------------+

