

================================================================
== Vivado HLS Report for 'dense_latency_ap_fixed_ap_fixed_16_6_5_3_0_config11_0_0_0_0_0_0'
================================================================
* Date:           Wed Jun  4 14:57:09 2025

* Version:        2020.1 (Build 2897737 on Wed May 27 20:21:37 MDT 2020)
* Project:        myproject_prj
* Solution:       solution1
* Product family: zynq
* Target device:  xc7z020-clg400-1


================================================================
== Performance Estimates
================================================================
+ Timing: 
    * Summary: 
    +--------+---------+----------+------------+
    |  Clock |  Target | Estimated| Uncertainty|
    +--------+---------+----------+------------+
    |ap_clk  | 5.00 ns | 4.259 ns |   0.62 ns  |
    +--------+---------+----------+------------+

+ Latency: 
    * Summary: 
    +---------+---------+-----------+-----------+-----+-----+----------+
    |  Latency (cycles) |   Latency (absolute)  |  Interval | Pipeline |
    |   min   |   max   |    min    |    max    | min | max |   Type   |
    +---------+---------+-----------+-----------+-----+-----+----------+
    |        5|        5| 25.000 ns | 25.000 ns |    1|    1| function |
    +---------+---------+-----------+-----------+-----+-----+----------+

    + Detail: 
        * Instance: 
        N/A

        * Loop: 
        N/A



================================================================
== Utilization Estimates
================================================================
* Summary: 
+-----------------+---------+-------+--------+-------+-----+
|       Name      | BRAM_18K| DSP48E|   FF   |  LUT  | URAM|
+-----------------+---------+-------+--------+-------+-----+
|DSP              |        -|      -|       -|      -|    -|
|Expression       |        -|      -|       0|   3432|    -|
|FIFO             |        -|      -|       -|      -|    -|
|Instance         |        -|    104|    6968|    208|    -|
|Memory           |        -|      -|       -|      -|    -|
|Multiplexer      |        -|      -|       -|     45|    -|
|Register         |        0|      -|    4879|    160|    -|
+-----------------+---------+-------+--------+-------+-----+
|Total            |        0|    104|   11847|   3845|    0|
+-----------------+---------+-------+--------+-------+-----+
|Available        |      280|    220|  106400|  53200|    0|
+-----------------+---------+-------+--------+-------+-----+
|Utilization (%)  |        0|     47|      11|      7|    0|
+-----------------+---------+-------+--------+-------+-----+

+ Detail: 
    * Instance: 
    +-------------------------------------+-------------------------------+---------+-------+----+----+-----+
    |               Instance              |             Module            | BRAM_18K| DSP48E| FF | LUT| URAM|
    +-------------------------------------+-------------------------------+---------+-------+----+----+-----+
    |myproject_mul_16s_10ns_26_2_0_U1654  |myproject_mul_16s_10ns_26_2_0  |        0|      1|  67|   2|    0|
    |myproject_mul_16s_10ns_26_2_0_U1656  |myproject_mul_16s_10ns_26_2_0  |        0|      1|  67|   2|    0|
    |myproject_mul_16s_10ns_26_2_0_U1658  |myproject_mul_16s_10ns_26_2_0  |        0|      1|  67|   2|    0|
    |myproject_mul_16s_10ns_26_2_0_U1659  |myproject_mul_16s_10ns_26_2_0  |        0|      1|  67|   2|    0|
    |myproject_mul_16s_10ns_26_2_0_U1667  |myproject_mul_16s_10ns_26_2_0  |        0|      1|  67|   2|    0|
    |myproject_mul_16s_10ns_26_2_0_U1672  |myproject_mul_16s_10ns_26_2_0  |        0|      1|  67|   2|    0|
    |myproject_mul_16s_10ns_26_2_0_U1673  |myproject_mul_16s_10ns_26_2_0  |        0|      1|  67|   2|    0|
    |myproject_mul_16s_10ns_26_2_0_U1674  |myproject_mul_16s_10ns_26_2_0  |        0|      1|  67|   2|    0|
    |myproject_mul_16s_10ns_26_2_0_U1681  |myproject_mul_16s_10ns_26_2_0  |        0|      1|  67|   2|    0|
    |myproject_mul_16s_10ns_26_2_0_U1685  |myproject_mul_16s_10ns_26_2_0  |        0|      1|  67|   2|    0|
    |myproject_mul_16s_10ns_26_2_0_U1690  |myproject_mul_16s_10ns_26_2_0  |        0|      1|  67|   2|    0|
    |myproject_mul_16s_10ns_26_2_0_U1699  |myproject_mul_16s_10ns_26_2_0  |        0|      1|  67|   2|    0|
    |myproject_mul_16s_10ns_26_2_0_U1703  |myproject_mul_16s_10ns_26_2_0  |        0|      1|  67|   2|    0|
    |myproject_mul_16s_10ns_26_2_0_U1708  |myproject_mul_16s_10ns_26_2_0  |        0|      1|  67|   2|    0|
    |myproject_mul_16s_10ns_26_2_0_U1717  |myproject_mul_16s_10ns_26_2_0  |        0|      1|  67|   2|    0|
    |myproject_mul_16s_10ns_26_2_0_U1721  |myproject_mul_16s_10ns_26_2_0  |        0|      1|  67|   2|    0|
    |myproject_mul_16s_10ns_26_2_0_U1722  |myproject_mul_16s_10ns_26_2_0  |        0|      1|  67|   2|    0|
    |myproject_mul_16s_10ns_26_2_0_U1734  |myproject_mul_16s_10ns_26_2_0  |        0|      1|  67|   2|    0|
    |myproject_mul_16s_10ns_26_2_0_U1736  |myproject_mul_16s_10ns_26_2_0  |        0|      1|  67|   2|    0|
    |myproject_mul_16s_10ns_26_2_0_U1739  |myproject_mul_16s_10ns_26_2_0  |        0|      1|  67|   2|    0|
    |myproject_mul_16s_10ns_26_2_0_U1741  |myproject_mul_16s_10ns_26_2_0  |        0|      1|  67|   2|    0|
    |myproject_mul_16s_10ns_26_2_0_U1750  |myproject_mul_16s_10ns_26_2_0  |        0|      1|  67|   2|    0|
    |myproject_mul_16s_10s_26_2_0_U1649   |myproject_mul_16s_10s_26_2_0   |        0|      1|  67|   2|    0|
    |myproject_mul_16s_10s_26_2_0_U1661   |myproject_mul_16s_10s_26_2_0   |        0|      1|  67|   2|    0|
    |myproject_mul_16s_10s_26_2_0_U1663   |myproject_mul_16s_10s_26_2_0   |        0|      1|  67|   2|    0|
    |myproject_mul_16s_10s_26_2_0_U1689   |myproject_mul_16s_10s_26_2_0   |        0|      1|  67|   2|    0|
    |myproject_mul_16s_10s_26_2_0_U1694   |myproject_mul_16s_10s_26_2_0   |        0|      1|  67|   2|    0|
    |myproject_mul_16s_10s_26_2_0_U1711   |myproject_mul_16s_10s_26_2_0   |        0|      1|  67|   2|    0|
    |myproject_mul_16s_10s_26_2_0_U1716   |myproject_mul_16s_10s_26_2_0   |        0|      1|  67|   2|    0|
    |myproject_mul_16s_11ns_26_2_0_U1648  |myproject_mul_16s_11ns_26_2_0  |        0|      1|  67|   2|    0|
    |myproject_mul_16s_11ns_26_2_0_U1664  |myproject_mul_16s_11ns_26_2_0  |        0|      1|  67|   2|    0|
    |myproject_mul_16s_11ns_26_2_0_U1665  |myproject_mul_16s_11ns_26_2_0  |        0|      1|  67|   2|    0|
    |myproject_mul_16s_11ns_26_2_0_U1682  |myproject_mul_16s_11ns_26_2_0  |        0|      1|  67|   2|    0|
    |myproject_mul_16s_11ns_26_2_0_U1702  |myproject_mul_16s_11ns_26_2_0  |        0|      1|  67|   2|    0|
    |myproject_mul_16s_11ns_26_2_0_U1712  |myproject_mul_16s_11ns_26_2_0  |        0|      1|  67|   2|    0|
    |myproject_mul_16s_11ns_26_2_0_U1714  |myproject_mul_16s_11ns_26_2_0  |        0|      1|  67|   2|    0|
    |myproject_mul_16s_11ns_26_2_0_U1715  |myproject_mul_16s_11ns_26_2_0  |        0|      1|  67|   2|    0|
    |myproject_mul_16s_11ns_26_2_0_U1725  |myproject_mul_16s_11ns_26_2_0  |        0|      1|  67|   2|    0|
    |myproject_mul_16s_11ns_26_2_0_U1726  |myproject_mul_16s_11ns_26_2_0  |        0|      1|  67|   2|    0|
    |myproject_mul_16s_11ns_26_2_0_U1731  |myproject_mul_16s_11ns_26_2_0  |        0|      1|  67|   2|    0|
    |myproject_mul_16s_11ns_26_2_0_U1732  |myproject_mul_16s_11ns_26_2_0  |        0|      1|  67|   2|    0|
    |myproject_mul_16s_11ns_26_2_0_U1737  |myproject_mul_16s_11ns_26_2_0  |        0|      1|  67|   2|    0|
    |myproject_mul_16s_11ns_26_2_0_U1738  |myproject_mul_16s_11ns_26_2_0  |        0|      1|  67|   2|    0|
    |myproject_mul_16s_11s_26_2_0_U1650   |myproject_mul_16s_11s_26_2_0   |        0|      1|  67|   2|    0|
    |myproject_mul_16s_11s_26_2_0_U1652   |myproject_mul_16s_11s_26_2_0   |        0|      1|  67|   2|    0|
    |myproject_mul_16s_11s_26_2_0_U1653   |myproject_mul_16s_11s_26_2_0   |        0|      1|  67|   2|    0|
    |myproject_mul_16s_11s_26_2_0_U1657   |myproject_mul_16s_11s_26_2_0   |        0|      1|  67|   2|    0|
    |myproject_mul_16s_11s_26_2_0_U1662   |myproject_mul_16s_11s_26_2_0   |        0|      1|  67|   2|    0|
    |myproject_mul_16s_11s_26_2_0_U1671   |myproject_mul_16s_11s_26_2_0   |        0|      1|  67|   2|    0|
    |myproject_mul_16s_11s_26_2_0_U1677   |myproject_mul_16s_11s_26_2_0   |        0|      1|  67|   2|    0|
    |myproject_mul_16s_11s_26_2_0_U1678   |myproject_mul_16s_11s_26_2_0   |        0|      1|  67|   2|    0|
    |myproject_mul_16s_11s_26_2_0_U1679   |myproject_mul_16s_11s_26_2_0   |        0|      1|  67|   2|    0|
    |myproject_mul_16s_11s_26_2_0_U1683   |myproject_mul_16s_11s_26_2_0   |        0|      1|  67|   2|    0|
    |myproject_mul_16s_11s_26_2_0_U1686   |myproject_mul_16s_11s_26_2_0   |        0|      1|  67|   2|    0|
    |myproject_mul_16s_11s_26_2_0_U1693   |myproject_mul_16s_11s_26_2_0   |        0|      1|  67|   2|    0|
    |myproject_mul_16s_11s_26_2_0_U1706   |myproject_mul_16s_11s_26_2_0   |        0|      1|  67|   2|    0|
    |myproject_mul_16s_11s_26_2_0_U1728   |myproject_mul_16s_11s_26_2_0   |        0|      1|  67|   2|    0|
    |myproject_mul_16s_11s_26_2_0_U1730   |myproject_mul_16s_11s_26_2_0   |        0|      1|  67|   2|    0|
    |myproject_mul_16s_11s_26_2_0_U1733   |myproject_mul_16s_11s_26_2_0   |        0|      1|  67|   2|    0|
    |myproject_mul_16s_11s_26_2_0_U1735   |myproject_mul_16s_11s_26_2_0   |        0|      1|  67|   2|    0|
    |myproject_mul_16s_11s_26_2_0_U1742   |myproject_mul_16s_11s_26_2_0   |        0|      1|  67|   2|    0|
    |myproject_mul_16s_11s_26_2_0_U1749   |myproject_mul_16s_11s_26_2_0   |        0|      1|  67|   2|    0|
    |myproject_mul_16s_11s_26_2_0_U1751   |myproject_mul_16s_11s_26_2_0   |        0|      1|  67|   2|    0|
    |myproject_mul_16s_12ns_26_2_0_U1666  |myproject_mul_16s_12ns_26_2_0  |        0|      1|  67|   2|    0|
    |myproject_mul_16s_12ns_26_2_0_U1676  |myproject_mul_16s_12ns_26_2_0  |        0|      1|  67|   2|    0|
    |myproject_mul_16s_12s_26_2_0_U1675   |myproject_mul_16s_12s_26_2_0   |        0|      1|  67|   2|    0|
    |myproject_mul_16s_12s_26_2_0_U1698   |myproject_mul_16s_12s_26_2_0   |        0|      1|  67|   2|    0|
    |myproject_mul_16s_12s_26_2_0_U1701   |myproject_mul_16s_12s_26_2_0   |        0|      1|  67|   2|    0|
    |myproject_mul_16s_12s_26_2_0_U1707   |myproject_mul_16s_12s_26_2_0   |        0|      1|  67|   2|    0|
    |myproject_mul_16s_12s_26_2_0_U1718   |myproject_mul_16s_12s_26_2_0   |        0|      1|  67|   2|    0|
    |myproject_mul_16s_12s_26_2_0_U1719   |myproject_mul_16s_12s_26_2_0   |        0|      1|  67|   2|    0|
    |myproject_mul_16s_12s_26_2_0_U1740   |myproject_mul_16s_12s_26_2_0   |        0|      1|  67|   2|    0|
    |myproject_mul_16s_12s_26_2_0_U1745   |myproject_mul_16s_12s_26_2_0   |        0|      1|  67|   2|    0|
    |myproject_mul_16s_12s_26_2_0_U1746   |myproject_mul_16s_12s_26_2_0   |        0|      1|  67|   2|    0|
    |myproject_mul_16s_6ns_22_2_0_U1723   |myproject_mul_16s_6ns_22_2_0   |        0|      1|  67|   2|    0|
    |myproject_mul_16s_7s_23_2_0_U1748    |myproject_mul_16s_7s_23_2_0    |        0|      1|  67|   2|    0|
    |myproject_mul_16s_8ns_24_2_0_U1668   |myproject_mul_16s_8ns_24_2_0   |        0|      1|  67|   2|    0|
    |myproject_mul_16s_8ns_24_2_0_U1695   |myproject_mul_16s_8ns_24_2_0   |        0|      1|  67|   2|    0|
    |myproject_mul_16s_8ns_24_2_0_U1696   |myproject_mul_16s_8ns_24_2_0   |        0|      1|  67|   2|    0|
    |myproject_mul_16s_8ns_24_2_0_U1747   |myproject_mul_16s_8ns_24_2_0   |        0|      1|  67|   2|    0|
    |myproject_mul_16s_8s_24_2_0_U1660    |myproject_mul_16s_8s_24_2_0    |        0|      1|  67|   2|    0|
    |myproject_mul_16s_8s_24_2_0_U1669    |myproject_mul_16s_8s_24_2_0    |        0|      1|  67|   2|    0|
    |myproject_mul_16s_8s_24_2_0_U1720    |myproject_mul_16s_8s_24_2_0    |        0|      1|  67|   2|    0|
    |myproject_mul_16s_9ns_25_2_0_U1651   |myproject_mul_16s_9ns_25_2_0   |        0|      1|  67|   2|    0|
    |myproject_mul_16s_9ns_25_2_0_U1670   |myproject_mul_16s_9ns_25_2_0   |        0|      1|  67|   2|    0|
    |myproject_mul_16s_9ns_25_2_0_U1680   |myproject_mul_16s_9ns_25_2_0   |        0|      1|  67|   2|    0|
    |myproject_mul_16s_9ns_25_2_0_U1687   |myproject_mul_16s_9ns_25_2_0   |        0|      1|  67|   2|    0|
    |myproject_mul_16s_9ns_25_2_0_U1691   |myproject_mul_16s_9ns_25_2_0   |        0|      1|  67|   2|    0|
    |myproject_mul_16s_9ns_25_2_0_U1697   |myproject_mul_16s_9ns_25_2_0   |        0|      1|  67|   2|    0|
    |myproject_mul_16s_9ns_25_2_0_U1700   |myproject_mul_16s_9ns_25_2_0   |        0|      1|  67|   2|    0|
    |myproject_mul_16s_9ns_25_2_0_U1704   |myproject_mul_16s_9ns_25_2_0   |        0|      1|  67|   2|    0|
    |myproject_mul_16s_9ns_25_2_0_U1705   |myproject_mul_16s_9ns_25_2_0   |        0|      1|  67|   2|    0|
    |myproject_mul_16s_9ns_25_2_0_U1710   |myproject_mul_16s_9ns_25_2_0   |        0|      1|  67|   2|    0|
    |myproject_mul_16s_9ns_25_2_0_U1743   |myproject_mul_16s_9ns_25_2_0   |        0|      1|  67|   2|    0|
    |myproject_mul_16s_9ns_25_2_0_U1744   |myproject_mul_16s_9ns_25_2_0   |        0|      1|  67|   2|    0|
    |myproject_mul_16s_9s_25_2_0_U1655    |myproject_mul_16s_9s_25_2_0    |        0|      1|  67|   2|    0|
    |myproject_mul_16s_9s_25_2_0_U1684    |myproject_mul_16s_9s_25_2_0    |        0|      1|  67|   2|    0|
    |myproject_mul_16s_9s_25_2_0_U1688    |myproject_mul_16s_9s_25_2_0    |        0|      1|  67|   2|    0|
    |myproject_mul_16s_9s_25_2_0_U1692    |myproject_mul_16s_9s_25_2_0    |        0|      1|  67|   2|    0|
    |myproject_mul_16s_9s_25_2_0_U1709    |myproject_mul_16s_9s_25_2_0    |        0|      1|  67|   2|    0|
    |myproject_mul_16s_9s_25_2_0_U1713    |myproject_mul_16s_9s_25_2_0    |        0|      1|  67|   2|    0|
    |myproject_mul_16s_9s_25_2_0_U1724    |myproject_mul_16s_9s_25_2_0    |        0|      1|  67|   2|    0|
    |myproject_mul_16s_9s_25_2_0_U1727    |myproject_mul_16s_9s_25_2_0    |        0|      1|  67|   2|    0|
    |myproject_mul_16s_9s_25_2_0_U1729    |myproject_mul_16s_9s_25_2_0    |        0|      1|  67|   2|    0|
    +-------------------------------------+-------------------------------+---------+-------+----+----+-----+
    |Total                                |                               |        0|    104|6968| 208|    0|
    +-------------------------------------+-------------------------------+---------+-------+----+----+-----+

    * DSP48E: 
    N/A

    * Memory: 
    N/A

    * FIFO: 
    N/A

    * Expression: 
    +---------------------------+----------+-------+---+----+------------+------------+
    |       Variable Name       | Operation| DSP48E| FF| LUT| Bitwidth P0| Bitwidth P1|
    +---------------------------+----------+-------+---+----+------------+------------+
    |acc_1_V_fu_60453_p2        |     +    |      0|  0|  16|          16|          16|
    |acc_2_V_fu_60462_p2        |     +    |      0|  0|  16|          16|          16|
    |acc_3_V_fu_60471_p2        |     +    |      0|  0|  16|          16|          16|
    |acc_4_V_fu_60480_p2        |     +    |      0|  0|  16|          16|          16|
    |add_ln1118_1_fu_57574_p2   |     +    |      0|  0|  28|          21|          21|
    |add_ln1118_fu_57774_p2     |     +    |      0|  0|  32|          25|          25|
    |add_ln703_100_fu_60382_p2  |     +    |      0|  0|  16|          16|          16|
    |add_ln703_101_fu_59783_p2  |     +    |      0|  0|  23|          16|          16|
    |add_ln703_102_fu_60171_p2  |     +    |      0|  0|  16|          16|          16|
    |add_ln703_103_fu_60176_p2  |     +    |      0|  0|  16|          16|          16|
    |add_ln703_104_fu_60181_p2  |     +    |      0|  0|  23|          16|          16|
    |add_ln703_105_fu_60186_p2  |     +    |      0|  0|  23|          16|          16|
    |add_ln703_106_fu_60387_p2  |     +    |      0|  0|  16|          16|          16|
    |add_ln703_107_fu_60391_p2  |     +    |      0|  0|  16|          16|          16|
    |add_ln703_108_fu_59788_p2  |     +    |      0|  0|  23|          16|          16|
    |add_ln703_109_fu_60191_p2  |     +    |      0|  0|  16|          16|          16|
    |add_ln703_10_fu_59952_p2   |     +    |      0|  0|  16|          16|          16|
    |add_ln703_110_fu_60196_p2  |     +    |      0|  0|  16|          16|          16|
    |add_ln703_111_fu_60201_p2  |     +    |      0|  0|  23|          16|          16|
    |add_ln703_112_fu_60206_p2  |     +    |      0|  0|  15|           9|           8|
    |add_ln703_113_fu_60399_p2  |     +    |      0|  0|  16|          16|          16|
    |add_ln703_114_fu_60404_p2  |     +    |      0|  0|  16|          16|          16|
    |add_ln703_115_fu_60467_p2  |     +    |      0|  0|  16|          16|          16|
    |add_ln703_117_fu_59793_p2  |     +    |      0|  0|  16|          16|          16|
    |add_ln703_118_fu_59797_p2  |     +    |      0|  0|  16|          16|          16|
    |add_ln703_119_fu_59803_p2  |     +    |      0|  0|  17|          13|          13|
    |add_ln703_11_fu_59957_p2   |     +    |      0|  0|  16|          16|          16|
    |add_ln703_120_fu_59809_p2  |     +    |      0|  0|  23|          16|          16|
    |add_ln703_121_fu_60215_p2  |     +    |      0|  0|  16|          16|          16|
    |add_ln703_122_fu_60220_p2  |     +    |      0|  0|  16|          16|          16|
    |add_ln703_123_fu_59814_p2  |     +    |      0|  0|  23|          16|          16|
    |add_ln703_124_fu_60225_p2  |     +    |      0|  0|  16|          16|          16|
    |add_ln703_125_fu_60230_p2  |     +    |      0|  0|  16|          16|          16|
    |add_ln703_126_fu_59818_p2  |     +    |      0|  0|  23|          16|          16|
    |add_ln703_127_fu_60235_p2  |     +    |      0|  0|  16|          16|          16|
    |add_ln703_128_fu_60240_p2  |     +    |      0|  0|  16|          16|          16|
    |add_ln703_129_fu_60409_p2  |     +    |      0|  0|  16|          16|          16|
    |add_ln703_12_fu_60281_p2   |     +    |      0|  0|  16|          16|          16|
    |add_ln703_130_fu_60413_p2  |     +    |      0|  0|  16|          16|          16|
    |add_ln703_131_fu_60245_p2  |     +    |      0|  0|  16|          16|          16|
    |add_ln703_132_fu_60250_p2  |     +    |      0|  0|  16|          16|          16|
    |add_ln703_133_fu_60256_p2  |     +    |      0|  0|  23|          16|          16|
    |add_ln703_134_fu_59822_p2  |     +    |      0|  0|  23|          16|          16|
    |add_ln703_135_fu_60418_p2  |     +    |      0|  0|  16|          16|          16|
    |add_ln703_136_fu_60422_p2  |     +    |      0|  0|  16|          16|          16|
    |add_ln703_137_fu_59826_p2  |     +    |      0|  0|  23|          16|          16|
    |add_ln703_138_fu_60260_p2  |     +    |      0|  0|  16|          16|          16|
    |add_ln703_139_fu_60264_p2  |     +    |      0|  0|  16|          16|          16|
    |add_ln703_13_fu_60285_p2   |     +    |      0|  0|  16|          16|          16|
    |add_ln703_140_fu_60269_p2  |     +    |      0|  0|  23|          16|          16|
    |add_ln703_141_fu_60275_p2  |     +    |      0|  0|  15|           8|           8|
    |add_ln703_142_fu_60430_p2  |     +    |      0|  0|  16|          16|          16|
    |add_ln703_143_fu_60435_p2  |     +    |      0|  0|  16|          16|          16|
    |add_ln703_144_fu_60476_p2  |     +    |      0|  0|  16|          16|          16|
    |add_ln703_14_fu_59668_p2   |     +    |      0|  0|  23|          16|          16|
    |add_ln703_15_fu_59962_p2   |     +    |      0|  0|  16|          16|          16|
    |add_ln703_16_fu_59967_p2   |     +    |      0|  0|  16|          16|          16|
    |add_ln703_17_fu_59972_p2   |     +    |      0|  0|  15|           8|           8|
    |add_ln703_18_fu_59978_p2   |     +    |      0|  0|  23|          16|          16|
    |add_ln703_19_fu_60293_p2   |     +    |      0|  0|  16|          16|          16|
    |add_ln703_1_fu_59649_p2    |     +    |      0|  0|  16|          16|          16|
    |add_ln703_20_fu_60298_p2   |     +    |      0|  0|  16|          16|          16|
    |add_ln703_21_fu_59673_p2   |     +    |      0|  0|  23|          16|          16|
    |add_ln703_22_fu_59983_p2   |     +    |      0|  0|  16|          16|          16|
    |add_ln703_23_fu_59988_p2   |     +    |      0|  0|  16|          16|          16|
    |add_ln703_24_fu_59993_p2   |     +    |      0|  0|  23|          16|          16|
    |add_ln703_25_fu_59997_p2   |     +    |      0|  0|  15|           8|           5|
    |add_ln703_26_fu_60306_p2   |     +    |      0|  0|  16|          16|          16|
    |add_ln703_27_fu_60311_p2   |     +    |      0|  0|  16|          16|          16|
    |add_ln703_28_fu_60440_p2   |     +    |      0|  0|  16|          16|          16|
    |add_ln703_29_fu_60444_p2   |     +    |      0|  0|  16|          16|          16|
    |add_ln703_2_fu_59655_p2    |     +    |      0|  0|  23|          16|          16|
    |add_ln703_30_fu_59677_p2   |     +    |      0|  0|  16|          16|          16|
    |add_ln703_31_fu_59682_p2   |     +    |      0|  0|  16|          16|          16|
    |add_ln703_32_fu_59688_p2   |     +    |      0|  0|  23|          16|          16|
    |add_ln703_33_fu_59693_p2   |     +    |      0|  0|  23|          16|          16|
    |add_ln703_34_fu_60003_p2   |     +    |      0|  0|  16|          16|          16|
    |add_ln703_35_fu_60007_p2   |     +    |      0|  0|  16|          16|          16|
    |add_ln703_36_fu_59698_p2   |     +    |      0|  0|  23|          16|          16|
    |add_ln703_37_fu_60012_p2   |     +    |      0|  0|  16|          16|          16|
    |add_ln703_38_fu_60016_p2   |     +    |      0|  0|  16|          16|          16|
    |add_ln703_39_fu_59704_p2   |     +    |      0|  0|  23|          16|          16|
    |add_ln703_3_fu_59659_p2    |     +    |      0|  0|  23|          16|          16|
    |add_ln703_40_fu_60021_p2   |     +    |      0|  0|  16|          16|          16|
    |add_ln703_41_fu_60026_p2   |     +    |      0|  0|  16|          16|          16|
    |add_ln703_42_fu_60316_p2   |     +    |      0|  0|  16|          16|          16|
    |add_ln703_43_fu_60320_p2   |     +    |      0|  0|  16|          16|          16|
    |add_ln703_44_fu_60031_p2   |     +    |      0|  0|  16|          16|          16|
    |add_ln703_45_fu_60036_p2   |     +    |      0|  0|  16|          16|          16|
    |add_ln703_46_fu_60041_p2   |     +    |      0|  0|  15|           9|           9|
    |add_ln703_47_fu_60047_p2   |     +    |      0|  0|  23|          16|          16|
    |add_ln703_48_fu_60328_p2   |     +    |      0|  0|  16|          16|          16|
    |add_ln703_49_fu_60333_p2   |     +    |      0|  0|  16|          16|          16|
    |add_ln703_4_fu_59929_p2    |     +    |      0|  0|  16|          16|          16|
    |add_ln703_50_fu_59710_p2   |     +    |      0|  0|  21|          15|          15|
    |add_ln703_51_fu_60054_p2   |     +    |      0|  0|  16|          16|          16|
    |add_ln703_52_fu_60059_p2   |     +    |      0|  0|  16|          16|          16|
    |add_ln703_53_fu_60065_p2   |     +    |      0|  0|  23|          16|          16|
    |add_ln703_54_fu_60070_p2   |     +    |      0|  0|  15|           9|           7|
    |add_ln703_55_fu_60341_p2   |     +    |      0|  0|  16|          16|          16|
    |add_ln703_56_fu_60346_p2   |     +    |      0|  0|  16|          16|          16|
    |add_ln703_57_fu_60449_p2   |     +    |      0|  0|  16|          16|          16|
    |add_ln703_59_fu_59716_p2   |     +    |      0|  0|  16|          16|          16|
    |add_ln703_5_fu_59933_p2    |     +    |      0|  0|  16|          16|          16|
    |add_ln703_60_fu_59721_p2   |     +    |      0|  0|  16|          16|          16|
    |add_ln703_61_fu_59726_p2   |     +    |      0|  0|  23|          16|          16|
    |add_ln703_62_fu_59731_p2   |     +    |      0|  0|  23|          16|          16|
    |add_ln703_63_fu_60076_p2   |     +    |      0|  0|  16|          16|          16|
    |add_ln703_64_fu_60080_p2   |     +    |      0|  0|  16|          16|          16|
    |add_ln703_65_fu_60085_p2   |     +    |      0|  0|  16|          16|          16|
    |add_ln703_66_fu_60090_p2   |     +    |      0|  0|  16|          16|          16|
    |add_ln703_67_fu_59736_p2   |     +    |      0|  0|  23|          16|          16|
    |add_ln703_68_fu_60095_p2   |     +    |      0|  0|  16|          16|          16|
    |add_ln703_69_fu_60100_p2   |     +    |      0|  0|  16|          16|          16|
    |add_ln703_6_fu_59938_p2    |     +    |      0|  0|  16|          16|          16|
    |add_ln703_70_fu_60351_p2   |     +    |      0|  0|  16|          16|          16|
    |add_ln703_71_fu_60355_p2   |     +    |      0|  0|  16|          16|          16|
    |add_ln703_72_fu_60105_p2   |     +    |      0|  0|  16|          16|          16|
    |add_ln703_73_fu_60110_p2   |     +    |      0|  0|  16|          16|          16|
    |add_ln703_74_fu_60115_p2   |     +    |      0|  0|  23|          16|          16|
    |add_ln703_75_fu_60120_p2   |     +    |      0|  0|  23|          16|          16|
    |add_ln703_76_fu_60360_p2   |     +    |      0|  0|  16|          16|          16|
    |add_ln703_77_fu_60364_p2   |     +    |      0|  0|  16|          16|          16|
    |add_ln703_78_fu_59742_p2   |     +    |      0|  0|  21|          15|          15|
    |add_ln703_79_fu_60128_p2   |     +    |      0|  0|  16|          16|          16|
    |add_ln703_7_fu_58705_p2    |     +    |      0|  0|  14|          10|          10|
    |add_ln703_80_fu_60132_p2   |     +    |      0|  0|  16|          16|          16|
    |add_ln703_81_fu_59748_p2   |     +    |      0|  0|  23|          16|          16|
    |add_ln703_82_fu_60138_p2   |     +    |      0|  0|  23|          16|           5|
    |add_ln703_83_fu_60369_p2   |     +    |      0|  0|  16|          16|          16|
    |add_ln703_84_fu_60373_p2   |     +    |      0|  0|  16|          16|          16|
    |add_ln703_85_fu_60458_p2   |     +    |      0|  0|  16|          16|          16|
    |add_ln703_87_fu_59754_p2   |     +    |      0|  0|  16|          16|          16|
    |add_ln703_88_fu_59758_p2   |     +    |      0|  0|  16|          16|          16|
    |add_ln703_89_fu_59764_p2   |     +    |      0|  0|  23|          16|          16|
    |add_ln703_8_fu_59946_p2    |     +    |      0|  0|  16|          16|          16|
    |add_ln703_90_fu_59768_p2   |     +    |      0|  0|  23|          16|          16|
    |add_ln703_91_fu_60143_p2   |     +    |      0|  0|  16|          16|          16|
    |add_ln703_92_fu_60147_p2   |     +    |      0|  0|  16|          16|          16|
    |add_ln703_93_fu_59773_p2   |     +    |      0|  0|  23|          16|          16|
    |add_ln703_94_fu_60152_p2   |     +    |      0|  0|  16|          16|          16|
    |add_ln703_95_fu_60157_p2   |     +    |      0|  0|  16|          16|          16|
    |add_ln703_96_fu_59777_p2   |     +    |      0|  0|  23|          16|          16|
    |add_ln703_97_fu_60162_p2   |     +    |      0|  0|  16|          16|          16|
    |add_ln703_98_fu_60166_p2   |     +    |      0|  0|  16|          16|          16|
    |add_ln703_99_fu_60378_p2   |     +    |      0|  0|  16|          16|          16|
    |add_ln703_9_fu_59663_p2    |     +    |      0|  0|  23|          16|          16|
    |add_ln703_fu_59645_p2      |     +    |      0|  0|  16|          16|          16|
    |sub_ln1118_10_fu_57455_p2  |     -    |      0|  0|  16|          25|          25|
    |sub_ln1118_11_fu_57497_p2  |     -    |      0|  0|  24|           1|          17|
    |sub_ln1118_12_fu_58220_p2  |     -    |      0|  0|  26|          19|          19|
    |sub_ln1118_13_fu_58251_p2  |     -    |      0|  0|  27|           1|          20|
    |sub_ln1118_14_fu_58284_p2  |     -    |      0|  0|  24|           1|          17|
    |sub_ln1118_15_fu_58907_p2  |     -    |      0|  0|  27|          20|          20|
    |sub_ln1118_16_fu_58923_p2  |     -    |      0|  0|  25|           1|          18|
    |sub_ln1118_17_fu_58460_p2  |     -    |      0|  0|  16|           1|          26|
    |sub_ln1118_18_fu_58466_p2  |     -    |      0|  0|  16|          26|          26|
    |sub_ln1118_19_fu_58516_p2  |     -    |      0|  0|  26|          19|          19|
    |sub_ln1118_1_fu_57747_p2   |     -    |      0|  0|  26|          19|          19|
    |sub_ln1118_20_fu_59058_p2  |     -    |      0|  0|  24|           1|          17|
    |sub_ln1118_21_fu_59085_p2  |     -    |      0|  0|  25|           1|          18|
    |sub_ln1118_22_fu_59139_p2  |     -    |      0|  0|  33|          26|          26|
    |sub_ln1118_23_fu_57629_p2  |     -    |      0|  0|  24|           1|          17|
    |sub_ln1118_24_fu_59259_p2  |     -    |      0|  0|  25|           1|          18|
    |sub_ln1118_25_fu_59300_p2  |     -    |      0|  0|  26|          19|          19|
    |sub_ln1118_26_fu_57696_p2  |     -    |      0|  0|  25|           1|          18|
    |sub_ln1118_27_fu_59404_p2  |     -    |      0|  0|  24|           1|          17|
    |sub_ln1118_28_fu_59441_p2  |     -    |      0|  0|  32|          25|          25|
    |sub_ln1118_29_fu_59515_p2  |     -    |      0|  0|  28|          21|          21|
    |sub_ln1118_2_fu_57315_p2   |     -    |      0|  0|  24|           1|          17|
    |sub_ln1118_30_fu_59546_p2  |     -    |      0|  0|  26|           1|          19|
    |sub_ln1118_31_fu_59596_p2  |     -    |      0|  0|  16|           1|          26|
    |sub_ln1118_32_fu_59613_p2  |     -    |      0|  0|  16|          26|          26|
    |sub_ln1118_33_fu_59629_p2  |     -    |      0|  0|  24|           1|          17|
    |sub_ln1118_3_fu_57343_p2   |     -    |      0|  0|  16|           1|          26|
    |sub_ln1118_4_fu_57349_p2   |     -    |      0|  0|  16|          26|          26|
    |sub_ln1118_5_fu_57907_p2   |     -    |      0|  0|  16|           1|          24|
    |sub_ln1118_6_fu_57924_p2   |     -    |      0|  0|  16|          24|          24|
    |sub_ln1118_7_fu_57982_p2   |     -    |      0|  0|  28|          21|          21|
    |sub_ln1118_8_fu_57397_p2   |     -    |      0|  0|  24|           1|          17|
    |sub_ln1118_9_fu_57437_p2   |     -    |      0|  0|  16|           1|          25|
    |sub_ln1118_fu_57790_p2     |     -    |      0|  0|  24|           1|          17|
    +---------------------------+----------+-------+---+----+------------+------------+
    |Total                      |          |      0|  0|3432|        2662|        3016|
    +---------------------------+----------+-------+---+----+------------+------------+

    * Multiplexer: 
    +-------------+----+-----------+-----+-----------+
    |     Name    | LUT| Input Size| Bits| Total Bits|
    +-------------+----+-----------+-----+-----------+
    |ap_return_0  |   9|          2|   16|         32|
    |ap_return_1  |   9|          2|   16|         32|
    |ap_return_2  |   9|          2|   16|         32|
    |ap_return_3  |   9|          2|   16|         32|
    |ap_return_4  |   9|          2|   16|         32|
    +-------------+----+-----------+-----+-----------+
    |Total        |  45|         10|   80|        160|
    +-------------+----+-----------+-----+-----------+

    * Register: 
    +------------------------------------------+----+----+-----+-----------+
    |                   Name                   | FF | LUT| Bits| Const Bits|
    +------------------------------------------+----+----+-----+-----------+
    |add_ln703_100_reg_62051                   |  16|   0|   16|          0|
    |add_ln703_101_reg_61746                   |  16|   0|   16|          0|
    |add_ln703_103_reg_61936                   |  16|   0|   16|          0|
    |add_ln703_104_reg_61941                   |  16|   0|   16|          0|
    |add_ln703_105_reg_61946                   |  16|   0|   16|          0|
    |add_ln703_107_reg_62056                   |  16|   0|   16|          0|
    |add_ln703_108_reg_61751                   |  16|   0|   16|          0|
    |add_ln703_110_reg_61951                   |  16|   0|   16|          0|
    |add_ln703_111_reg_61956                   |  16|   0|   16|          0|
    |add_ln703_112_reg_61961                   |   9|   0|    9|          0|
    |add_ln703_114_reg_62061                   |  16|   0|   16|          0|
    |add_ln703_118_reg_61756                   |  16|   0|   16|          0|
    |add_ln703_119_reg_61761                   |  13|   0|   13|          0|
    |add_ln703_11_reg_61801                    |  16|   0|   16|          0|
    |add_ln703_120_reg_61766                   |  16|   0|   16|          0|
    |add_ln703_122_reg_61966                   |  16|   0|   16|          0|
    |add_ln703_123_reg_61771                   |  16|   0|   16|          0|
    |add_ln703_125_reg_61971                   |  16|   0|   16|          0|
    |add_ln703_126_reg_61776                   |  16|   0|   16|          0|
    |add_ln703_128_reg_61976                   |  16|   0|   16|          0|
    |add_ln703_130_reg_62066                   |  16|   0|   16|          0|
    |add_ln703_132_reg_61981                   |  16|   0|   16|          0|
    |add_ln703_133_reg_61986                   |  16|   0|   16|          0|
    |add_ln703_134_reg_61781                   |  16|   0|   16|          0|
    |add_ln703_134_reg_61781_pp0_iter3_reg     |  16|   0|   16|          0|
    |add_ln703_136_reg_62071                   |  16|   0|   16|          0|
    |add_ln703_137_reg_61786                   |  16|   0|   16|          0|
    |add_ln703_139_reg_61991                   |  16|   0|   16|          0|
    |add_ln703_13_reg_62006                    |  16|   0|   16|          0|
    |add_ln703_140_reg_61996                   |  16|   0|   16|          0|
    |add_ln703_141_reg_62001                   |   8|   0|    8|          0|
    |add_ln703_143_reg_62076                   |  16|   0|   16|          0|
    |add_ln703_14_reg_61651                    |  16|   0|   16|          0|
    |add_ln703_16_reg_61806                    |  16|   0|   16|          0|
    |add_ln703_17_reg_61811                    |   8|   0|    8|          0|
    |add_ln703_18_reg_61816                    |  16|   0|   16|          0|
    |add_ln703_1_reg_61631                     |  16|   0|   16|          0|
    |add_ln703_20_reg_62011                    |  16|   0|   16|          0|
    |add_ln703_21_reg_61656                    |  16|   0|   16|          0|
    |add_ln703_23_reg_61821                    |  16|   0|   16|          0|
    |add_ln703_24_reg_61826                    |  16|   0|   16|          0|
    |add_ln703_25_reg_61831                    |   8|   0|    8|          0|
    |add_ln703_27_reg_62016                    |  16|   0|   16|          0|
    |add_ln703_2_reg_61636                     |  16|   0|   16|          0|
    |add_ln703_31_reg_61661                    |  16|   0|   16|          0|
    |add_ln703_32_reg_61666                    |  16|   0|   16|          0|
    |add_ln703_33_reg_61671                    |  16|   0|   16|          0|
    |add_ln703_35_reg_61836                    |  16|   0|   16|          0|
    |add_ln703_36_reg_61676                    |  16|   0|   16|          0|
    |add_ln703_38_reg_61841                    |  16|   0|   16|          0|
    |add_ln703_39_reg_61681                    |  16|   0|   16|          0|
    |add_ln703_3_reg_61641                     |  16|   0|   16|          0|
    |add_ln703_41_reg_61846                    |  16|   0|   16|          0|
    |add_ln703_43_reg_62021                    |  16|   0|   16|          0|
    |add_ln703_45_reg_61851                    |  16|   0|   16|          0|
    |add_ln703_46_reg_61856                    |   9|   0|    9|          0|
    |add_ln703_47_reg_61861                    |  16|   0|   16|          0|
    |add_ln703_49_reg_62026                    |  16|   0|   16|          0|
    |add_ln703_50_reg_61686                    |  15|   0|   15|          0|
    |add_ln703_52_reg_61866                    |  16|   0|   16|          0|
    |add_ln703_53_reg_61871                    |  16|   0|   16|          0|
    |add_ln703_54_reg_61876                    |   9|   0|    9|          0|
    |add_ln703_56_reg_62031                    |  16|   0|   16|          0|
    |add_ln703_5_reg_61791                     |  16|   0|   16|          0|
    |add_ln703_60_reg_61691                    |  16|   0|   16|          0|
    |add_ln703_61_reg_61696                    |  16|   0|   16|          0|
    |add_ln703_62_reg_61701                    |  16|   0|   16|          0|
    |add_ln703_64_reg_61881                    |  16|   0|   16|          0|
    |add_ln703_66_reg_61886                    |  16|   0|   16|          0|
    |add_ln703_67_reg_61706                    |  16|   0|   16|          0|
    |add_ln703_69_reg_61891                    |  16|   0|   16|          0|
    |add_ln703_71_reg_62036                    |  16|   0|   16|          0|
    |add_ln703_73_reg_61896                    |  16|   0|   16|          0|
    |add_ln703_74_reg_61901                    |  16|   0|   16|          0|
    |add_ln703_75_reg_61906                    |  16|   0|   16|          0|
    |add_ln703_77_reg_62041                    |  16|   0|   16|          0|
    |add_ln703_78_reg_61711                    |  15|   0|   15|          0|
    |add_ln703_7_reg_61335                     |  10|   0|   10|          0|
    |add_ln703_7_reg_61335_pp0_iter2_reg       |  10|   0|   10|          0|
    |add_ln703_80_reg_61911                    |  16|   0|   16|          0|
    |add_ln703_81_reg_61716                    |  16|   0|   16|          0|
    |add_ln703_81_reg_61716_pp0_iter3_reg      |  16|   0|   16|          0|
    |add_ln703_82_reg_61916                    |  16|   0|   16|          0|
    |add_ln703_84_reg_62046                    |  16|   0|   16|          0|
    |add_ln703_88_reg_61721                    |  16|   0|   16|          0|
    |add_ln703_89_reg_61726                    |  16|   0|   16|          0|
    |add_ln703_8_reg_61796                     |  16|   0|   16|          0|
    |add_ln703_90_reg_61731                    |  16|   0|   16|          0|
    |add_ln703_92_reg_61921                    |  16|   0|   16|          0|
    |add_ln703_93_reg_61736                    |  16|   0|   16|          0|
    |add_ln703_95_reg_61926                    |  16|   0|   16|          0|
    |add_ln703_96_reg_61741                    |  16|   0|   16|          0|
    |add_ln703_98_reg_61931                    |  16|   0|   16|          0|
    |add_ln703_9_reg_61646                     |  16|   0|   16|          0|
    |ap_ce_reg                                 |   1|   0|    1|          0|
    |ap_return_0_int_reg                       |  16|   0|   16|          0|
    |ap_return_1_int_reg                       |  16|   0|   16|          0|
    |ap_return_2_int_reg                       |  16|   0|   16|          0|
    |ap_return_3_int_reg                       |  16|   0|   16|          0|
    |ap_return_4_int_reg                       |  16|   0|   16|          0|
    |data_0_V_read_5_reg_60631                 |  16|   0|   16|          0|
    |data_0_V_read_int_reg                     |  16|   0|   16|          0|
    |data_10_V_read_int_reg                    |  16|   0|   16|          0|
    |data_11_V_read21_reg_60609                |  16|   0|   16|          0|
    |data_11_V_read_int_reg                    |  16|   0|   16|          0|
    |data_12_V_read22_reg_60603                |  16|   0|   16|          0|
    |data_12_V_read_int_reg                    |  16|   0|   16|          0|
    |data_13_V_read_int_reg                    |  16|   0|   16|          0|
    |data_14_V_read_int_reg                    |  16|   0|   16|          0|
    |data_15_V_read_int_reg                    |  16|   0|   16|          0|
    |data_16_V_read_4_reg_60596                |  16|   0|   16|          0|
    |data_16_V_read_4_reg_60596_pp0_iter1_reg  |  16|   0|   16|          0|
    |data_16_V_read_int_reg                    |  16|   0|   16|          0|
    |data_17_V_read_4_reg_60590                |  16|   0|   16|          0|
    |data_17_V_read_int_reg                    |  16|   0|   16|          0|
    |data_18_V_read_4_reg_60582                |  16|   0|   16|          0|
    |data_18_V_read_int_reg                    |  16|   0|   16|          0|
    |data_19_V_read_4_reg_60576                |  16|   0|   16|          0|
    |data_19_V_read_int_reg                    |  16|   0|   16|          0|
    |data_1_V_read_int_reg                     |  16|   0|   16|          0|
    |data_20_V_read_2_reg_60566                |  16|   0|   16|          0|
    |data_20_V_read_2_reg_60566_pp0_iter1_reg  |  16|   0|   16|          0|
    |data_20_V_read_int_reg                    |  16|   0|   16|          0|
    |data_21_V_read_int_reg                    |  16|   0|   16|          0|
    |data_22_V_read32_reg_60560                |  16|   0|   16|          0|
    |data_22_V_read_int_reg                    |  16|   0|   16|          0|
    |data_23_V_read33_reg_60555                |  16|   0|   16|          0|
    |data_23_V_read_int_reg                    |  16|   0|   16|          0|
    |data_24_V_read_4_reg_60547                |  16|   0|   16|          0|
    |data_24_V_read_4_reg_60547_pp0_iter1_reg  |  16|   0|   16|          0|
    |data_24_V_read_int_reg                    |  16|   0|   16|          0|
    |data_25_V_read_int_reg                    |  16|   0|   16|          0|
    |data_26_V_read_int_reg                    |  16|   0|   16|          0|
    |data_27_V_read_int_reg                    |  16|   0|   16|          0|
    |data_28_V_read_4_reg_60541                |  16|   0|   16|          0|
    |data_28_V_read_int_reg                    |  16|   0|   16|          0|
    |data_29_V_read_4_reg_60532                |  16|   0|   16|          0|
    |data_29_V_read_4_reg_60532_pp0_iter1_reg  |  16|   0|   16|          0|
    |data_29_V_read_int_reg                    |  16|   0|   16|          0|
    |data_2_V_read_int_reg                     |  16|   0|   16|          0|
    |data_30_V_read_2_reg_60523                |  16|   0|   16|          0|
    |data_30_V_read_2_reg_60523_pp0_iter1_reg  |  16|   0|   16|          0|
    |data_30_V_read_int_reg                    |  16|   0|   16|          0|
    |data_31_V_read41_reg_60515                |  16|   0|   16|          0|
    |data_31_V_read41_reg_60515_pp0_iter1_reg  |  16|   0|   16|          0|
    |data_31_V_read_int_reg                    |  16|   0|   16|          0|
    |data_3_V_read13_reg_60623                 |  16|   0|   16|          0|
    |data_3_V_read_int_reg                     |  16|   0|   16|          0|
    |data_4_V_read_int_reg                     |  16|   0|   16|          0|
    |data_5_V_read_int_reg                     |  16|   0|   16|          0|
    |data_6_V_read_int_reg                     |  16|   0|   16|          0|
    |data_7_V_read_int_reg                     |  16|   0|   16|          0|
    |data_8_V_read_int_reg                     |  16|   0|   16|          0|
    |data_9_V_read_4_reg_60618                 |  16|   0|   16|          0|
    |data_9_V_read_int_reg                     |  16|   0|   16|          0|
    |mult_10_V_reg_60916                       |  16|   0|   16|          0|
    |mult_13_V_reg_60926                       |  16|   0|   16|          0|
    |mult_14_V_reg_60665                       |  16|   0|   16|          0|
    |mult_14_V_reg_60665_pp0_iter1_reg         |  16|   0|   16|          0|
    |mult_15_V_reg_60931                       |  16|   0|   16|          0|
    |mult_17_V_reg_60941                       |  16|   0|   16|          0|
    |mult_18_V_reg_60946                       |  16|   0|   16|          0|
    |mult_20_V_reg_60956                       |  16|   0|   16|          0|
    |mult_21_V_reg_60961                       |  16|   0|   16|          0|
    |mult_23_V_reg_60966                       |  16|   0|   16|          0|
    |mult_25_V_reg_60976                       |  16|   0|   16|          0|
    |mult_26_V_reg_60981                       |  16|   0|   16|          0|
    |mult_27_V_reg_60986                       |  16|   0|   16|          0|
    |mult_28_V_reg_60991                       |  16|   0|   16|          0|
    |mult_29_V_reg_60996                       |  16|   0|   16|          0|
    |mult_35_V_reg_61001                       |  16|   0|   16|          0|
    |mult_38_V_reg_61011                       |  16|   0|   16|          0|
    |mult_39_V_reg_61016                       |  16|   0|   16|          0|
    |mult_42_V_reg_61031                       |  16|   0|   16|          0|
    |mult_43_V_reg_61036                       |  16|   0|   16|          0|
    |mult_44_V_reg_61041                       |  16|   0|   16|          0|
    |mult_45_V_reg_61340                       |  16|   0|   16|          0|
    |mult_46_V_reg_61345                       |  16|   0|   16|          0|
    |mult_48_V_reg_61350                       |  16|   0|   16|          0|
    |mult_56_V_reg_61355                       |  16|   0|   16|          0|
    |mult_57_V_reg_61360                       |  16|   0|   16|          0|
    |mult_5_V_reg_60891                        |  16|   0|   16|          0|
    |mult_62_V_reg_61370                       |  16|   0|   16|          0|
    |mult_65_V_reg_61089                       |  16|   0|   16|          0|
    |mult_69_V_reg_61104                       |  16|   0|   16|          0|
    |mult_69_V_reg_61104_pp0_iter2_reg         |  16|   0|   16|          0|
    |mult_6_V_reg_60896                        |  16|   0|   16|          0|
    |mult_7_V_reg_60901                        |  16|   0|   16|          0|
    |mult_8_V_reg_60906                        |  16|   0|   16|          0|
    |mult_9_V_reg_60911                        |  16|   0|   16|          0|
    |sext_ln1118_44_reg_60797                  |  26|   0|   26|          0|
    |sext_ln708_42_reg_60863                   |  26|   0|   26|          0|
    |tmp_21_reg_60951                          |  11|   0|   11|          0|
    |tmp_22_reg_60971                          |  12|   0|   12|          0|
    |tmp_23_reg_60742                          |   7|   0|    7|          0|
    |tmp_25_reg_61460                          |   7|   0|    7|          0|
    |tmp_26_reg_61465                          |   8|   0|    8|          0|
    |tmp_28_reg_61256                          |  14|   0|   14|          0|
    |tmp_29_reg_61276                          |  14|   0|   14|          0|
    |tmp_30_reg_60858                          |   8|   0|    8|          0|
    |tmp_30_reg_60858_pp0_iter1_reg            |   8|   0|    8|          0|
    |trunc_ln708_10_reg_61380                  |  16|   0|   16|          0|
    |trunc_ln708_11_reg_61006                  |  15|   0|   15|          0|
    |trunc_ln708_12_reg_61385                  |  16|   0|   16|          0|
    |trunc_ln708_13_reg_61139                  |  16|   0|   16|          0|
    |trunc_ln708_14_reg_61149                  |  16|   0|   16|          0|
    |trunc_ln708_15_reg_61021                  |  14|   0|   14|          0|
    |trunc_ln708_15_reg_61021_pp0_iter2_reg    |  14|   0|   14|          0|
    |trunc_ln708_16_reg_61026                  |  15|   0|   15|          0|
    |trunc_ln708_17_reg_61154                  |  16|   0|   16|          0|
    |trunc_ln708_18_reg_61053                  |  14|   0|   14|          0|
    |trunc_ln708_19_reg_61069                  |  10|   0|   10|          0|
    |trunc_ln708_19_reg_61069_pp0_iter2_reg    |  10|   0|   10|          0|
    |trunc_ln708_1_reg_60886                   |   7|   0|    7|          0|
    |trunc_ln708_20_reg_61405                  |  16|   0|   16|          0|
    |trunc_ln708_21_reg_61170                  |  16|   0|   16|          0|
    |trunc_ln708_21_reg_61170_pp0_iter2_reg    |  16|   0|   16|          0|
    |trunc_ln708_22_reg_61365                  |  15|   0|   15|          0|
    |trunc_ln708_23_reg_61410                  |  16|   0|   16|          0|
    |trunc_ln708_24_reg_61415                  |  16|   0|   16|          0|
    |trunc_ln708_25_reg_61420                  |  16|   0|   16|          0|
    |trunc_ln708_26_reg_61425                  |  16|   0|   16|          0|
    |trunc_ln708_27_reg_61079                  |  15|   0|   15|          0|
    |trunc_ln708_28_reg_60752                  |  13|   0|   13|          0|
    |trunc_ln708_29_reg_61084                  |   7|   0|    7|          0|
    |trunc_ln708_2_reg_60921                   |  15|   0|   15|          0|
    |trunc_ln708_30_reg_60757                  |   6|   0|    6|          0|
    |trunc_ln708_31_reg_61445                  |  16|   0|   16|          0|
    |trunc_ln708_32_reg_61450                  |  16|   0|   16|          0|
    |trunc_ln708_33_reg_60774                  |  11|   0|   11|          0|
    |trunc_ln708_33_reg_60774_pp0_iter1_reg    |  11|   0|   11|          0|
    |trunc_ln708_34_reg_61094                  |  15|   0|   15|          0|
    |trunc_ln708_34_reg_61094_pp0_iter2_reg    |  15|   0|   15|          0|
    |trunc_ln708_35_reg_61099                  |  15|   0|   15|          0|
    |trunc_ln708_36_reg_61109                  |  15|   0|   15|          0|
    |trunc_ln708_36_reg_61109_pp0_iter2_reg    |  15|   0|   15|          0|
    |trunc_ln708_37_reg_61475                  |  16|   0|   16|          0|
    |trunc_ln708_38_reg_61480                  |  16|   0|   16|          0|
    |trunc_ln708_39_reg_61114                  |  15|   0|   15|          0|
    |trunc_ln708_3_reg_60660                   |   7|   0|    7|          0|
    |trunc_ln708_3_reg_60660_pp0_iter1_reg     |   7|   0|    7|          0|
    |trunc_ln708_40_reg_61119                  |  15|   0|   15|          0|
    |trunc_ln708_41_reg_61134                  |  13|   0|   13|          0|
    |trunc_ln708_42_reg_61390                  |  15|   0|   15|          0|
    |trunc_ln708_43_reg_61395                  |  10|   0|   10|          0|
    |trunc_ln708_44_reg_61400                  |   8|   0|    8|          0|
    |trunc_ln708_45_reg_61490                  |  16|   0|   16|          0|
    |trunc_ln708_46_reg_61495                  |  16|   0|   16|          0|
    |trunc_ln708_47_reg_61500                  |  16|   0|   16|          0|
    |trunc_ln708_48_reg_61505                  |  16|   0|   16|          0|
    |trunc_ln708_49_reg_61510                  |  16|   0|   16|          0|
    |trunc_ln708_4_reg_60936                   |  14|   0|   14|          0|
    |trunc_ln708_50_reg_61515                  |  16|   0|   16|          0|
    |trunc_ln708_51_reg_61520                  |  16|   0|   16|          0|
    |trunc_ln708_52_reg_61165                  |  15|   0|   15|          0|
    |trunc_ln708_53_reg_61525                  |  16|   0|   16|          0|
    |trunc_ln708_54_reg_61246                  |  16|   0|   16|          0|
    |trunc_ln708_55_reg_61175                  |  15|   0|   15|          0|
    |trunc_ln708_56_reg_61192                  |   9|   0|    9|          0|
    |trunc_ln708_56_reg_61192_pp0_iter2_reg    |   9|   0|    9|          0|
    |trunc_ln708_57_reg_61430                  |  15|   0|   15|          0|
    |trunc_ln708_58_reg_61251                  |  16|   0|   16|          0|
    |trunc_ln708_59_reg_61435                  |  15|   0|   15|          0|
    |trunc_ln708_5_reg_60698                   |   7|   0|    7|          0|
    |trunc_ln708_5_reg_60698_pp0_iter1_reg     |   7|   0|    7|          0|
    |trunc_ln708_60_reg_61440                  |  15|   0|   15|          0|
    |trunc_ln708_61_reg_61455                  |  15|   0|   15|          0|
    |trunc_ln708_62_reg_61261                  |  16|   0|   16|          0|
    |trunc_ln708_63_reg_61266                  |  16|   0|   16|          0|
    |trunc_ln708_64_reg_61271                  |  16|   0|   16|          0|
    |trunc_ln708_65_reg_61470                  |  15|   0|   15|          0|
    |trunc_ln708_66_reg_60817                  |   7|   0|    7|          0|
    |trunc_ln708_67_reg_61485                  |  15|   0|   15|          0|
    |trunc_ln708_68_reg_61286                  |  16|   0|   16|          0|
    |trunc_ln708_69_reg_61530                  |  14|   0|   14|          0|
    |trunc_ln708_6_reg_60715                   |  15|   0|   15|          0|
    |trunc_ln708_6_reg_60715_pp0_iter1_reg     |  15|   0|   15|          0|
    |trunc_ln708_70_reg_61540                  |  16|   0|   16|          0|
    |trunc_ln708_71_reg_61545                  |  16|   0|   16|          0|
    |trunc_ln708_72_reg_61550                  |  16|   0|   16|          0|
    |trunc_ln708_73_reg_61291                  |  16|   0|   16|          0|
    |trunc_ln708_74_reg_61555                  |  16|   0|   16|          0|
    |trunc_ln708_75_reg_61535                  |   9|   0|    9|          0|
    |trunc_ln708_76_reg_61560                  |  16|   0|   16|          0|
    |trunc_ln708_77_reg_60841                  |   8|   0|    8|          0|
    |trunc_ln708_78_reg_61570                  |  16|   0|   16|          0|
    |trunc_ln708_79_reg_61281                  |  14|   0|   14|          0|
    |trunc_ln708_7_reg_61124                   |  16|   0|   16|          0|
    |trunc_ln708_7_reg_61124_pp0_iter2_reg     |  16|   0|   16|          0|
    |trunc_ln708_80_reg_60871                  |   7|   0|    7|          0|
    |trunc_ln708_81_reg_61565                  |  15|   0|   15|          0|
    |trunc_ln708_82_reg_61585                  |  16|   0|   16|          0|
    |trunc_ln708_83_reg_61590                  |  16|   0|   16|          0|
    |trunc_ln708_84_reg_61595                  |  16|   0|   16|          0|
    |trunc_ln708_85_reg_61600                  |  16|   0|   16|          0|
    |trunc_ln708_86_reg_61575                  |   7|   0|    7|          0|
    |trunc_ln708_87_reg_61580                  |  14|   0|   14|          0|
    |trunc_ln708_89_reg_61615                  |  16|   0|   16|          0|
    |trunc_ln708_8_reg_61129                   |  16|   0|   16|          0|
    |trunc_ln708_91_reg_61620                  |  16|   0|   16|          0|
    |trunc_ln708_92_reg_61605                  |   9|   0|    9|          0|
    |trunc_ln708_93_reg_61610                  |  15|   0|   15|          0|
    |trunc_ln708_94_reg_61625                  |   7|   0|    7|          0|
    |trunc_ln708_9_reg_61375                   |  16|   0|   16|          0|
    |trunc_ln708_s_reg_60881                   |  15|   0|   15|          0|
    |trunc_ln_reg_60876                        |   9|   0|    9|          0|
    |trunc_ln708_28_reg_60752                  |  64|  32|   13|          0|
    |trunc_ln708_30_reg_60757                  |  64|  32|    6|          0|
    |trunc_ln708_66_reg_60817                  |  64|  32|    7|          0|
    |trunc_ln708_77_reg_60841                  |  64|  32|    8|          0|
    |trunc_ln708_80_reg_60871                  |  64|  32|    7|          0|
    +------------------------------------------+----+----+-----+-----------+
    |Total                                     |4879| 160| 4600|          0|
    +------------------------------------------+----+----+-----+-----------+



================================================================
== Interface
================================================================
* Summary: 
+----------------+-----+-----+------------+-------------------------------------------------------------------+--------------+
|    RTL Ports   | Dir | Bits|  Protocol  |                           Source Object                           |    C Type    |
+----------------+-----+-----+------------+-------------------------------------------------------------------+--------------+
|ap_clk          |  in |    1| ap_ctrl_hs | dense_latency<ap_fixed,ap_fixed<16,6,5,3,0>,config11>.0.0.0.0.0.0 | return value |
|ap_rst          |  in |    1| ap_ctrl_hs | dense_latency<ap_fixed,ap_fixed<16,6,5,3,0>,config11>.0.0.0.0.0.0 | return value |
|ap_return_0     | out |   16| ap_ctrl_hs | dense_latency<ap_fixed,ap_fixed<16,6,5,3,0>,config11>.0.0.0.0.0.0 | return value |
|ap_return_1     | out |   16| ap_ctrl_hs | dense_latency<ap_fixed,ap_fixed<16,6,5,3,0>,config11>.0.0.0.0.0.0 | return value |
|ap_return_2     | out |   16| ap_ctrl_hs | dense_latency<ap_fixed,ap_fixed<16,6,5,3,0>,config11>.0.0.0.0.0.0 | return value |
|ap_return_3     | out |   16| ap_ctrl_hs | dense_latency<ap_fixed,ap_fixed<16,6,5,3,0>,config11>.0.0.0.0.0.0 | return value |
|ap_return_4     | out |   16| ap_ctrl_hs | dense_latency<ap_fixed,ap_fixed<16,6,5,3,0>,config11>.0.0.0.0.0.0 | return value |
|ap_ce           |  in |    1| ap_ctrl_hs | dense_latency<ap_fixed,ap_fixed<16,6,5,3,0>,config11>.0.0.0.0.0.0 | return value |
|data_0_V_read   |  in |   16|   ap_none  |                           data_0_V_read                           |    scalar    |
|data_1_V_read   |  in |   16|   ap_none  |                           data_1_V_read                           |    scalar    |
|data_2_V_read   |  in |   16|   ap_none  |                           data_2_V_read                           |    scalar    |
|data_3_V_read   |  in |   16|   ap_none  |                           data_3_V_read                           |    scalar    |
|data_4_V_read   |  in |   16|   ap_none  |                           data_4_V_read                           |    scalar    |
|data_5_V_read   |  in |   16|   ap_none  |                           data_5_V_read                           |    scalar    |
|data_6_V_read   |  in |   16|   ap_none  |                           data_6_V_read                           |    scalar    |
|data_7_V_read   |  in |   16|   ap_none  |                           data_7_V_read                           |    scalar    |
|data_8_V_read   |  in |   16|   ap_none  |                           data_8_V_read                           |    scalar    |
|data_9_V_read   |  in |   16|   ap_none  |                           data_9_V_read                           |    scalar    |
|data_10_V_read  |  in |   16|   ap_none  |                           data_10_V_read                          |    scalar    |
|data_11_V_read  |  in |   16|   ap_none  |                           data_11_V_read                          |    scalar    |
|data_12_V_read  |  in |   16|   ap_none  |                           data_12_V_read                          |    scalar    |
|data_13_V_read  |  in |   16|   ap_none  |                           data_13_V_read                          |    scalar    |
|data_14_V_read  |  in |   16|   ap_none  |                           data_14_V_read                          |    scalar    |
|data_15_V_read  |  in |   16|   ap_none  |                           data_15_V_read                          |    scalar    |
|data_16_V_read  |  in |   16|   ap_none  |                           data_16_V_read                          |    scalar    |
|data_17_V_read  |  in |   16|   ap_none  |                           data_17_V_read                          |    scalar    |
|data_18_V_read  |  in |   16|   ap_none  |                           data_18_V_read                          |    scalar    |
|data_19_V_read  |  in |   16|   ap_none  |                           data_19_V_read                          |    scalar    |
|data_20_V_read  |  in |   16|   ap_none  |                           data_20_V_read                          |    scalar    |
|data_21_V_read  |  in |   16|   ap_none  |                           data_21_V_read                          |    scalar    |
|data_22_V_read  |  in |   16|   ap_none  |                           data_22_V_read                          |    scalar    |
|data_23_V_read  |  in |   16|   ap_none  |                           data_23_V_read                          |    scalar    |
|data_24_V_read  |  in |   16|   ap_none  |                           data_24_V_read                          |    scalar    |
|data_25_V_read  |  in |   16|   ap_none  |                           data_25_V_read                          |    scalar    |
|data_26_V_read  |  in |   16|   ap_none  |                           data_26_V_read                          |    scalar    |
|data_27_V_read  |  in |   16|   ap_none  |                           data_27_V_read                          |    scalar    |
|data_28_V_read  |  in |   16|   ap_none  |                           data_28_V_read                          |    scalar    |
|data_29_V_read  |  in |   16|   ap_none  |                           data_29_V_read                          |    scalar    |
|data_30_V_read  |  in |   16|   ap_none  |                           data_30_V_read                          |    scalar    |
|data_31_V_read  |  in |   16|   ap_none  |                           data_31_V_read                          |    scalar    |
+----------------+-----+-----+------------+-------------------------------------------------------------------+--------------+

