0.9593374133110046 0.8352409601211548
0.8007597923278809 0.7852486371994019
0.7704516053199768 0.7670651078224182
0.7540470361709595 0.7516109347343445
0.7423124313354492 0.7428101301193237
0.7341389060020447 0.7372444868087769
0.7280981540679932 0.7294518351554871
0.7234365344047546 0.727756142616272
0.7194375991821289 0.7239183783531189
0.7163408398628235 0.7235456705093384
0.7140012383460999 0.7176518440246582
0.7111186385154724 0.7155956625938416
0.7083947658538818 0.7118873000144958
0.7067261934280396 0.7114295363426208
0.7052364945411682 0.7086557149887085
0.7029923796653748 0.7117169499397278
0.7021864056587219 0.7071130275726318
0.7003454566001892 0.7060392498970032
0.6992496848106384 0.7055795192718506
0.6978468298912048 0.7032814621925354
0.6966155767440796 0.7037425637245178
0.6958200335502625 0.7014222741127014
0.6949597597122192 0.700860857963562
0.6938347816467285 0.7003348469734192
0.6929799318313599 0.6987795829772949
0.6924994587898254 0.6978077292442322
0.6908465027809143 0.6974838376045227
0.6904541254043579 0.6961758732795715
0.6900205612182617 0.6975321173667908
0.6893836855888367 0.6944050192832947
