

================================================================
== Vivado HLS Report for 'softmax_stable_ap_fixed_ap_fixed_16_6_5_3_0_softmax_config13_s'
================================================================
* Date:           Wed Jun  4 15:05:01 2025

* Version:        2020.1 (Build 2897737 on Wed May 27 20:21:37 MDT 2020)
* Project:        myproject_prj
* Solution:       solution1
* Product family: zynq
* Target device:  xc7z020-clg400-1


================================================================
== Performance Estimates
================================================================
+ Timing: 
    * Summary: 
    +--------+---------+----------+------------+
    |  Clock |  Target | Estimated| Uncertainty|
    +--------+---------+----------+------------+
    |ap_clk  | 5.00 ns | 4.092 ns |   0.62 ns  |
    +--------+---------+----------+------------+

+ Latency: 
    * Summary: 
    +---------+---------+-----------+-----------+-----+-----+----------+
    |  Latency (cycles) |   Latency (absolute)  |  Interval | Pipeline |
    |   min   |   max   |    min    |    max    | min | max |   Type   |
    +---------+---------+-----------+-----------+-----+-----+----------+
    |       14|       14| 70.000 ns | 70.000 ns |    1|    1| function |
    +---------+---------+-----------+-----------+-----+-----+----------+

    + Detail: 
        * Instance: 
        N/A

        * Loop: 
        N/A

============================================================
+ Verbose Summary: Synthesis Manager
============================================================
InlineROM: 1
ExposeGlobal: 0
============================================================
+ Verbose Summary: CDFG Model
============================================================
IsTopModel: 0
ResetActiveHigh: 1
IsCombinational: 0
IsDatapathOnly: 0
HasWiredReturn: 1
HasMFsm: 2
HasVarLatency: 0
IsPipeline: 1
IsRtlPipelined: 1
IsInstanceOverlapped: 0
IsDontTouch: 0
HasImplIP: 0
IsGatedGlobalClock: 0

+ Individual pipeline summary: 
  * Pipeline-0: initiation interval (II) = 1, depth = 15


============================================================
+ Verbose Summary: Schedule
============================================================
* Number of FSM states : 15
* Pipeline : 1
  Pipeline-0 : II = 1, D = 15, States = { 1 2 3 4 5 6 7 8 9 10 11 12 13 14 15 }
* Dataflow Pipeline: 0

* FSM state transitions: 
1 --> 2 
2 --> 3 
3 --> 4 
4 --> 5 
5 --> 6 
6 --> 7 
7 --> 8 
8 --> 9 
9 --> 10 
10 --> 11 
11 --> 12 
12 --> 13 
13 --> 14 
14 --> 15 
15 --> 

* FSM state operations: 

State 1 <SV = 0> <Delay = 2.42>
ST_1 : Operation 16 [1/1] (0.00ns)   --->   "%data_4_V_read_1 = call i16 @_ssdm_op_Read.ap_auto.i16(i16 %data_4_V_read)" [firmware/nnet_utils/nnet_activation.h:216]   --->   Operation 16 'read' 'data_4_V_read_1' <Predicate = true> <Delay = 0.00>
ST_1 : Operation 17 [1/1] (0.00ns)   --->   "%data_3_V_read_1 = call i16 @_ssdm_op_Read.ap_auto.i16(i16 %data_3_V_read)" [firmware/nnet_utils/nnet_activation.h:216]   --->   Operation 17 'read' 'data_3_V_read_1' <Predicate = true> <Delay = 0.00>
ST_1 : Operation 18 [1/1] (0.00ns)   --->   "%data_2_V_read_1 = call i16 @_ssdm_op_Read.ap_auto.i16(i16 %data_2_V_read)" [firmware/nnet_utils/nnet_activation.h:216]   --->   Operation 18 'read' 'data_2_V_read_1' <Predicate = true> <Delay = 0.00>
ST_1 : Operation 19 [1/1] (0.00ns)   --->   "%data_1_V_read_1 = call i16 @_ssdm_op_Read.ap_auto.i16(i16 %data_1_V_read)" [firmware/nnet_utils/nnet_activation.h:216]   --->   Operation 19 'read' 'data_1_V_read_1' <Predicate = true> <Delay = 0.00>
ST_1 : Operation 20 [1/1] (0.00ns)   --->   "%data_0_V_read_1 = call i16 @_ssdm_op_Read.ap_auto.i16(i16 %data_0_V_read)" [firmware/nnet_utils/nnet_activation.h:216]   --->   Operation 20 'read' 'data_0_V_read_1' <Predicate = true> <Delay = 0.00>
ST_1 : Operation 21 [1/1] (2.42ns)   --->   "%icmp_ln1496 = icmp slt i16 %data_0_V_read_1, %data_1_V_read_1" [firmware/nnet_utils/nnet_common.h:66->firmware/nnet_utils/nnet_common.h:44->firmware/nnet_utils/nnet_common.h:46->firmware/nnet_utils/nnet_common.h:46->firmware/nnet_utils/nnet_activation.h:239]   --->   Operation 21 'icmp' 'icmp_ln1496' <Predicate = true> <Delay = 2.42> <Core = "Cmp">   --->   Core 25 'Cmp' <Latency = 0> <II = 1> <Delay = 2.42> <FuncUnit> <Opcode : 'icmp'> <InPorts = 2> <OutPorts = 1>
ST_1 : Operation 22 [1/1] (2.42ns)   --->   "%icmp_ln1496_1 = icmp slt i16 %data_2_V_read_1, %data_3_V_read_1" [firmware/nnet_utils/nnet_common.h:66->firmware/nnet_utils/nnet_common.h:44->firmware/nnet_utils/nnet_common.h:46->firmware/nnet_utils/nnet_common.h:46->firmware/nnet_utils/nnet_activation.h:239]   --->   Operation 22 'icmp' 'icmp_ln1496_1' <Predicate = true> <Delay = 2.42> <Core = "Cmp">   --->   Core 25 'Cmp' <Latency = 0> <II = 1> <Delay = 2.42> <FuncUnit> <Opcode : 'icmp'> <InPorts = 2> <OutPorts = 1>

State 2 <SV = 1> <Delay = 4.03>
ST_2 : Operation 23 [1/1] (0.80ns)   --->   "%select_ln66 = select i1 %icmp_ln1496, i16 %data_1_V_read_1, i16 %data_0_V_read_1" [firmware/nnet_utils/nnet_common.h:66->firmware/nnet_utils/nnet_common.h:44->firmware/nnet_utils/nnet_common.h:46->firmware/nnet_utils/nnet_common.h:46->firmware/nnet_utils/nnet_activation.h:239]   --->   Operation 23 'select' 'select_ln66' <Predicate = true> <Delay = 0.80> <Core = "Sel">   --->   Core 26 'Sel' <Latency = 0> <II = 1> <Delay = 0.68> <FuncUnit> <Opcode : 'select'> <InPorts = 3> <OutPorts = 1>
ST_2 : Operation 24 [1/1] (0.80ns)   --->   "%select_ln66_1 = select i1 %icmp_ln1496_1, i16 %data_3_V_read_1, i16 %data_2_V_read_1" [firmware/nnet_utils/nnet_common.h:66->firmware/nnet_utils/nnet_common.h:44->firmware/nnet_utils/nnet_common.h:46->firmware/nnet_utils/nnet_common.h:46->firmware/nnet_utils/nnet_activation.h:239]   --->   Operation 24 'select' 'select_ln66_1' <Predicate = true> <Delay = 0.80> <Core = "Sel">   --->   Core 26 'Sel' <Latency = 0> <II = 1> <Delay = 0.68> <FuncUnit> <Opcode : 'select'> <InPorts = 3> <OutPorts = 1>
ST_2 : Operation 25 [1/1] (2.42ns)   --->   "%icmp_ln1496_2 = icmp slt i16 %select_ln66, %select_ln66_1" [firmware/nnet_utils/nnet_common.h:66->firmware/nnet_utils/nnet_common.h:46->firmware/nnet_utils/nnet_common.h:46->firmware/nnet_utils/nnet_activation.h:239]   --->   Operation 25 'icmp' 'icmp_ln1496_2' <Predicate = true> <Delay = 2.42> <Core = "Cmp">   --->   Core 25 'Cmp' <Latency = 0> <II = 1> <Delay = 2.42> <FuncUnit> <Opcode : 'icmp'> <InPorts = 2> <OutPorts = 1>
ST_2 : Operation 26 [1/1] (0.80ns)   --->   "%select_ln66_2 = select i1 %icmp_ln1496_2, i16 %select_ln66_1, i16 %select_ln66" [firmware/nnet_utils/nnet_common.h:66->firmware/nnet_utils/nnet_common.h:46->firmware/nnet_utils/nnet_common.h:46->firmware/nnet_utils/nnet_activation.h:239]   --->   Operation 26 'select' 'select_ln66_2' <Predicate = true> <Delay = 0.80> <Core = "Sel">   --->   Core 26 'Sel' <Latency = 0> <II = 1> <Delay = 0.68> <FuncUnit> <Opcode : 'select'> <InPorts = 3> <OutPorts = 1>

State 3 <SV = 2> <Delay = 3.23>
ST_3 : Operation 27 [1/1] (2.42ns)   --->   "%icmp_ln1496_3 = icmp slt i16 %select_ln66_2, %data_4_V_read_1" [firmware/nnet_utils/nnet_common.h:66->firmware/nnet_utils/nnet_common.h:46->firmware/nnet_utils/nnet_activation.h:239]   --->   Operation 27 'icmp' 'icmp_ln1496_3' <Predicate = true> <Delay = 2.42> <Core = "Cmp">   --->   Core 25 'Cmp' <Latency = 0> <II = 1> <Delay = 2.42> <FuncUnit> <Opcode : 'icmp'> <InPorts = 2> <OutPorts = 1>
ST_3 : Operation 28 [1/1] (0.80ns)   --->   "%x_max_V = select i1 %icmp_ln1496_3, i16 %data_4_V_read_1, i16 %select_ln66_2" [firmware/nnet_utils/nnet_common.h:66->firmware/nnet_utils/nnet_common.h:46->firmware/nnet_utils/nnet_activation.h:239]   --->   Operation 28 'select' 'x_max_V' <Predicate = true> <Delay = 0.80> <Core = "Sel">   --->   Core 26 'Sel' <Latency = 0> <II = 1> <Delay = 0.68> <FuncUnit> <Opcode : 'select'> <InPorts = 3> <OutPorts = 1>

State 4 <SV = 3> <Delay = 4.03>
ST_4 : Operation 29 [1/1] (0.00ns)   --->   "%sext_ln703 = sext i16 %data_0_V_read_1 to i17" [firmware/nnet_utils/nnet_activation.h:245]   --->   Operation 29 'sext' 'sext_ln703' <Predicate = true> <Delay = 0.00>
ST_4 : Operation 30 [1/1] (0.00ns)   --->   "%sext_ln703_1 = sext i16 %x_max_V to i17" [firmware/nnet_utils/nnet_activation.h:245]   --->   Operation 30 'sext' 'sext_ln703_1' <Predicate = true> <Delay = 0.00>
ST_4 : Operation 31 [1/1] (2.07ns)   --->   "%sub_ln1193 = sub i17 %sext_ln703, %sext_ln703_1" [firmware/nnet_utils/nnet_activation.h:245]   --->   Operation 31 'sub' 'sub_ln1193' <Predicate = true> <Delay = 2.07> <Core = "AddSub">   --->   Core 14 'AddSub' <Latency = 0> <II = 1> <Delay = 2.13> <FuncUnit> <Opcode : 'add' 'sub'> <InPorts = 2> <OutPorts = 1>
ST_4 : Operation 32 [1/1] (0.00ns)   --->   "%tmp_1 = call i1 @_ssdm_op_BitSelect.i1.i17.i32(i17 %sub_ln1193, i32 16)" [firmware/nnet_utils/nnet_activation.h:245]   --->   Operation 32 'bitselect' 'tmp_1' <Predicate = true> <Delay = 0.00>
ST_4 : Operation 33 [1/1] (0.00ns)   --->   "%tmp_3 = call i1 @_ssdm_op_BitSelect.i1.i17.i32(i17 %sub_ln1193, i32 15)" [firmware/nnet_utils/nnet_activation.h:245]   --->   Operation 33 'bitselect' 'tmp_3' <Predicate = true> <Delay = 0.00>
ST_4 : Operation 34 [1/1] (0.00ns) (grouped into LUT with out node select_ln388)   --->   "%xor_ln786 = xor i1 %tmp_3, true" [firmware/nnet_utils/nnet_activation.h:245]   --->   Operation 34 'xor' 'xor_ln786' <Predicate = true> <Delay = 0.00> <Core = "LogicGate">   --->   Core 27 'LogicGate' <Latency = 0> <II = 1> <Delay = 0.97> <FuncUnit> <Opcode : 'and' 'or' 'xor'> <InPorts = 2> <OutPorts = 1>
ST_4 : Operation 35 [1/1] (0.00ns) (grouped into LUT with out node select_ln388)   --->   "%and_ln786 = and i1 %tmp_1, %xor_ln786" [firmware/nnet_utils/nnet_activation.h:245]   --->   Operation 35 'and' 'and_ln786' <Predicate = true> <Delay = 0.00> <Core = "LogicGate">   --->   Core 27 'LogicGate' <Latency = 0> <II = 1> <Delay = 0.97> <FuncUnit> <Opcode : 'and' 'or' 'xor'> <InPorts = 2> <OutPorts = 1>
ST_4 : Operation 36 [1/1] (0.00ns) (grouped into LUT with out node y_V)   --->   "%xor_ln340_5 = xor i1 %tmp_1, %tmp_3" [firmware/nnet_utils/nnet_activation.h:245]   --->   Operation 36 'xor' 'xor_ln340_5' <Predicate = true> <Delay = 0.00> <Core = "LogicGate">   --->   Core 27 'LogicGate' <Latency = 0> <II = 1> <Delay = 0.97> <FuncUnit> <Opcode : 'and' 'or' 'xor'> <InPorts = 2> <OutPorts = 1>
ST_4 : Operation 37 [1/1] (0.00ns) (grouped into LUT with out node y_V)   --->   "%xor_ln340 = xor i1 %tmp_1, true" [firmware/nnet_utils/nnet_activation.h:245]   --->   Operation 37 'xor' 'xor_ln340' <Predicate = true> <Delay = 0.00> <Core = "LogicGate">   --->   Core 27 'LogicGate' <Latency = 0> <II = 1> <Delay = 0.97> <FuncUnit> <Opcode : 'and' 'or' 'xor'> <InPorts = 2> <OutPorts = 1>
ST_4 : Operation 38 [1/1] (0.00ns) (grouped into LUT with out node y_V)   --->   "%or_ln340 = or i1 %tmp_3, %xor_ln340" [firmware/nnet_utils/nnet_activation.h:245]   --->   Operation 38 'or' 'or_ln340' <Predicate = true> <Delay = 0.00> <Core = "LogicGate">   --->   Core 27 'LogicGate' <Latency = 0> <II = 1> <Delay = 0.97> <FuncUnit> <Opcode : 'and' 'or' 'xor'> <InPorts = 2> <OutPorts = 1>
ST_4 : Operation 39 [1/1] (0.00ns)   --->   "%sext_ln703_2 = sext i16 %data_1_V_read_1 to i17" [firmware/nnet_utils/nnet_activation.h:245]   --->   Operation 39 'sext' 'sext_ln703_2' <Predicate = true> <Delay = 0.00>
ST_4 : Operation 40 [1/1] (2.07ns)   --->   "%sub_ln1193_1 = sub i17 %sext_ln703_2, %sext_ln703_1" [firmware/nnet_utils/nnet_activation.h:245]   --->   Operation 40 'sub' 'sub_ln1193_1' <Predicate = true> <Delay = 2.07> <Core = "AddSub">   --->   Core 14 'AddSub' <Latency = 0> <II = 1> <Delay = 2.13> <FuncUnit> <Opcode : 'add' 'sub'> <InPorts = 2> <OutPorts = 1>
ST_4 : Operation 41 [1/1] (0.00ns)   --->   "%tmp_5 = call i1 @_ssdm_op_BitSelect.i1.i17.i32(i17 %sub_ln1193_1, i32 16)" [firmware/nnet_utils/nnet_activation.h:245]   --->   Operation 41 'bitselect' 'tmp_5' <Predicate = true> <Delay = 0.00>
ST_4 : Operation 42 [1/1] (0.00ns)   --->   "%tmp_7 = call i1 @_ssdm_op_BitSelect.i1.i17.i32(i17 %sub_ln1193_1, i32 15)" [firmware/nnet_utils/nnet_activation.h:245]   --->   Operation 42 'bitselect' 'tmp_7' <Predicate = true> <Delay = 0.00>
ST_4 : Operation 43 [1/1] (0.00ns) (grouped into LUT with out node select_ln388_1)   --->   "%xor_ln786_1 = xor i1 %tmp_7, true" [firmware/nnet_utils/nnet_activation.h:245]   --->   Operation 43 'xor' 'xor_ln786_1' <Predicate = true> <Delay = 0.00> <Core = "LogicGate">   --->   Core 27 'LogicGate' <Latency = 0> <II = 1> <Delay = 0.97> <FuncUnit> <Opcode : 'and' 'or' 'xor'> <InPorts = 2> <OutPorts = 1>
ST_4 : Operation 44 [1/1] (0.00ns) (grouped into LUT with out node select_ln388_1)   --->   "%and_ln786_1 = and i1 %tmp_5, %xor_ln786_1" [firmware/nnet_utils/nnet_activation.h:245]   --->   Operation 44 'and' 'and_ln786_1' <Predicate = true> <Delay = 0.00> <Core = "LogicGate">   --->   Core 27 'LogicGate' <Latency = 0> <II = 1> <Delay = 0.97> <FuncUnit> <Opcode : 'and' 'or' 'xor'> <InPorts = 2> <OutPorts = 1>
ST_4 : Operation 45 [1/1] (0.00ns) (grouped into LUT with out node y_V_1)   --->   "%xor_ln340_6 = xor i1 %tmp_5, %tmp_7" [firmware/nnet_utils/nnet_activation.h:245]   --->   Operation 45 'xor' 'xor_ln340_6' <Predicate = true> <Delay = 0.00> <Core = "LogicGate">   --->   Core 27 'LogicGate' <Latency = 0> <II = 1> <Delay = 0.97> <FuncUnit> <Opcode : 'and' 'or' 'xor'> <InPorts = 2> <OutPorts = 1>
ST_4 : Operation 46 [1/1] (0.00ns) (grouped into LUT with out node y_V_1)   --->   "%xor_ln340_1 = xor i1 %tmp_5, true" [firmware/nnet_utils/nnet_activation.h:245]   --->   Operation 46 'xor' 'xor_ln340_1' <Predicate = true> <Delay = 0.00> <Core = "LogicGate">   --->   Core 27 'LogicGate' <Latency = 0> <II = 1> <Delay = 0.97> <FuncUnit> <Opcode : 'and' 'or' 'xor'> <InPorts = 2> <OutPorts = 1>
ST_4 : Operation 47 [1/1] (0.00ns) (grouped into LUT with out node y_V_1)   --->   "%or_ln340_1 = or i1 %tmp_7, %xor_ln340_1" [firmware/nnet_utils/nnet_activation.h:245]   --->   Operation 47 'or' 'or_ln340_1' <Predicate = true> <Delay = 0.00> <Core = "LogicGate">   --->   Core 27 'LogicGate' <Latency = 0> <II = 1> <Delay = 0.97> <FuncUnit> <Opcode : 'and' 'or' 'xor'> <InPorts = 2> <OutPorts = 1>
ST_4 : Operation 48 [1/1] (0.00ns)   --->   "%sext_ln703_3 = sext i16 %data_2_V_read_1 to i17" [firmware/nnet_utils/nnet_activation.h:245]   --->   Operation 48 'sext' 'sext_ln703_3' <Predicate = true> <Delay = 0.00>
ST_4 : Operation 49 [1/1] (2.07ns)   --->   "%sub_ln1193_2 = sub i17 %sext_ln703_3, %sext_ln703_1" [firmware/nnet_utils/nnet_activation.h:245]   --->   Operation 49 'sub' 'sub_ln1193_2' <Predicate = true> <Delay = 2.07> <Core = "AddSub">   --->   Core 14 'AddSub' <Latency = 0> <II = 1> <Delay = 2.13> <FuncUnit> <Opcode : 'add' 'sub'> <InPorts = 2> <OutPorts = 1>
ST_4 : Operation 50 [1/1] (0.00ns)   --->   "%tmp_9 = call i1 @_ssdm_op_BitSelect.i1.i17.i32(i17 %sub_ln1193_2, i32 16)" [firmware/nnet_utils/nnet_activation.h:245]   --->   Operation 50 'bitselect' 'tmp_9' <Predicate = true> <Delay = 0.00>
ST_4 : Operation 51 [1/1] (0.00ns)   --->   "%tmp_10 = call i1 @_ssdm_op_BitSelect.i1.i17.i32(i17 %sub_ln1193_2, i32 15)" [firmware/nnet_utils/nnet_activation.h:245]   --->   Operation 51 'bitselect' 'tmp_10' <Predicate = true> <Delay = 0.00>
ST_4 : Operation 52 [1/1] (0.00ns) (grouped into LUT with out node select_ln388_2)   --->   "%xor_ln786_2 = xor i1 %tmp_10, true" [firmware/nnet_utils/nnet_activation.h:245]   --->   Operation 52 'xor' 'xor_ln786_2' <Predicate = true> <Delay = 0.00> <Core = "LogicGate">   --->   Core 27 'LogicGate' <Latency = 0> <II = 1> <Delay = 0.97> <FuncUnit> <Opcode : 'and' 'or' 'xor'> <InPorts = 2> <OutPorts = 1>
ST_4 : Operation 53 [1/1] (0.00ns) (grouped into LUT with out node select_ln388_2)   --->   "%and_ln786_2 = and i1 %tmp_9, %xor_ln786_2" [firmware/nnet_utils/nnet_activation.h:245]   --->   Operation 53 'and' 'and_ln786_2' <Predicate = true> <Delay = 0.00> <Core = "LogicGate">   --->   Core 27 'LogicGate' <Latency = 0> <II = 1> <Delay = 0.97> <FuncUnit> <Opcode : 'and' 'or' 'xor'> <InPorts = 2> <OutPorts = 1>
ST_4 : Operation 54 [1/1] (0.00ns) (grouped into LUT with out node y_V_2)   --->   "%xor_ln340_7 = xor i1 %tmp_9, %tmp_10" [firmware/nnet_utils/nnet_activation.h:245]   --->   Operation 54 'xor' 'xor_ln340_7' <Predicate = true> <Delay = 0.00> <Core = "LogicGate">   --->   Core 27 'LogicGate' <Latency = 0> <II = 1> <Delay = 0.97> <FuncUnit> <Opcode : 'and' 'or' 'xor'> <InPorts = 2> <OutPorts = 1>
ST_4 : Operation 55 [1/1] (0.00ns) (grouped into LUT with out node y_V_2)   --->   "%xor_ln340_2 = xor i1 %tmp_9, true" [firmware/nnet_utils/nnet_activation.h:245]   --->   Operation 55 'xor' 'xor_ln340_2' <Predicate = true> <Delay = 0.00> <Core = "LogicGate">   --->   Core 27 'LogicGate' <Latency = 0> <II = 1> <Delay = 0.97> <FuncUnit> <Opcode : 'and' 'or' 'xor'> <InPorts = 2> <OutPorts = 1>
ST_4 : Operation 56 [1/1] (0.00ns) (grouped into LUT with out node y_V_2)   --->   "%or_ln340_2 = or i1 %tmp_10, %xor_ln340_2" [firmware/nnet_utils/nnet_activation.h:245]   --->   Operation 56 'or' 'or_ln340_2' <Predicate = true> <Delay = 0.00> <Core = "LogicGate">   --->   Core 27 'LogicGate' <Latency = 0> <II = 1> <Delay = 0.97> <FuncUnit> <Opcode : 'and' 'or' 'xor'> <InPorts = 2> <OutPorts = 1>
ST_4 : Operation 57 [1/1] (0.00ns)   --->   "%sext_ln703_4 = sext i16 %data_3_V_read_1 to i17" [firmware/nnet_utils/nnet_activation.h:245]   --->   Operation 57 'sext' 'sext_ln703_4' <Predicate = true> <Delay = 0.00>
ST_4 : Operation 58 [1/1] (2.07ns)   --->   "%sub_ln1193_3 = sub i17 %sext_ln703_4, %sext_ln703_1" [firmware/nnet_utils/nnet_activation.h:245]   --->   Operation 58 'sub' 'sub_ln1193_3' <Predicate = true> <Delay = 2.07> <Core = "AddSub">   --->   Core 14 'AddSub' <Latency = 0> <II = 1> <Delay = 2.13> <FuncUnit> <Opcode : 'add' 'sub'> <InPorts = 2> <OutPorts = 1>
ST_4 : Operation 59 [1/1] (0.00ns)   --->   "%tmp_11 = call i1 @_ssdm_op_BitSelect.i1.i17.i32(i17 %sub_ln1193_3, i32 16)" [firmware/nnet_utils/nnet_activation.h:245]   --->   Operation 59 'bitselect' 'tmp_11' <Predicate = true> <Delay = 0.00>
ST_4 : Operation 60 [1/1] (0.00ns)   --->   "%tmp_12 = call i1 @_ssdm_op_BitSelect.i1.i17.i32(i17 %sub_ln1193_3, i32 15)" [firmware/nnet_utils/nnet_activation.h:245]   --->   Operation 60 'bitselect' 'tmp_12' <Predicate = true> <Delay = 0.00>
ST_4 : Operation 61 [1/1] (0.00ns) (grouped into LUT with out node select_ln388_3)   --->   "%xor_ln786_3 = xor i1 %tmp_12, true" [firmware/nnet_utils/nnet_activation.h:245]   --->   Operation 61 'xor' 'xor_ln786_3' <Predicate = true> <Delay = 0.00> <Core = "LogicGate">   --->   Core 27 'LogicGate' <Latency = 0> <II = 1> <Delay = 0.97> <FuncUnit> <Opcode : 'and' 'or' 'xor'> <InPorts = 2> <OutPorts = 1>
ST_4 : Operation 62 [1/1] (0.00ns) (grouped into LUT with out node select_ln388_3)   --->   "%and_ln786_3 = and i1 %tmp_11, %xor_ln786_3" [firmware/nnet_utils/nnet_activation.h:245]   --->   Operation 62 'and' 'and_ln786_3' <Predicate = true> <Delay = 0.00> <Core = "LogicGate">   --->   Core 27 'LogicGate' <Latency = 0> <II = 1> <Delay = 0.97> <FuncUnit> <Opcode : 'and' 'or' 'xor'> <InPorts = 2> <OutPorts = 1>
ST_4 : Operation 63 [1/1] (0.00ns) (grouped into LUT with out node y_V_3)   --->   "%xor_ln340_8 = xor i1 %tmp_11, %tmp_12" [firmware/nnet_utils/nnet_activation.h:245]   --->   Operation 63 'xor' 'xor_ln340_8' <Predicate = true> <Delay = 0.00> <Core = "LogicGate">   --->   Core 27 'LogicGate' <Latency = 0> <II = 1> <Delay = 0.97> <FuncUnit> <Opcode : 'and' 'or' 'xor'> <InPorts = 2> <OutPorts = 1>
ST_4 : Operation 64 [1/1] (0.00ns) (grouped into LUT with out node y_V_3)   --->   "%xor_ln340_3 = xor i1 %tmp_11, true" [firmware/nnet_utils/nnet_activation.h:245]   --->   Operation 64 'xor' 'xor_ln340_3' <Predicate = true> <Delay = 0.00> <Core = "LogicGate">   --->   Core 27 'LogicGate' <Latency = 0> <II = 1> <Delay = 0.97> <FuncUnit> <Opcode : 'and' 'or' 'xor'> <InPorts = 2> <OutPorts = 1>
ST_4 : Operation 65 [1/1] (0.00ns) (grouped into LUT with out node y_V_3)   --->   "%or_ln340_3 = or i1 %tmp_12, %xor_ln340_3" [firmware/nnet_utils/nnet_activation.h:245]   --->   Operation 65 'or' 'or_ln340_3' <Predicate = true> <Delay = 0.00> <Core = "LogicGate">   --->   Core 27 'LogicGate' <Latency = 0> <II = 1> <Delay = 0.97> <FuncUnit> <Opcode : 'and' 'or' 'xor'> <InPorts = 2> <OutPorts = 1>
ST_4 : Operation 66 [1/1] (0.00ns)   --->   "%sext_ln703_5 = sext i16 %data_4_V_read_1 to i17" [firmware/nnet_utils/nnet_activation.h:245]   --->   Operation 66 'sext' 'sext_ln703_5' <Predicate = true> <Delay = 0.00>
ST_4 : Operation 67 [1/1] (2.07ns)   --->   "%sub_ln1193_4 = sub i17 %sext_ln703_5, %sext_ln703_1" [firmware/nnet_utils/nnet_activation.h:245]   --->   Operation 67 'sub' 'sub_ln1193_4' <Predicate = true> <Delay = 2.07> <Core = "AddSub">   --->   Core 14 'AddSub' <Latency = 0> <II = 1> <Delay = 2.13> <FuncUnit> <Opcode : 'add' 'sub'> <InPorts = 2> <OutPorts = 1>
ST_4 : Operation 68 [1/1] (0.00ns)   --->   "%tmp_13 = call i1 @_ssdm_op_BitSelect.i1.i17.i32(i17 %sub_ln1193_4, i32 16)" [firmware/nnet_utils/nnet_activation.h:245]   --->   Operation 68 'bitselect' 'tmp_13' <Predicate = true> <Delay = 0.00>
ST_4 : Operation 69 [1/1] (0.00ns)   --->   "%tmp_14 = call i1 @_ssdm_op_BitSelect.i1.i17.i32(i17 %sub_ln1193_4, i32 15)" [firmware/nnet_utils/nnet_activation.h:245]   --->   Operation 69 'bitselect' 'tmp_14' <Predicate = true> <Delay = 0.00>
ST_4 : Operation 70 [1/1] (0.00ns) (grouped into LUT with out node select_ln388_4)   --->   "%xor_ln786_4 = xor i1 %tmp_14, true" [firmware/nnet_utils/nnet_activation.h:245]   --->   Operation 70 'xor' 'xor_ln786_4' <Predicate = true> <Delay = 0.00> <Core = "LogicGate">   --->   Core 27 'LogicGate' <Latency = 0> <II = 1> <Delay = 0.97> <FuncUnit> <Opcode : 'and' 'or' 'xor'> <InPorts = 2> <OutPorts = 1>
ST_4 : Operation 71 [1/1] (0.00ns) (grouped into LUT with out node select_ln388_4)   --->   "%and_ln786_4 = and i1 %tmp_13, %xor_ln786_4" [firmware/nnet_utils/nnet_activation.h:245]   --->   Operation 71 'and' 'and_ln786_4' <Predicate = true> <Delay = 0.00> <Core = "LogicGate">   --->   Core 27 'LogicGate' <Latency = 0> <II = 1> <Delay = 0.97> <FuncUnit> <Opcode : 'and' 'or' 'xor'> <InPorts = 2> <OutPorts = 1>
ST_4 : Operation 72 [1/1] (0.00ns) (grouped into LUT with out node y_V_4)   --->   "%xor_ln340_9 = xor i1 %tmp_13, %tmp_14" [firmware/nnet_utils/nnet_activation.h:245]   --->   Operation 72 'xor' 'xor_ln340_9' <Predicate = true> <Delay = 0.00> <Core = "LogicGate">   --->   Core 27 'LogicGate' <Latency = 0> <II = 1> <Delay = 0.97> <FuncUnit> <Opcode : 'and' 'or' 'xor'> <InPorts = 2> <OutPorts = 1>
ST_4 : Operation 73 [1/1] (0.00ns) (grouped into LUT with out node y_V_4)   --->   "%xor_ln340_4 = xor i1 %tmp_13, true" [firmware/nnet_utils/nnet_activation.h:245]   --->   Operation 73 'xor' 'xor_ln340_4' <Predicate = true> <Delay = 0.00> <Core = "LogicGate">   --->   Core 27 'LogicGate' <Latency = 0> <II = 1> <Delay = 0.97> <FuncUnit> <Opcode : 'and' 'or' 'xor'> <InPorts = 2> <OutPorts = 1>
ST_4 : Operation 74 [1/1] (0.00ns) (grouped into LUT with out node y_V_4)   --->   "%or_ln340_4 = or i1 %tmp_14, %xor_ln340_4" [firmware/nnet_utils/nnet_activation.h:245]   --->   Operation 74 'or' 'or_ln340_4' <Predicate = true> <Delay = 0.00> <Core = "LogicGate">   --->   Core 27 'LogicGate' <Latency = 0> <II = 1> <Delay = 0.97> <FuncUnit> <Opcode : 'and' 'or' 'xor'> <InPorts = 2> <OutPorts = 1>
ST_4 : Operation 75 [1/1] (0.00ns)   --->   "%tmp = call i10 @_ssdm_op_PartSelect.i10.i17.i32.i32(i17 %sub_ln1193, i32 6, i32 15)" [firmware/nnet_utils/nnet_activation.h:144->firmware/nnet_utils/nnet_activation.h:254]   --->   Operation 75 'partselect' 'tmp' <Predicate = true> <Delay = 0.00>
ST_4 : Operation 76 [1/1] (0.00ns) (grouped into LUT with out node y_V)   --->   "%select_ln340 = select i1 %xor_ln340_5, i10 511, i10 %tmp" [firmware/nnet_utils/nnet_activation.h:245]   --->   Operation 76 'select' 'select_ln340' <Predicate = true> <Delay = 0.00> <Core = "Sel">   --->   Core 26 'Sel' <Latency = 0> <II = 1> <Delay = 0.68> <FuncUnit> <Opcode : 'select'> <InPorts = 3> <OutPorts = 1>
ST_4 : Operation 77 [1/1] (0.97ns) (out node of the LUT)   --->   "%select_ln388 = select i1 %and_ln786, i10 -512, i10 %tmp" [firmware/nnet_utils/nnet_activation.h:245]   --->   Operation 77 'select' 'select_ln388' <Predicate = true> <Delay = 0.97> <Core = "Sel">   --->   Core 26 'Sel' <Latency = 0> <II = 1> <Delay = 0.68> <FuncUnit> <Opcode : 'select'> <InPorts = 3> <OutPorts = 1>
ST_4 : Operation 78 [1/1] (0.97ns) (out node of the LUT)   --->   "%y_V = select i1 %or_ln340, i10 %select_ln340, i10 %select_ln388" [firmware/nnet_utils/nnet_activation.h:245]   --->   Operation 78 'select' 'y_V' <Predicate = true> <Delay = 0.97> <Core = "Sel">   --->   Core 26 'Sel' <Latency = 0> <II = 1> <Delay = 0.68> <FuncUnit> <Opcode : 'select'> <InPorts = 3> <OutPorts = 1>
ST_4 : Operation 79 [1/1] (0.00ns)   --->   "%tmp_2 = call i10 @_ssdm_op_PartSelect.i10.i17.i32.i32(i17 %sub_ln1193_1, i32 6, i32 15)" [firmware/nnet_utils/nnet_activation.h:144->firmware/nnet_utils/nnet_activation.h:254]   --->   Operation 79 'partselect' 'tmp_2' <Predicate = true> <Delay = 0.00>
ST_4 : Operation 80 [1/1] (0.00ns) (grouped into LUT with out node y_V_1)   --->   "%select_ln340_2 = select i1 %xor_ln340_6, i10 511, i10 %tmp_2" [firmware/nnet_utils/nnet_activation.h:245]   --->   Operation 80 'select' 'select_ln340_2' <Predicate = true> <Delay = 0.00> <Core = "Sel">   --->   Core 26 'Sel' <Latency = 0> <II = 1> <Delay = 0.68> <FuncUnit> <Opcode : 'select'> <InPorts = 3> <OutPorts = 1>
ST_4 : Operation 81 [1/1] (0.97ns) (out node of the LUT)   --->   "%select_ln388_1 = select i1 %and_ln786_1, i10 -512, i10 %tmp_2" [firmware/nnet_utils/nnet_activation.h:245]   --->   Operation 81 'select' 'select_ln388_1' <Predicate = true> <Delay = 0.97> <Core = "Sel">   --->   Core 26 'Sel' <Latency = 0> <II = 1> <Delay = 0.68> <FuncUnit> <Opcode : 'select'> <InPorts = 3> <OutPorts = 1>
ST_4 : Operation 82 [1/1] (0.97ns) (out node of the LUT)   --->   "%y_V_1 = select i1 %or_ln340_1, i10 %select_ln340_2, i10 %select_ln388_1" [firmware/nnet_utils/nnet_activation.h:245]   --->   Operation 82 'select' 'y_V_1' <Predicate = true> <Delay = 0.97> <Core = "Sel">   --->   Core 26 'Sel' <Latency = 0> <II = 1> <Delay = 0.68> <FuncUnit> <Opcode : 'select'> <InPorts = 3> <OutPorts = 1>
ST_4 : Operation 83 [1/1] (0.00ns)   --->   "%tmp_4 = call i10 @_ssdm_op_PartSelect.i10.i17.i32.i32(i17 %sub_ln1193_2, i32 6, i32 15)" [firmware/nnet_utils/nnet_activation.h:144->firmware/nnet_utils/nnet_activation.h:254]   --->   Operation 83 'partselect' 'tmp_4' <Predicate = true> <Delay = 0.00>
ST_4 : Operation 84 [1/1] (0.00ns) (grouped into LUT with out node y_V_2)   --->   "%select_ln340_4 = select i1 %xor_ln340_7, i10 511, i10 %tmp_4" [firmware/nnet_utils/nnet_activation.h:245]   --->   Operation 84 'select' 'select_ln340_4' <Predicate = true> <Delay = 0.00> <Core = "Sel">   --->   Core 26 'Sel' <Latency = 0> <II = 1> <Delay = 0.68> <FuncUnit> <Opcode : 'select'> <InPorts = 3> <OutPorts = 1>
ST_4 : Operation 85 [1/1] (0.97ns) (out node of the LUT)   --->   "%select_ln388_2 = select i1 %and_ln786_2, i10 -512, i10 %tmp_4" [firmware/nnet_utils/nnet_activation.h:245]   --->   Operation 85 'select' 'select_ln388_2' <Predicate = true> <Delay = 0.97> <Core = "Sel">   --->   Core 26 'Sel' <Latency = 0> <II = 1> <Delay = 0.68> <FuncUnit> <Opcode : 'select'> <InPorts = 3> <OutPorts = 1>
ST_4 : Operation 86 [1/1] (0.97ns) (out node of the LUT)   --->   "%y_V_2 = select i1 %or_ln340_2, i10 %select_ln340_4, i10 %select_ln388_2" [firmware/nnet_utils/nnet_activation.h:245]   --->   Operation 86 'select' 'y_V_2' <Predicate = true> <Delay = 0.97> <Core = "Sel">   --->   Core 26 'Sel' <Latency = 0> <II = 1> <Delay = 0.68> <FuncUnit> <Opcode : 'select'> <InPorts = 3> <OutPorts = 1>
ST_4 : Operation 87 [1/1] (0.00ns)   --->   "%tmp_6 = call i10 @_ssdm_op_PartSelect.i10.i17.i32.i32(i17 %sub_ln1193_3, i32 6, i32 15)" [firmware/nnet_utils/nnet_activation.h:144->firmware/nnet_utils/nnet_activation.h:254]   --->   Operation 87 'partselect' 'tmp_6' <Predicate = true> <Delay = 0.00>
ST_4 : Operation 88 [1/1] (0.00ns) (grouped into LUT with out node y_V_3)   --->   "%select_ln340_6 = select i1 %xor_ln340_8, i10 511, i10 %tmp_6" [firmware/nnet_utils/nnet_activation.h:245]   --->   Operation 88 'select' 'select_ln340_6' <Predicate = true> <Delay = 0.00> <Core = "Sel">   --->   Core 26 'Sel' <Latency = 0> <II = 1> <Delay = 0.68> <FuncUnit> <Opcode : 'select'> <InPorts = 3> <OutPorts = 1>
ST_4 : Operation 89 [1/1] (0.97ns) (out node of the LUT)   --->   "%select_ln388_3 = select i1 %and_ln786_3, i10 -512, i10 %tmp_6" [firmware/nnet_utils/nnet_activation.h:245]   --->   Operation 89 'select' 'select_ln388_3' <Predicate = true> <Delay = 0.97> <Core = "Sel">   --->   Core 26 'Sel' <Latency = 0> <II = 1> <Delay = 0.68> <FuncUnit> <Opcode : 'select'> <InPorts = 3> <OutPorts = 1>
ST_4 : Operation 90 [1/1] (0.97ns) (out node of the LUT)   --->   "%y_V_3 = select i1 %or_ln340_3, i10 %select_ln340_6, i10 %select_ln388_3" [firmware/nnet_utils/nnet_activation.h:245]   --->   Operation 90 'select' 'y_V_3' <Predicate = true> <Delay = 0.97> <Core = "Sel">   --->   Core 26 'Sel' <Latency = 0> <II = 1> <Delay = 0.68> <FuncUnit> <Opcode : 'select'> <InPorts = 3> <OutPorts = 1>
ST_4 : Operation 91 [1/1] (0.00ns)   --->   "%tmp_8 = call i10 @_ssdm_op_PartSelect.i10.i17.i32.i32(i17 %sub_ln1193_4, i32 6, i32 15)" [firmware/nnet_utils/nnet_activation.h:144->firmware/nnet_utils/nnet_activation.h:254]   --->   Operation 91 'partselect' 'tmp_8' <Predicate = true> <Delay = 0.00>
ST_4 : Operation 92 [1/1] (0.00ns) (grouped into LUT with out node y_V_4)   --->   "%select_ln340_8 = select i1 %xor_ln340_9, i10 511, i10 %tmp_8" [firmware/nnet_utils/nnet_activation.h:245]   --->   Operation 92 'select' 'select_ln340_8' <Predicate = true> <Delay = 0.00> <Core = "Sel">   --->   Core 26 'Sel' <Latency = 0> <II = 1> <Delay = 0.68> <FuncUnit> <Opcode : 'select'> <InPorts = 3> <OutPorts = 1>
ST_4 : Operation 93 [1/1] (0.97ns) (out node of the LUT)   --->   "%select_ln388_4 = select i1 %and_ln786_4, i10 -512, i10 %tmp_8" [firmware/nnet_utils/nnet_activation.h:245]   --->   Operation 93 'select' 'select_ln388_4' <Predicate = true> <Delay = 0.97> <Core = "Sel">   --->   Core 26 'Sel' <Latency = 0> <II = 1> <Delay = 0.68> <FuncUnit> <Opcode : 'select'> <InPorts = 3> <OutPorts = 1>
ST_4 : Operation 94 [1/1] (0.97ns) (out node of the LUT)   --->   "%y_V_4 = select i1 %or_ln340_4, i10 %select_ln340_8, i10 %select_ln388_4" [firmware/nnet_utils/nnet_activation.h:245]   --->   Operation 94 'select' 'y_V_4' <Predicate = true> <Delay = 0.97> <Core = "Sel">   --->   Core 26 'Sel' <Latency = 0> <II = 1> <Delay = 0.68> <FuncUnit> <Opcode : 'select'> <InPorts = 3> <OutPorts = 1>

State 5 <SV = 4> <Delay = 3.25>
ST_5 : Operation 95 [1/1] (0.00ns)   --->   "%zext_ln255 = zext i10 %y_V to i64" [firmware/nnet_utils/nnet_activation.h:255]   --->   Operation 95 'zext' 'zext_ln255' <Predicate = true> <Delay = 0.00>
ST_5 : Operation 96 [1/1] (0.00ns)   --->   "%exp_table1_addr = getelementptr [1024 x i17]* @exp_table1, i64 0, i64 %zext_ln255" [firmware/nnet_utils/nnet_activation.h:255]   --->   Operation 96 'getelementptr' 'exp_table1_addr' <Predicate = true> <Delay = 0.00>
ST_5 : Operation 97 [2/2] (3.25ns)   --->   "%exp_res_0_V = load i17* %exp_table1_addr, align 4" [firmware/nnet_utils/nnet_activation.h:255]   --->   Operation 97 'load' 'exp_res_0_V' <Predicate = true> <Delay = 3.25> <Core = "ROM_nP">   --->   Core 52 'ROM_nP' <Latency = 1> <II = 1> <Delay = 3.25> <Storage> <Opcode : 'load'> <Ports = 0> <Width = 18> <Depth = 1024> <ROM>
ST_5 : Operation 98 [1/1] (0.00ns)   --->   "%zext_ln255_1 = zext i10 %y_V_1 to i64" [firmware/nnet_utils/nnet_activation.h:255]   --->   Operation 98 'zext' 'zext_ln255_1' <Predicate = true> <Delay = 0.00>
ST_5 : Operation 99 [1/1] (0.00ns)   --->   "%exp_table1_addr_1 = getelementptr [1024 x i17]* @exp_table1, i64 0, i64 %zext_ln255_1" [firmware/nnet_utils/nnet_activation.h:255]   --->   Operation 99 'getelementptr' 'exp_table1_addr_1' <Predicate = true> <Delay = 0.00>
ST_5 : Operation 100 [2/2] (3.25ns)   --->   "%exp_res_1_V = load i17* %exp_table1_addr_1, align 4" [firmware/nnet_utils/nnet_activation.h:255]   --->   Operation 100 'load' 'exp_res_1_V' <Predicate = true> <Delay = 3.25> <Core = "ROM_nP">   --->   Core 52 'ROM_nP' <Latency = 1> <II = 1> <Delay = 3.25> <Storage> <Opcode : 'load'> <Ports = 0> <Width = 18> <Depth = 1024> <ROM>
ST_5 : Operation 101 [1/1] (0.00ns)   --->   "%zext_ln255_2 = zext i10 %y_V_2 to i64" [firmware/nnet_utils/nnet_activation.h:255]   --->   Operation 101 'zext' 'zext_ln255_2' <Predicate = true> <Delay = 0.00>
ST_5 : Operation 102 [1/1] (0.00ns)   --->   "%exp_table1_addr_2 = getelementptr [1024 x i17]* @exp_table1, i64 0, i64 %zext_ln255_2" [firmware/nnet_utils/nnet_activation.h:255]   --->   Operation 102 'getelementptr' 'exp_table1_addr_2' <Predicate = true> <Delay = 0.00>
ST_5 : Operation 103 [2/2] (3.25ns)   --->   "%exp_res_2_V = load i17* %exp_table1_addr_2, align 4" [firmware/nnet_utils/nnet_activation.h:255]   --->   Operation 103 'load' 'exp_res_2_V' <Predicate = true> <Delay = 3.25> <Core = "ROM_nP">   --->   Core 52 'ROM_nP' <Latency = 1> <II = 1> <Delay = 3.25> <Storage> <Opcode : 'load'> <Ports = 0> <Width = 18> <Depth = 1024> <ROM>
ST_5 : Operation 104 [1/1] (0.00ns)   --->   "%zext_ln255_3 = zext i10 %y_V_3 to i64" [firmware/nnet_utils/nnet_activation.h:255]   --->   Operation 104 'zext' 'zext_ln255_3' <Predicate = true> <Delay = 0.00>
ST_5 : Operation 105 [1/1] (0.00ns)   --->   "%exp_table1_addr_3 = getelementptr [1024 x i17]* @exp_table1, i64 0, i64 %zext_ln255_3" [firmware/nnet_utils/nnet_activation.h:255]   --->   Operation 105 'getelementptr' 'exp_table1_addr_3' <Predicate = true> <Delay = 0.00>
ST_5 : Operation 106 [2/2] (3.25ns)   --->   "%exp_res_3_V = load i17* %exp_table1_addr_3, align 4" [firmware/nnet_utils/nnet_activation.h:255]   --->   Operation 106 'load' 'exp_res_3_V' <Predicate = true> <Delay = 3.25> <Core = "ROM_nP">   --->   Core 52 'ROM_nP' <Latency = 1> <II = 1> <Delay = 3.25> <Storage> <Opcode : 'load'> <Ports = 0> <Width = 18> <Depth = 1024> <ROM>

State 6 <SV = 5> <Delay = 3.25>
ST_6 : Operation 107 [1/2] (3.25ns)   --->   "%exp_res_0_V = load i17* %exp_table1_addr, align 4" [firmware/nnet_utils/nnet_activation.h:255]   --->   Operation 107 'load' 'exp_res_0_V' <Predicate = true> <Delay = 3.25> <Core = "ROM_nP">   --->   Core 52 'ROM_nP' <Latency = 1> <II = 1> <Delay = 3.25> <Storage> <Opcode : 'load'> <Ports = 0> <Width = 18> <Depth = 1024> <ROM>
ST_6 : Operation 108 [1/2] (3.25ns)   --->   "%exp_res_1_V = load i17* %exp_table1_addr_1, align 4" [firmware/nnet_utils/nnet_activation.h:255]   --->   Operation 108 'load' 'exp_res_1_V' <Predicate = true> <Delay = 3.25> <Core = "ROM_nP">   --->   Core 52 'ROM_nP' <Latency = 1> <II = 1> <Delay = 3.25> <Storage> <Opcode : 'load'> <Ports = 0> <Width = 18> <Depth = 1024> <ROM>
ST_6 : Operation 109 [1/2] (3.25ns)   --->   "%exp_res_2_V = load i17* %exp_table1_addr_2, align 4" [firmware/nnet_utils/nnet_activation.h:255]   --->   Operation 109 'load' 'exp_res_2_V' <Predicate = true> <Delay = 3.25> <Core = "ROM_nP">   --->   Core 52 'ROM_nP' <Latency = 1> <II = 1> <Delay = 3.25> <Storage> <Opcode : 'load'> <Ports = 0> <Width = 18> <Depth = 1024> <ROM>
ST_6 : Operation 110 [1/2] (3.25ns)   --->   "%exp_res_3_V = load i17* %exp_table1_addr_3, align 4" [firmware/nnet_utils/nnet_activation.h:255]   --->   Operation 110 'load' 'exp_res_3_V' <Predicate = true> <Delay = 3.25> <Core = "ROM_nP">   --->   Core 52 'ROM_nP' <Latency = 1> <II = 1> <Delay = 3.25> <Storage> <Opcode : 'load'> <Ports = 0> <Width = 18> <Depth = 1024> <ROM>

State 7 <SV = 6> <Delay = 3.25>
ST_7 : Operation 111 [1/1] (0.00ns)   --->   "%zext_ln255_4 = zext i10 %y_V_4 to i64" [firmware/nnet_utils/nnet_activation.h:255]   --->   Operation 111 'zext' 'zext_ln255_4' <Predicate = true> <Delay = 0.00>
ST_7 : Operation 112 [1/1] (0.00ns)   --->   "%exp_table1_addr_4 = getelementptr [1024 x i17]* @exp_table1, i64 0, i64 %zext_ln255_4" [firmware/nnet_utils/nnet_activation.h:255]   --->   Operation 112 'getelementptr' 'exp_table1_addr_4' <Predicate = true> <Delay = 0.00>
ST_7 : Operation 113 [2/2] (3.25ns)   --->   "%exp_res_4_V = load i17* %exp_table1_addr_4, align 4" [firmware/nnet_utils/nnet_activation.h:255]   --->   Operation 113 'load' 'exp_res_4_V' <Predicate = true> <Delay = 3.25> <Core = "ROM_nP">   --->   Core 52 'ROM_nP' <Latency = 1> <II = 1> <Delay = 3.25> <Storage> <Opcode : 'load'> <Ports = 0> <Width = 18> <Depth = 1024> <ROM>
ST_7 : Operation 114 [1/1] (0.00ns)   --->   "%p_Val2_6 = zext i17 %exp_res_0_V to i18" [firmware/nnet_utils/nnet_common.h:44->firmware/nnet_utils/nnet_common.h:46->firmware/nnet_utils/nnet_common.h:46->firmware/nnet_utils/nnet_activation.h:262]   --->   Operation 114 'zext' 'p_Val2_6' <Predicate = true> <Delay = 0.00>
ST_7 : Operation 115 [1/1] (0.00ns)   --->   "%p_Val2_7 = zext i17 %exp_res_1_V to i18" [firmware/nnet_utils/nnet_common.h:44->firmware/nnet_utils/nnet_common.h:46->firmware/nnet_utils/nnet_common.h:46->firmware/nnet_utils/nnet_activation.h:262]   --->   Operation 115 'zext' 'p_Val2_7' <Predicate = true> <Delay = 0.00>
ST_7 : Operation 116 [1/1] (2.10ns)   --->   "%p_Val2_8 = add i18 %p_Val2_6, %p_Val2_7" [firmware/nnet_utils/nnet_common.h:51->firmware/nnet_utils/nnet_common.h:44->firmware/nnet_utils/nnet_common.h:46->firmware/nnet_utils/nnet_common.h:46->firmware/nnet_utils/nnet_activation.h:262]   --->   Operation 116 'add' 'p_Val2_8' <Predicate = true> <Delay = 2.10> <Core = "AddSub">   --->   Core 14 'AddSub' <Latency = 0> <II = 1> <Delay = 2.13> <FuncUnit> <Opcode : 'add' 'sub'> <InPorts = 2> <OutPorts = 1>
ST_7 : Operation 117 [1/1] (0.00ns)   --->   "%p_Result_s = call i1 @_ssdm_op_BitSelect.i1.i18.i32(i18 %p_Val2_8, i32 17)" [firmware/nnet_utils/nnet_common.h:51->firmware/nnet_utils/nnet_common.h:44->firmware/nnet_utils/nnet_common.h:46->firmware/nnet_utils/nnet_common.h:46->firmware/nnet_utils/nnet_activation.h:262]   --->   Operation 117 'bitselect' 'p_Result_s' <Predicate = true> <Delay = 0.00>
ST_7 : Operation 118 [1/1] (0.75ns)   --->   "%p_Val2_12 = select i1 %p_Result_s, i18 131071, i18 %p_Val2_8" [firmware/nnet_utils/nnet_common.h:51->firmware/nnet_utils/nnet_common.h:44->firmware/nnet_utils/nnet_common.h:46->firmware/nnet_utils/nnet_common.h:46->firmware/nnet_utils/nnet_activation.h:262]   --->   Operation 118 'select' 'p_Val2_12' <Predicate = true> <Delay = 0.75> <Core = "Sel">   --->   Core 26 'Sel' <Latency = 0> <II = 1> <Delay = 0.68> <FuncUnit> <Opcode : 'select'> <InPorts = 3> <OutPorts = 1>
ST_7 : Operation 119 [1/1] (0.00ns)   --->   "%p_Val2_9 = zext i17 %exp_res_2_V to i18" [firmware/nnet_utils/nnet_common.h:44->firmware/nnet_utils/nnet_common.h:46->firmware/nnet_utils/nnet_common.h:46->firmware/nnet_utils/nnet_activation.h:262]   --->   Operation 119 'zext' 'p_Val2_9' <Predicate = true> <Delay = 0.00>
ST_7 : Operation 120 [1/1] (0.00ns)   --->   "%p_Val2_10 = zext i17 %exp_res_3_V to i18" [firmware/nnet_utils/nnet_common.h:44->firmware/nnet_utils/nnet_common.h:46->firmware/nnet_utils/nnet_common.h:46->firmware/nnet_utils/nnet_activation.h:262]   --->   Operation 120 'zext' 'p_Val2_10' <Predicate = true> <Delay = 0.00>
ST_7 : Operation 121 [1/1] (2.10ns)   --->   "%p_Val2_11 = add i18 %p_Val2_9, %p_Val2_10" [firmware/nnet_utils/nnet_common.h:51->firmware/nnet_utils/nnet_common.h:44->firmware/nnet_utils/nnet_common.h:46->firmware/nnet_utils/nnet_common.h:46->firmware/nnet_utils/nnet_activation.h:262]   --->   Operation 121 'add' 'p_Val2_11' <Predicate = true> <Delay = 2.10> <Core = "AddSub">   --->   Core 14 'AddSub' <Latency = 0> <II = 1> <Delay = 2.13> <FuncUnit> <Opcode : 'add' 'sub'> <InPorts = 2> <OutPorts = 1>
ST_7 : Operation 122 [1/1] (0.00ns)   --->   "%p_Result_14 = call i1 @_ssdm_op_BitSelect.i1.i18.i32(i18 %p_Val2_11, i32 17)" [firmware/nnet_utils/nnet_common.h:51->firmware/nnet_utils/nnet_common.h:44->firmware/nnet_utils/nnet_common.h:46->firmware/nnet_utils/nnet_common.h:46->firmware/nnet_utils/nnet_activation.h:262]   --->   Operation 122 'bitselect' 'p_Result_14' <Predicate = true> <Delay = 0.00>
ST_7 : Operation 123 [1/1] (0.75ns)   --->   "%p_Val2_13 = select i1 %p_Result_14, i18 131071, i18 %p_Val2_11" [firmware/nnet_utils/nnet_common.h:51->firmware/nnet_utils/nnet_common.h:44->firmware/nnet_utils/nnet_common.h:46->firmware/nnet_utils/nnet_common.h:46->firmware/nnet_utils/nnet_activation.h:262]   --->   Operation 123 'select' 'p_Val2_13' <Predicate = true> <Delay = 0.75> <Core = "Sel">   --->   Core 26 'Sel' <Latency = 0> <II = 1> <Delay = 0.68> <FuncUnit> <Opcode : 'select'> <InPorts = 3> <OutPorts = 1>

State 8 <SV = 7> <Delay = 4.09>
ST_8 : Operation 124 [1/2] (3.25ns)   --->   "%exp_res_4_V = load i17* %exp_table1_addr_4, align 4" [firmware/nnet_utils/nnet_activation.h:255]   --->   Operation 124 'load' 'exp_res_4_V' <Predicate = true> <Delay = 3.25> <Core = "ROM_nP">   --->   Core 52 'ROM_nP' <Latency = 1> <II = 1> <Delay = 3.25> <Storage> <Opcode : 'load'> <Ports = 0> <Width = 18> <Depth = 1024> <ROM>
ST_8 : Operation 125 [1/1] (0.00ns)   --->   "%lhs_V = sext i18 %p_Val2_12 to i19" [firmware/nnet_utils/nnet_common.h:51->firmware/nnet_utils/nnet_common.h:46->firmware/nnet_utils/nnet_common.h:46->firmware/nnet_utils/nnet_activation.h:262]   --->   Operation 125 'sext' 'lhs_V' <Predicate = true> <Delay = 0.00>
ST_8 : Operation 126 [1/1] (0.00ns)   --->   "%rhs_V = sext i18 %p_Val2_13 to i19" [firmware/nnet_utils/nnet_common.h:51->firmware/nnet_utils/nnet_common.h:46->firmware/nnet_utils/nnet_common.h:46->firmware/nnet_utils/nnet_activation.h:262]   --->   Operation 126 'sext' 'rhs_V' <Predicate = true> <Delay = 0.00>
ST_8 : Operation 127 [1/1] (2.13ns)   --->   "%ret_V = add nsw i19 %rhs_V, %lhs_V" [firmware/nnet_utils/nnet_common.h:51->firmware/nnet_utils/nnet_common.h:46->firmware/nnet_utils/nnet_common.h:46->firmware/nnet_utils/nnet_activation.h:262]   --->   Operation 127 'add' 'ret_V' <Predicate = true> <Delay = 2.13> <Core = "AddSub">   --->   Core 14 'AddSub' <Latency = 0> <II = 1> <Delay = 2.13> <FuncUnit> <Opcode : 'add' 'sub'> <InPorts = 2> <OutPorts = 1>
ST_8 : Operation 128 [1/1] (0.00ns)   --->   "%p_Result_15 = call i1 @_ssdm_op_BitSelect.i1.i19.i32(i19 %ret_V, i32 18)" [firmware/nnet_utils/nnet_common.h:51->firmware/nnet_utils/nnet_common.h:46->firmware/nnet_utils/nnet_common.h:46->firmware/nnet_utils/nnet_activation.h:262]   --->   Operation 128 'bitselect' 'p_Result_15' <Predicate = true> <Delay = 0.00>
ST_8 : Operation 129 [1/1] (2.13ns)   --->   "%p_Val2_15 = add i18 %p_Val2_12, %p_Val2_13" [firmware/nnet_utils/nnet_common.h:51->firmware/nnet_utils/nnet_common.h:46->firmware/nnet_utils/nnet_common.h:46->firmware/nnet_utils/nnet_activation.h:262]   --->   Operation 129 'add' 'p_Val2_15' <Predicate = true> <Delay = 2.13> <Core = "AddSub">   --->   Core 14 'AddSub' <Latency = 0> <II = 1> <Delay = 2.13> <FuncUnit> <Opcode : 'add' 'sub'> <InPorts = 2> <OutPorts = 1>
ST_8 : Operation 130 [1/1] (0.00ns)   --->   "%p_Result_16 = call i1 @_ssdm_op_BitSelect.i1.i18.i32(i18 %p_Val2_15, i32 17)" [firmware/nnet_utils/nnet_common.h:51->firmware/nnet_utils/nnet_common.h:46->firmware/nnet_utils/nnet_common.h:46->firmware/nnet_utils/nnet_activation.h:262]   --->   Operation 130 'bitselect' 'p_Result_16' <Predicate = true> <Delay = 0.00>
ST_8 : Operation 131 [1/1] (0.00ns) (grouped into LUT with out node select_ln388_5)   --->   "%xor_ln786_5 = xor i1 %p_Result_16, true" [firmware/nnet_utils/nnet_common.h:51->firmware/nnet_utils/nnet_common.h:46->firmware/nnet_utils/nnet_common.h:46->firmware/nnet_utils/nnet_activation.h:262]   --->   Operation 131 'xor' 'xor_ln786_5' <Predicate = true> <Delay = 0.00> <Core = "LogicGate">   --->   Core 27 'LogicGate' <Latency = 0> <II = 1> <Delay = 0.97> <FuncUnit> <Opcode : 'and' 'or' 'xor'> <InPorts = 2> <OutPorts = 1>
ST_8 : Operation 132 [1/1] (0.00ns) (grouped into LUT with out node select_ln388_5)   --->   "%underflow = and i1 %p_Result_15, %xor_ln786_5" [firmware/nnet_utils/nnet_common.h:51->firmware/nnet_utils/nnet_common.h:46->firmware/nnet_utils/nnet_common.h:46->firmware/nnet_utils/nnet_activation.h:262]   --->   Operation 132 'and' 'underflow' <Predicate = true> <Delay = 0.00> <Core = "LogicGate">   --->   Core 27 'LogicGate' <Latency = 0> <II = 1> <Delay = 0.97> <FuncUnit> <Opcode : 'and' 'or' 'xor'> <InPorts = 2> <OutPorts = 1>
ST_8 : Operation 133 [1/1] (0.00ns) (grouped into LUT with out node p_Val2_16)   --->   "%xor_ln340_10 = xor i1 %p_Result_15, %p_Result_16" [firmware/nnet_utils/nnet_common.h:51->firmware/nnet_utils/nnet_common.h:46->firmware/nnet_utils/nnet_common.h:46->firmware/nnet_utils/nnet_activation.h:262]   --->   Operation 133 'xor' 'xor_ln340_10' <Predicate = true> <Delay = 0.00> <Core = "LogicGate">   --->   Core 27 'LogicGate' <Latency = 0> <II = 1> <Delay = 0.97> <FuncUnit> <Opcode : 'and' 'or' 'xor'> <InPorts = 2> <OutPorts = 1>
ST_8 : Operation 134 [1/1] (0.00ns) (grouped into LUT with out node p_Val2_16)   --->   "%xor_ln340_11 = xor i1 %p_Result_15, true" [firmware/nnet_utils/nnet_common.h:51->firmware/nnet_utils/nnet_common.h:46->firmware/nnet_utils/nnet_common.h:46->firmware/nnet_utils/nnet_activation.h:262]   --->   Operation 134 'xor' 'xor_ln340_11' <Predicate = true> <Delay = 0.00> <Core = "LogicGate">   --->   Core 27 'LogicGate' <Latency = 0> <II = 1> <Delay = 0.97> <FuncUnit> <Opcode : 'and' 'or' 'xor'> <InPorts = 2> <OutPorts = 1>
ST_8 : Operation 135 [1/1] (0.00ns) (grouped into LUT with out node p_Val2_16)   --->   "%or_ln340_5 = or i1 %p_Result_16, %xor_ln340_11" [firmware/nnet_utils/nnet_common.h:51->firmware/nnet_utils/nnet_common.h:46->firmware/nnet_utils/nnet_common.h:46->firmware/nnet_utils/nnet_activation.h:262]   --->   Operation 135 'or' 'or_ln340_5' <Predicate = true> <Delay = 0.00> <Core = "LogicGate">   --->   Core 27 'LogicGate' <Latency = 0> <II = 1> <Delay = 0.97> <FuncUnit> <Opcode : 'and' 'or' 'xor'> <InPorts = 2> <OutPorts = 1>
ST_8 : Operation 136 [1/1] (0.00ns) (grouped into LUT with out node p_Val2_16)   --->   "%select_ln340_12 = select i1 %xor_ln340_10, i18 131071, i18 %p_Val2_15" [firmware/nnet_utils/nnet_common.h:51->firmware/nnet_utils/nnet_common.h:46->firmware/nnet_utils/nnet_common.h:46->firmware/nnet_utils/nnet_activation.h:262]   --->   Operation 136 'select' 'select_ln340_12' <Predicate = true> <Delay = 0.00> <Core = "Sel">   --->   Core 26 'Sel' <Latency = 0> <II = 1> <Delay = 0.68> <FuncUnit> <Opcode : 'select'> <InPorts = 3> <OutPorts = 1>
ST_8 : Operation 137 [1/1] (0.97ns) (out node of the LUT)   --->   "%select_ln388_5 = select i1 %underflow, i18 -131072, i18 %p_Val2_15" [firmware/nnet_utils/nnet_common.h:51->firmware/nnet_utils/nnet_common.h:46->firmware/nnet_utils/nnet_common.h:46->firmware/nnet_utils/nnet_activation.h:262]   --->   Operation 137 'select' 'select_ln388_5' <Predicate = true> <Delay = 0.97> <Core = "Sel">   --->   Core 26 'Sel' <Latency = 0> <II = 1> <Delay = 0.68> <FuncUnit> <Opcode : 'select'> <InPorts = 3> <OutPorts = 1>
ST_8 : Operation 138 [1/1] (0.97ns) (out node of the LUT)   --->   "%p_Val2_16 = select i1 %or_ln340_5, i18 %select_ln340_12, i18 %select_ln388_5" [firmware/nnet_utils/nnet_common.h:51->firmware/nnet_utils/nnet_common.h:46->firmware/nnet_utils/nnet_common.h:46->firmware/nnet_utils/nnet_activation.h:262]   --->   Operation 138 'select' 'p_Val2_16' <Predicate = true> <Delay = 0.97> <Core = "Sel">   --->   Core 26 'Sel' <Latency = 0> <II = 1> <Delay = 0.68> <FuncUnit> <Opcode : 'select'> <InPorts = 3> <OutPorts = 1>

State 9 <SV = 8> <Delay = 4.09>
ST_9 : Operation 139 [1/1] (0.00ns)   --->   "%p_Val2_17 = zext i17 %exp_res_4_V to i18" [firmware/nnet_utils/nnet_common.h:46->firmware/nnet_utils/nnet_activation.h:262]   --->   Operation 139 'zext' 'p_Val2_17' <Predicate = true> <Delay = 0.00>
ST_9 : Operation 140 [1/1] (0.00ns)   --->   "%lhs_V_1 = sext i18 %p_Val2_16 to i19" [firmware/nnet_utils/nnet_common.h:51->firmware/nnet_utils/nnet_common.h:46->firmware/nnet_utils/nnet_activation.h:262]   --->   Operation 140 'sext' 'lhs_V_1' <Predicate = true> <Delay = 0.00>
ST_9 : Operation 141 [1/1] (0.00ns)   --->   "%rhs_V_1 = zext i17 %exp_res_4_V to i19" [firmware/nnet_utils/nnet_common.h:51->firmware/nnet_utils/nnet_common.h:46->firmware/nnet_utils/nnet_activation.h:262]   --->   Operation 141 'zext' 'rhs_V_1' <Predicate = true> <Delay = 0.00>
ST_9 : Operation 142 [1/1] (2.13ns)   --->   "%ret_V_1 = add nsw i19 %lhs_V_1, %rhs_V_1" [firmware/nnet_utils/nnet_common.h:51->firmware/nnet_utils/nnet_common.h:46->firmware/nnet_utils/nnet_activation.h:262]   --->   Operation 142 'add' 'ret_V_1' <Predicate = true> <Delay = 2.13> <Core = "AddSub">   --->   Core 14 'AddSub' <Latency = 0> <II = 1> <Delay = 2.13> <FuncUnit> <Opcode : 'add' 'sub'> <InPorts = 2> <OutPorts = 1>
ST_9 : Operation 143 [1/1] (0.00ns)   --->   "%p_Result_17 = call i1 @_ssdm_op_BitSelect.i1.i19.i32(i19 %ret_V_1, i32 18)" [firmware/nnet_utils/nnet_common.h:51->firmware/nnet_utils/nnet_common.h:46->firmware/nnet_utils/nnet_activation.h:262]   --->   Operation 143 'bitselect' 'p_Result_17' <Predicate = true> <Delay = 0.00>
ST_9 : Operation 144 [1/1] (2.13ns)   --->   "%p_Val2_19 = add i18 %p_Val2_17, %p_Val2_16" [firmware/nnet_utils/nnet_common.h:51->firmware/nnet_utils/nnet_common.h:46->firmware/nnet_utils/nnet_activation.h:262]   --->   Operation 144 'add' 'p_Val2_19' <Predicate = true> <Delay = 2.13> <Core = "AddSub">   --->   Core 14 'AddSub' <Latency = 0> <II = 1> <Delay = 2.13> <FuncUnit> <Opcode : 'add' 'sub'> <InPorts = 2> <OutPorts = 1>
ST_9 : Operation 145 [1/1] (0.00ns)   --->   "%p_Result_18 = call i1 @_ssdm_op_BitSelect.i1.i18.i32(i18 %p_Val2_19, i32 17)" [firmware/nnet_utils/nnet_common.h:51->firmware/nnet_utils/nnet_common.h:46->firmware/nnet_utils/nnet_activation.h:262]   --->   Operation 145 'bitselect' 'p_Result_18' <Predicate = true> <Delay = 0.00>
ST_9 : Operation 146 [1/1] (0.00ns) (grouped into LUT with out node select_ln388_6)   --->   "%xor_ln786_6 = xor i1 %p_Result_18, true" [firmware/nnet_utils/nnet_common.h:51->firmware/nnet_utils/nnet_common.h:46->firmware/nnet_utils/nnet_activation.h:262]   --->   Operation 146 'xor' 'xor_ln786_6' <Predicate = true> <Delay = 0.00> <Core = "LogicGate">   --->   Core 27 'LogicGate' <Latency = 0> <II = 1> <Delay = 0.97> <FuncUnit> <Opcode : 'and' 'or' 'xor'> <InPorts = 2> <OutPorts = 1>
ST_9 : Operation 147 [1/1] (0.00ns) (grouped into LUT with out node select_ln388_6)   --->   "%underflow_1 = and i1 %p_Result_17, %xor_ln786_6" [firmware/nnet_utils/nnet_common.h:51->firmware/nnet_utils/nnet_common.h:46->firmware/nnet_utils/nnet_activation.h:262]   --->   Operation 147 'and' 'underflow_1' <Predicate = true> <Delay = 0.00> <Core = "LogicGate">   --->   Core 27 'LogicGate' <Latency = 0> <II = 1> <Delay = 0.97> <FuncUnit> <Opcode : 'and' 'or' 'xor'> <InPorts = 2> <OutPorts = 1>
ST_9 : Operation 148 [1/1] (0.00ns) (grouped into LUT with out node y_V_5)   --->   "%xor_ln340_12 = xor i1 %p_Result_17, %p_Result_18" [firmware/nnet_utils/nnet_common.h:51->firmware/nnet_utils/nnet_common.h:46->firmware/nnet_utils/nnet_activation.h:262]   --->   Operation 148 'xor' 'xor_ln340_12' <Predicate = true> <Delay = 0.00> <Core = "LogicGate">   --->   Core 27 'LogicGate' <Latency = 0> <II = 1> <Delay = 0.97> <FuncUnit> <Opcode : 'and' 'or' 'xor'> <InPorts = 2> <OutPorts = 1>
ST_9 : Operation 149 [1/1] (0.00ns) (grouped into LUT with out node y_V_5)   --->   "%xor_ln340_13 = xor i1 %p_Result_17, true" [firmware/nnet_utils/nnet_common.h:51->firmware/nnet_utils/nnet_common.h:46->firmware/nnet_utils/nnet_activation.h:262]   --->   Operation 149 'xor' 'xor_ln340_13' <Predicate = true> <Delay = 0.00> <Core = "LogicGate">   --->   Core 27 'LogicGate' <Latency = 0> <II = 1> <Delay = 0.97> <FuncUnit> <Opcode : 'and' 'or' 'xor'> <InPorts = 2> <OutPorts = 1>
ST_9 : Operation 150 [1/1] (0.00ns) (grouped into LUT with out node y_V_5)   --->   "%or_ln340_6 = or i1 %p_Result_18, %xor_ln340_13" [firmware/nnet_utils/nnet_common.h:51->firmware/nnet_utils/nnet_common.h:46->firmware/nnet_utils/nnet_activation.h:262]   --->   Operation 150 'or' 'or_ln340_6' <Predicate = true> <Delay = 0.00> <Core = "LogicGate">   --->   Core 27 'LogicGate' <Latency = 0> <II = 1> <Delay = 0.97> <FuncUnit> <Opcode : 'and' 'or' 'xor'> <InPorts = 2> <OutPorts = 1>
ST_9 : Operation 151 [1/1] (0.00ns)   --->   "%tmp_s = call i10 @_ssdm_op_PartSelect.i10.i18.i32.i32(i18 %p_Val2_19, i32 8, i32 17)" [firmware/nnet_utils/nnet_activation.h:144->firmware/nnet_utils/nnet_activation.h:265]   --->   Operation 151 'partselect' 'tmp_s' <Predicate = true> <Delay = 0.00>
ST_9 : Operation 152 [1/1] (0.00ns) (grouped into LUT with out node y_V_5)   --->   "%select_ln340_14 = select i1 %xor_ln340_12, i10 511, i10 %tmp_s" [firmware/nnet_utils/nnet_common.h:51->firmware/nnet_utils/nnet_common.h:46->firmware/nnet_utils/nnet_activation.h:262]   --->   Operation 152 'select' 'select_ln340_14' <Predicate = true> <Delay = 0.00> <Core = "Sel">   --->   Core 26 'Sel' <Latency = 0> <II = 1> <Delay = 0.68> <FuncUnit> <Opcode : 'select'> <InPorts = 3> <OutPorts = 1>
ST_9 : Operation 153 [1/1] (0.97ns) (out node of the LUT)   --->   "%select_ln388_6 = select i1 %underflow_1, i10 -512, i10 %tmp_s" [firmware/nnet_utils/nnet_common.h:51->firmware/nnet_utils/nnet_common.h:46->firmware/nnet_utils/nnet_activation.h:262]   --->   Operation 153 'select' 'select_ln388_6' <Predicate = true> <Delay = 0.97> <Core = "Sel">   --->   Core 26 'Sel' <Latency = 0> <II = 1> <Delay = 0.68> <FuncUnit> <Opcode : 'select'> <InPorts = 3> <OutPorts = 1>
ST_9 : Operation 154 [1/1] (0.97ns) (out node of the LUT)   --->   "%y_V_5 = select i1 %or_ln340_6, i10 %select_ln340_14, i10 %select_ln388_6" [firmware/nnet_utils/nnet_common.h:51->firmware/nnet_utils/nnet_common.h:46->firmware/nnet_utils/nnet_activation.h:262]   --->   Operation 154 'select' 'y_V_5' <Predicate = true> <Delay = 0.97> <Core = "Sel">   --->   Core 26 'Sel' <Latency = 0> <II = 1> <Delay = 0.68> <FuncUnit> <Opcode : 'select'> <InPorts = 3> <OutPorts = 1>

State 10 <SV = 9> <Delay = 3.25>
ST_10 : Operation 155 [1/1] (0.00ns)   --->   "%zext_ln265 = zext i10 %y_V_5 to i64" [firmware/nnet_utils/nnet_activation.h:265]   --->   Operation 155 'zext' 'zext_ln265' <Predicate = true> <Delay = 0.00>
ST_10 : Operation 156 [1/1] (0.00ns)   --->   "%invert_table2_addr = getelementptr [1024 x i18]* @invert_table2, i64 0, i64 %zext_ln265" [firmware/nnet_utils/nnet_activation.h:265]   --->   Operation 156 'getelementptr' 'invert_table2_addr' <Predicate = true> <Delay = 0.00>
ST_10 : Operation 157 [2/2] (3.25ns)   --->   "%inv_exp_sum_V = load i18* %invert_table2_addr, align 4" [firmware/nnet_utils/nnet_activation.h:265]   --->   Operation 157 'load' 'inv_exp_sum_V' <Predicate = true> <Delay = 3.25> <Core = "ROM_nP">   --->   Core 52 'ROM_nP' <Latency = 1> <II = 1> <Delay = 3.25> <Storage> <Opcode : 'load'> <Ports = 0> <Width = 18> <Depth = 1024> <ROM>

State 11 <SV = 10> <Delay = 3.25>
ST_11 : Operation 158 [1/2] (3.25ns)   --->   "%inv_exp_sum_V = load i18* %invert_table2_addr, align 4" [firmware/nnet_utils/nnet_activation.h:265]   --->   Operation 158 'load' 'inv_exp_sum_V' <Predicate = true> <Delay = 3.25> <Core = "ROM_nP">   --->   Core 52 'ROM_nP' <Latency = 1> <II = 1> <Delay = 3.25> <Storage> <Opcode : 'load'> <Ports = 0> <Width = 18> <Depth = 1024> <ROM>

State 12 <SV = 11> <Delay = 3.89>
ST_12 : Operation 159 [1/1] (0.00ns)   --->   "%sext_ln1116 = sext i18 %inv_exp_sum_V to i26" [firmware/nnet_utils/nnet_activation.h:268]   --->   Operation 159 'sext' 'sext_ln1116' <Predicate = true> <Delay = 0.00>
ST_12 : Operation 160 [1/1] (0.00ns)   --->   "%zext_ln1118 = zext i17 %exp_res_0_V to i26" [firmware/nnet_utils/nnet_activation.h:268]   --->   Operation 160 'zext' 'zext_ln1118' <Predicate = true> <Delay = 0.00>
ST_12 : Operation 161 [3/3] (3.89ns) (root node of the DSP)   --->   "%mul_ln1118 = mul i26 %sext_ln1116, %zext_ln1118" [firmware/nnet_utils/nnet_activation.h:268]   --->   Operation 161 'mul' 'mul_ln1118' <Predicate = true> <Delay = 3.89> <Core = "DSP48">   --->   Core 88 'DSP48' <Latency = 2> <II = 1> <Delay = 3.89> <IPBlock> <Opcode : 'mul' 'add' 'sub' 'select'> <InPorts = 0> <OutPorts = 1> <Sync> <CReg>
ST_12 : Operation 162 [1/1] (0.00ns)   --->   "%zext_ln1118_1 = zext i17 %exp_res_1_V to i26" [firmware/nnet_utils/nnet_activation.h:268]   --->   Operation 162 'zext' 'zext_ln1118_1' <Predicate = true> <Delay = 0.00>
ST_12 : Operation 163 [3/3] (3.89ns) (root node of the DSP)   --->   "%mul_ln1118_1 = mul i26 %sext_ln1116, %zext_ln1118_1" [firmware/nnet_utils/nnet_activation.h:268]   --->   Operation 163 'mul' 'mul_ln1118_1' <Predicate = true> <Delay = 3.89> <Core = "DSP48">   --->   Core 88 'DSP48' <Latency = 2> <II = 1> <Delay = 3.89> <IPBlock> <Opcode : 'mul' 'add' 'sub' 'select'> <InPorts = 0> <OutPorts = 1> <Sync> <CReg>
ST_12 : Operation 164 [1/1] (0.00ns)   --->   "%zext_ln1118_2 = zext i17 %exp_res_2_V to i26" [firmware/nnet_utils/nnet_activation.h:268]   --->   Operation 164 'zext' 'zext_ln1118_2' <Predicate = true> <Delay = 0.00>
ST_12 : Operation 165 [3/3] (3.89ns) (root node of the DSP)   --->   "%mul_ln1118_2 = mul i26 %sext_ln1116, %zext_ln1118_2" [firmware/nnet_utils/nnet_activation.h:268]   --->   Operation 165 'mul' 'mul_ln1118_2' <Predicate = true> <Delay = 3.89> <Core = "DSP48">   --->   Core 88 'DSP48' <Latency = 2> <II = 1> <Delay = 3.89> <IPBlock> <Opcode : 'mul' 'add' 'sub' 'select'> <InPorts = 0> <OutPorts = 1> <Sync> <CReg>
ST_12 : Operation 166 [1/1] (0.00ns)   --->   "%zext_ln1118_3 = zext i17 %exp_res_3_V to i26" [firmware/nnet_utils/nnet_activation.h:268]   --->   Operation 166 'zext' 'zext_ln1118_3' <Predicate = true> <Delay = 0.00>
ST_12 : Operation 167 [3/3] (3.89ns) (root node of the DSP)   --->   "%mul_ln1118_3 = mul i26 %sext_ln1116, %zext_ln1118_3" [firmware/nnet_utils/nnet_activation.h:268]   --->   Operation 167 'mul' 'mul_ln1118_3' <Predicate = true> <Delay = 3.89> <Core = "DSP48">   --->   Core 88 'DSP48' <Latency = 2> <II = 1> <Delay = 3.89> <IPBlock> <Opcode : 'mul' 'add' 'sub' 'select'> <InPorts = 0> <OutPorts = 1> <Sync> <CReg>
ST_12 : Operation 168 [1/1] (0.00ns)   --->   "%zext_ln1118_4 = zext i17 %exp_res_4_V to i26" [firmware/nnet_utils/nnet_activation.h:268]   --->   Operation 168 'zext' 'zext_ln1118_4' <Predicate = true> <Delay = 0.00>
ST_12 : Operation 169 [3/3] (3.89ns) (root node of the DSP)   --->   "%mul_ln1118_4 = mul i26 %sext_ln1116, %zext_ln1118_4" [firmware/nnet_utils/nnet_activation.h:268]   --->   Operation 169 'mul' 'mul_ln1118_4' <Predicate = true> <Delay = 3.89> <Core = "DSP48">   --->   Core 88 'DSP48' <Latency = 2> <II = 1> <Delay = 3.89> <IPBlock> <Opcode : 'mul' 'add' 'sub' 'select'> <InPorts = 0> <OutPorts = 1> <Sync> <CReg>

State 13 <SV = 12> <Delay = 3.89>
ST_13 : Operation 170 [2/3] (3.89ns) (root node of the DSP)   --->   "%mul_ln1118 = mul i26 %sext_ln1116, %zext_ln1118" [firmware/nnet_utils/nnet_activation.h:268]   --->   Operation 170 'mul' 'mul_ln1118' <Predicate = true> <Delay = 3.89> <Core = "DSP48">   --->   Core 88 'DSP48' <Latency = 2> <II = 1> <Delay = 3.89> <IPBlock> <Opcode : 'mul' 'add' 'sub' 'select'> <InPorts = 0> <OutPorts = 1> <Sync> <CReg>
ST_13 : Operation 171 [2/3] (3.89ns) (root node of the DSP)   --->   "%mul_ln1118_1 = mul i26 %sext_ln1116, %zext_ln1118_1" [firmware/nnet_utils/nnet_activation.h:268]   --->   Operation 171 'mul' 'mul_ln1118_1' <Predicate = true> <Delay = 3.89> <Core = "DSP48">   --->   Core 88 'DSP48' <Latency = 2> <II = 1> <Delay = 3.89> <IPBlock> <Opcode : 'mul' 'add' 'sub' 'select'> <InPorts = 0> <OutPorts = 1> <Sync> <CReg>
ST_13 : Operation 172 [2/3] (3.89ns) (root node of the DSP)   --->   "%mul_ln1118_2 = mul i26 %sext_ln1116, %zext_ln1118_2" [firmware/nnet_utils/nnet_activation.h:268]   --->   Operation 172 'mul' 'mul_ln1118_2' <Predicate = true> <Delay = 3.89> <Core = "DSP48">   --->   Core 88 'DSP48' <Latency = 2> <II = 1> <Delay = 3.89> <IPBlock> <Opcode : 'mul' 'add' 'sub' 'select'> <InPorts = 0> <OutPorts = 1> <Sync> <CReg>
ST_13 : Operation 173 [2/3] (3.89ns) (root node of the DSP)   --->   "%mul_ln1118_3 = mul i26 %sext_ln1116, %zext_ln1118_3" [firmware/nnet_utils/nnet_activation.h:268]   --->   Operation 173 'mul' 'mul_ln1118_3' <Predicate = true> <Delay = 3.89> <Core = "DSP48">   --->   Core 88 'DSP48' <Latency = 2> <II = 1> <Delay = 3.89> <IPBlock> <Opcode : 'mul' 'add' 'sub' 'select'> <InPorts = 0> <OutPorts = 1> <Sync> <CReg>
ST_13 : Operation 174 [2/3] (3.89ns) (root node of the DSP)   --->   "%mul_ln1118_4 = mul i26 %sext_ln1116, %zext_ln1118_4" [firmware/nnet_utils/nnet_activation.h:268]   --->   Operation 174 'mul' 'mul_ln1118_4' <Predicate = true> <Delay = 3.89> <Core = "DSP48">   --->   Core 88 'DSP48' <Latency = 2> <II = 1> <Delay = 3.89> <IPBlock> <Opcode : 'mul' 'add' 'sub' 'select'> <InPorts = 0> <OutPorts = 1> <Sync> <CReg>

State 14 <SV = 13> <Delay = 0.00>
ST_14 : Operation 175 [1/3] (0.00ns) (root node of the DSP)   --->   "%mul_ln1118 = mul i26 %sext_ln1116, %zext_ln1118" [firmware/nnet_utils/nnet_activation.h:268]   --->   Operation 175 'mul' 'mul_ln1118' <Predicate = true> <Delay = 0.00> <Core = "DSP48">   --->   Core 88 'DSP48' <Latency = 2> <II = 1> <Delay = 3.89> <IPBlock> <Opcode : 'mul' 'add' 'sub' 'select'> <InPorts = 0> <OutPorts = 1> <Sync> <CReg>
ST_14 : Operation 176 [1/3] (0.00ns) (root node of the DSP)   --->   "%mul_ln1118_1 = mul i26 %sext_ln1116, %zext_ln1118_1" [firmware/nnet_utils/nnet_activation.h:268]   --->   Operation 176 'mul' 'mul_ln1118_1' <Predicate = true> <Delay = 0.00> <Core = "DSP48">   --->   Core 88 'DSP48' <Latency = 2> <II = 1> <Delay = 3.89> <IPBlock> <Opcode : 'mul' 'add' 'sub' 'select'> <InPorts = 0> <OutPorts = 1> <Sync> <CReg>
ST_14 : Operation 177 [1/3] (0.00ns) (root node of the DSP)   --->   "%mul_ln1118_2 = mul i26 %sext_ln1116, %zext_ln1118_2" [firmware/nnet_utils/nnet_activation.h:268]   --->   Operation 177 'mul' 'mul_ln1118_2' <Predicate = true> <Delay = 0.00> <Core = "DSP48">   --->   Core 88 'DSP48' <Latency = 2> <II = 1> <Delay = 3.89> <IPBlock> <Opcode : 'mul' 'add' 'sub' 'select'> <InPorts = 0> <OutPorts = 1> <Sync> <CReg>
ST_14 : Operation 178 [1/3] (0.00ns) (root node of the DSP)   --->   "%mul_ln1118_3 = mul i26 %sext_ln1116, %zext_ln1118_3" [firmware/nnet_utils/nnet_activation.h:268]   --->   Operation 178 'mul' 'mul_ln1118_3' <Predicate = true> <Delay = 0.00> <Core = "DSP48">   --->   Core 88 'DSP48' <Latency = 2> <II = 1> <Delay = 3.89> <IPBlock> <Opcode : 'mul' 'add' 'sub' 'select'> <InPorts = 0> <OutPorts = 1> <Sync> <CReg>
ST_14 : Operation 179 [1/3] (0.00ns) (root node of the DSP)   --->   "%mul_ln1118_4 = mul i26 %sext_ln1116, %zext_ln1118_4" [firmware/nnet_utils/nnet_activation.h:268]   --->   Operation 179 'mul' 'mul_ln1118_4' <Predicate = true> <Delay = 0.00> <Core = "DSP48">   --->   Core 88 'DSP48' <Latency = 2> <II = 1> <Delay = 3.89> <IPBlock> <Opcode : 'mul' 'add' 'sub' 'select'> <InPorts = 0> <OutPorts = 1> <Sync> <CReg>

State 15 <SV = 14> <Delay = 0.00>
ST_15 : Operation 180 [1/1] (0.00ns)   --->   "call void (...)* @_ssdm_op_SpecPipeline(i32 -1, i32 1, i32 1, i32 0, [1 x i8]* @p_str9) nounwind" [firmware/nnet_utils/nnet_activation.h:217]   --->   Operation 180 'specpipeline' <Predicate = true> <Delay = 0.00>
ST_15 : Operation 181 [1/1] (0.00ns)   --->   "%res_0_V_write_assign = call i16 @_ssdm_op_PartSelect.i16.i26.i32.i32(i26 %mul_ln1118, i32 10, i32 25)" [firmware/nnet_utils/nnet_activation.h:268]   --->   Operation 181 'partselect' 'res_0_V_write_assign' <Predicate = true> <Delay = 0.00>
ST_15 : Operation 182 [1/1] (0.00ns)   --->   "%res_1_V_write_assign = call i16 @_ssdm_op_PartSelect.i16.i26.i32.i32(i26 %mul_ln1118_1, i32 10, i32 25)" [firmware/nnet_utils/nnet_activation.h:268]   --->   Operation 182 'partselect' 'res_1_V_write_assign' <Predicate = true> <Delay = 0.00>
ST_15 : Operation 183 [1/1] (0.00ns)   --->   "%res_2_V_write_assign = call i16 @_ssdm_op_PartSelect.i16.i26.i32.i32(i26 %mul_ln1118_2, i32 10, i32 25)" [firmware/nnet_utils/nnet_activation.h:268]   --->   Operation 183 'partselect' 'res_2_V_write_assign' <Predicate = true> <Delay = 0.00>
ST_15 : Operation 184 [1/1] (0.00ns)   --->   "%res_3_V_write_assign = call i16 @_ssdm_op_PartSelect.i16.i26.i32.i32(i26 %mul_ln1118_3, i32 10, i32 25)" [firmware/nnet_utils/nnet_activation.h:268]   --->   Operation 184 'partselect' 'res_3_V_write_assign' <Predicate = true> <Delay = 0.00>
ST_15 : Operation 185 [1/1] (0.00ns)   --->   "%res_4_V_write_assign = call i16 @_ssdm_op_PartSelect.i16.i26.i32.i32(i26 %mul_ln1118_4, i32 10, i32 25)" [firmware/nnet_utils/nnet_activation.h:268]   --->   Operation 185 'partselect' 'res_4_V_write_assign' <Predicate = true> <Delay = 0.00>
ST_15 : Operation 186 [1/1] (0.00ns)   --->   "%mrv = insertvalue { i16, i16, i16, i16, i16 } undef, i16 %res_0_V_write_assign, 0" [firmware/nnet_utils/nnet_activation.h:270]   --->   Operation 186 'insertvalue' 'mrv' <Predicate = true> <Delay = 0.00>
ST_15 : Operation 187 [1/1] (0.00ns)   --->   "%mrv_1 = insertvalue { i16, i16, i16, i16, i16 } %mrv, i16 %res_1_V_write_assign, 1" [firmware/nnet_utils/nnet_activation.h:270]   --->   Operation 187 'insertvalue' 'mrv_1' <Predicate = true> <Delay = 0.00>
ST_15 : Operation 188 [1/1] (0.00ns)   --->   "%mrv_2 = insertvalue { i16, i16, i16, i16, i16 } %mrv_1, i16 %res_2_V_write_assign, 2" [firmware/nnet_utils/nnet_activation.h:270]   --->   Operation 188 'insertvalue' 'mrv_2' <Predicate = true> <Delay = 0.00>
ST_15 : Operation 189 [1/1] (0.00ns)   --->   "%mrv_3 = insertvalue { i16, i16, i16, i16, i16 } %mrv_2, i16 %res_3_V_write_assign, 3" [firmware/nnet_utils/nnet_activation.h:270]   --->   Operation 189 'insertvalue' 'mrv_3' <Predicate = true> <Delay = 0.00>
ST_15 : Operation 190 [1/1] (0.00ns)   --->   "%mrv_4 = insertvalue { i16, i16, i16, i16, i16 } %mrv_3, i16 %res_4_V_write_assign, 4" [firmware/nnet_utils/nnet_activation.h:270]   --->   Operation 190 'insertvalue' 'mrv_4' <Predicate = true> <Delay = 0.00>
ST_15 : Operation 191 [1/1] (0.00ns)   --->   "ret { i16, i16, i16, i16, i16 } %mrv_4" [firmware/nnet_utils/nnet_activation.h:270]   --->   Operation 191 'ret' <Predicate = true> <Delay = 0.00>


============================================================
+ Verbose Summary: Timing violations
============================================================
Target clock period: 5ns, clock uncertainty: 0.625ns.

 <State 1>: 2.43ns
The critical path consists of the following:
	wire read on port 'data_3_V_read' (firmware/nnet_utils/nnet_activation.h:216) [11]  (0 ns)
	'icmp' operation ('icmp_ln1496_1', firmware/nnet_utils/nnet_common.h:66->firmware/nnet_utils/nnet_common.h:44->firmware/nnet_utils/nnet_common.h:46->firmware/nnet_utils/nnet_common.h:46->firmware/nnet_utils/nnet_activation.h:239) [18]  (2.43 ns)

 <State 2>: 4.04ns
The critical path consists of the following:
	'select' operation ('select_ln66', firmware/nnet_utils/nnet_common.h:66->firmware/nnet_utils/nnet_common.h:44->firmware/nnet_utils/nnet_common.h:46->firmware/nnet_utils/nnet_common.h:46->firmware/nnet_utils/nnet_activation.h:239) [17]  (0.805 ns)
	'icmp' operation ('icmp_ln1496_2', firmware/nnet_utils/nnet_common.h:66->firmware/nnet_utils/nnet_common.h:46->firmware/nnet_utils/nnet_common.h:46->firmware/nnet_utils/nnet_activation.h:239) [20]  (2.43 ns)
	'select' operation ('select_ln66_2', firmware/nnet_utils/nnet_common.h:66->firmware/nnet_utils/nnet_common.h:46->firmware/nnet_utils/nnet_common.h:46->firmware/nnet_utils/nnet_activation.h:239) [21]  (0.805 ns)

 <State 3>: 3.23ns
The critical path consists of the following:
	'icmp' operation ('icmp_ln1496_3', firmware/nnet_utils/nnet_common.h:66->firmware/nnet_utils/nnet_common.h:46->firmware/nnet_utils/nnet_activation.h:239) [22]  (2.43 ns)
	'select' operation ('x_max.V', firmware/nnet_utils/nnet_common.h:66->firmware/nnet_utils/nnet_common.h:46->firmware/nnet_utils/nnet_activation.h:239) [23]  (0.805 ns)

 <State 4>: 4.03ns
The critical path consists of the following:
	'sub' operation ('sub_ln1193', firmware/nnet_utils/nnet_activation.h:245) [26]  (2.08 ns)
	'and' operation ('and_ln786', firmware/nnet_utils/nnet_activation.h:245) [30]  (0 ns)
	'select' operation ('select_ln388', firmware/nnet_utils/nnet_activation.h:245) [72]  (0.978 ns)
	'select' operation ('y.V', firmware/nnet_utils/nnet_activation.h:245) [73]  (0.978 ns)

 <State 5>: 3.25ns
The critical path consists of the following:
	'getelementptr' operation ('exp_table1_addr', firmware/nnet_utils/nnet_activation.h:255) [75]  (0 ns)
	'load' operation ('exp_res[0].V', firmware/nnet_utils/nnet_activation.h:255) on array 'exp_table1' [76]  (3.25 ns)

 <State 6>: 3.25ns
The critical path consists of the following:
	'load' operation ('exp_res[0].V', firmware/nnet_utils/nnet_activation.h:255) on array 'exp_table1' [76]  (3.25 ns)

 <State 7>: 3.25ns
The critical path consists of the following:
	'getelementptr' operation ('exp_table1_addr_4', firmware/nnet_utils/nnet_activation.h:255) [103]  (0 ns)
	'load' operation ('exp_res[4].V', firmware/nnet_utils/nnet_activation.h:255) on array 'exp_table1' [104]  (3.25 ns)

 <State 8>: 4.09ns
The critical path consists of the following:
	'add' operation ('ret.V', firmware/nnet_utils/nnet_common.h:51->firmware/nnet_utils/nnet_common.h:46->firmware/nnet_utils/nnet_common.h:46->firmware/nnet_utils/nnet_activation.h:262) [117]  (2.14 ns)
	'and' operation ('underflow', firmware/nnet_utils/nnet_common.h:51->firmware/nnet_utils/nnet_common.h:46->firmware/nnet_utils/nnet_common.h:46->firmware/nnet_utils/nnet_activation.h:262) [122]  (0 ns)
	'select' operation ('select_ln388_5', firmware/nnet_utils/nnet_common.h:51->firmware/nnet_utils/nnet_common.h:46->firmware/nnet_utils/nnet_common.h:46->firmware/nnet_utils/nnet_activation.h:262) [127]  (0.978 ns)
	'select' operation ('__Val2__', firmware/nnet_utils/nnet_common.h:51->firmware/nnet_utils/nnet_common.h:46->firmware/nnet_utils/nnet_common.h:46->firmware/nnet_utils/nnet_activation.h:262) [128]  (0.978 ns)

 <State 9>: 4.09ns
The critical path consists of the following:
	'add' operation ('__Val2__', firmware/nnet_utils/nnet_common.h:51->firmware/nnet_utils/nnet_common.h:46->firmware/nnet_utils/nnet_activation.h:262) [134]  (2.14 ns)
	'xor' operation ('xor_ln786_6', firmware/nnet_utils/nnet_common.h:51->firmware/nnet_utils/nnet_common.h:46->firmware/nnet_utils/nnet_activation.h:262) [136]  (0 ns)
	'and' operation ('underflow', firmware/nnet_utils/nnet_common.h:51->firmware/nnet_utils/nnet_common.h:46->firmware/nnet_utils/nnet_activation.h:262) [137]  (0 ns)
	'select' operation ('select_ln388_6', firmware/nnet_utils/nnet_common.h:51->firmware/nnet_utils/nnet_common.h:46->firmware/nnet_utils/nnet_activation.h:262) [143]  (0.978 ns)
	'select' operation ('y.V', firmware/nnet_utils/nnet_common.h:51->firmware/nnet_utils/nnet_common.h:46->firmware/nnet_utils/nnet_activation.h:262) [144]  (0.978 ns)

 <State 10>: 3.25ns
The critical path consists of the following:
	'getelementptr' operation ('invert_table2_addr', firmware/nnet_utils/nnet_activation.h:265) [146]  (0 ns)
	'load' operation ('inv_exp_sum.V', firmware/nnet_utils/nnet_activation.h:265) on array 'invert_table2' [147]  (3.25 ns)

 <State 11>: 3.25ns
The critical path consists of the following:
	'load' operation ('inv_exp_sum.V', firmware/nnet_utils/nnet_activation.h:265) on array 'invert_table2' [147]  (3.25 ns)

 <State 12>: 3.89ns
The critical path consists of the following:
	'mul' operation of DSP[150] ('mul_ln1118', firmware/nnet_utils/nnet_activation.h:268) [150]  (3.89 ns)

 <State 13>: 3.89ns
The critical path consists of the following:
	'mul' operation of DSP[150] ('mul_ln1118', firmware/nnet_utils/nnet_activation.h:268) [150]  (3.89 ns)

 <State 14>: 0ns
The critical path consists of the following:

 <State 15>: 0ns
The critical path consists of the following:


============================================================
+ Verbose Summary: Binding
============================================================
N/A
* FSMD analyzer results:
  - Output states:
 - Input state : 
  - Chain level:
	State 1
	State 2
	State 3
	State 4
	State 5
	State 6
	State 7
	State 8
	State 9
	State 10
	State 11
	State 12
	State 13
	State 14
	State 15


============================================================
+ Verbose Summary: Datapath Resource usage 
============================================================
N/A
