

================================================================
== Vivado HLS Report for 'softmax_stable_ap_fixed_ap_fixed_16_6_5_3_0_softmax_config13_s'
================================================================
* Date:           Wed Jun  4 15:25:53 2025

* Version:        2020.1 (Build 2897737 on Wed May 27 20:21:37 MDT 2020)
* Project:        myproject_prj
* Solution:       solution1
* Product family: zynq
* Target device:  xc7z020-clg400-1


================================================================
== Performance Estimates
================================================================
+ Timing: 
    * Summary: 
    +--------+---------+----------+------------+
    |  Clock |  Target | Estimated| Uncertainty|
    +--------+---------+----------+------------+
    |ap_clk  | 5.00 ns | 4.092 ns |   0.62 ns  |
    +--------+---------+----------+------------+

+ Latency: 
    * Summary: 
    +---------+---------+-----------+-----------+-----+-----+----------+
    |  Latency (cycles) |   Latency (absolute)  |  Interval | Pipeline |
    |   min   |   max   |    min    |    max    | min | max |   Type   |
    +---------+---------+-----------+-----------+-----+-----+----------+
    |       13|       13| 65.000 ns | 65.000 ns |    1|    1| function |
    +---------+---------+-----------+-----------+-----+-----+----------+

    + Detail: 
        * Instance: 
        N/A

        * Loop: 
        N/A



================================================================
== Utilization Estimates
================================================================
* Summary: 
+-----------------+---------+-------+--------+-------+-----+
|       Name      | BRAM_18K| DSP48E|   FF   |  LUT  | URAM|
+-----------------+---------+-------+--------+-------+-----+
|DSP              |        -|      5|       -|      -|    -|
|Expression       |        -|      -|       0|    571|    -|
|FIFO             |        -|      -|       -|      -|    -|
|Instance         |        -|      -|       -|      -|    -|
|Memory           |        4|      -|       0|      0|    -|
|Multiplexer      |        -|      -|       -|      -|    -|
|Register         |        0|      -|    1146|    320|    -|
+-----------------+---------+-------+--------+-------+-----+
|Total            |        4|      5|    1146|    891|    0|
+-----------------+---------+-------+--------+-------+-----+
|Available        |      280|    220|  106400|  53200|    0|
+-----------------+---------+-------+--------+-------+-----+
|Utilization (%)  |        1|      2|       1|      1|    0|
+-----------------+---------+-------+--------+-------+-----+

+ Detail: 
    * Instance: 
    N/A

    * DSP48E: 
    +---------------------------------------+----------------------------------+-----------+
    |                Instance               |              Module              | Expression|
    +---------------------------------------+----------------------------------+-----------+
    |myproject_mul_mul_18s_18s_30_3_1_U266  |myproject_mul_mul_18s_18s_30_3_1  |  i0 * i1  |
    |myproject_mul_mul_18s_18s_30_3_1_U267  |myproject_mul_mul_18s_18s_30_3_1  |  i0 * i1  |
    |myproject_mul_mul_18s_18s_30_3_1_U268  |myproject_mul_mul_18s_18s_30_3_1  |  i0 * i1  |
    |myproject_mul_mul_18s_18s_30_3_1_U269  |myproject_mul_mul_18s_18s_30_3_1  |  i0 * i1  |
    |myproject_mul_mul_18s_18s_30_3_1_U270  |myproject_mul_mul_18s_18s_30_3_1  |  i0 * i1  |
    +---------------------------------------+----------------------------------+-----------+

    * Memory: 
    +-----------------+------------------------------------------------------------------------------+---------+---+----+-----+------+-----+------+-------------+
    |      Memory     |                                    Module                                    | BRAM_18K| FF| LUT| URAM| Words| Bits| Banks| W*Bits*Banks|
    +-----------------+------------------------------------------------------------------------------+---------+---+----+-----+------+-----+------+-------------+
    |exp_table1_U     |softmax_stable_ap_fixed_ap_fixed_16_6_5_3_0_softmax_config13_s_exp_table1     |        3|  0|   0|    0|  1024|   18|     1|        18432|
    |invert_table2_U  |softmax_stable_ap_fixed_ap_fixed_16_6_5_3_0_softmax_config13_s_invert_table2  |        1|  0|   0|    0|  1024|   18|     1|        18432|
    +-----------------+------------------------------------------------------------------------------+---------+---+----+-----+------+-----+------+-------------+
    |Total            |                                                                              |        4|  0|   0|    0|  2048|   36|     2|        36864|
    +-----------------+------------------------------------------------------------------------------+---------+---+----+-----+------+-----+------+-------------+

    * FIFO: 
    N/A

    * Expression: 
    +-----------------------------+----------+-------+---+----+------------+------------+
    |        Variable Name        | Operation| DSP48E| FF| LUT| Bitwidth P0| Bitwidth P1|
    +-----------------------------+----------+-------+---+----+------------+------------+
    |add_ln703_1_fu_676_p2        |     +    |      0|  0|  25|          18|          18|
    |add_ln703_2_fu_680_p2        |     +    |      0|  0|  18|          18|          18|
    |add_ln703_fu_672_p2          |     +    |      0|  0|  25|          18|          18|
    |exp_sum_V_fu_684_p2          |     +    |      0|  0|  18|          18|          18|
    |sub_ln1193_1_fu_265_p2       |     -    |      0|  0|  26|          19|          19|
    |sub_ln1193_2_fu_320_p2       |     -    |      0|  0|  26|          19|          19|
    |sub_ln1193_3_fu_375_p2       |     -    |      0|  0|  26|          19|          19|
    |sub_ln1193_4_fu_430_p2       |     -    |      0|  0|  26|          19|          19|
    |sub_ln1193_fu_210_p2         |     -    |      0|  0|  26|          19|          19|
    |and_ln786_1_fu_293_p2        |    and   |      0|  0|   2|           1|           1|
    |and_ln786_2_fu_348_p2        |    and   |      0|  0|   2|           1|           1|
    |and_ln786_3_fu_403_p2        |    and   |      0|  0|   2|           1|           1|
    |and_ln786_4_fu_458_p2        |    and   |      0|  0|   2|           1|           1|
    |and_ln786_fu_238_p2          |    and   |      0|  0|   2|           1|           1|
    |ap_block_pp0_stage0_11001    |    and   |      0|  0|   2|           1|           1|
    |icmp_ln1496_1_fu_164_p2      |   icmp   |      0|  0|  18|          18|          18|
    |icmp_ln1496_2_fu_180_p2      |   icmp   |      0|  0|  18|          18|          18|
    |icmp_ln1496_3_fu_194_p2      |   icmp   |      0|  0|  18|          18|          18|
    |icmp_ln1496_fu_158_p2        |   icmp   |      0|  0|  18|          18|          18|
    |ap_block_pp0_stage0_subdone  |    or    |      0|  0|   2|           1|           1|
    |or_ln340_1_fu_311_p2         |    or    |      0|  0|   2|           1|           1|
    |or_ln340_2_fu_366_p2         |    or    |      0|  0|   2|           1|           1|
    |or_ln340_3_fu_421_p2         |    or    |      0|  0|   2|           1|           1|
    |or_ln340_4_fu_476_p2         |    or    |      0|  0|   2|           1|           1|
    |or_ln340_fu_256_p2           |    or    |      0|  0|   2|           1|           1|
    |select_ln340_2_fu_526_p3     |  select  |      0|  0|  10|           1|           9|
    |select_ln340_4_fu_560_p3     |  select  |      0|  0|  10|           1|           9|
    |select_ln340_6_fu_594_p3     |  select  |      0|  0|  10|           1|           9|
    |select_ln340_8_fu_628_p3     |  select  |      0|  0|  10|           1|           9|
    |select_ln340_fu_492_p3       |  select  |      0|  0|  10|           1|           9|
    |select_ln388_1_fu_534_p3     |  select  |      0|  0|  11|           1|          11|
    |select_ln388_2_fu_568_p3     |  select  |      0|  0|  11|           1|          11|
    |select_ln388_3_fu_602_p3     |  select  |      0|  0|  11|           1|          11|
    |select_ln388_4_fu_636_p3     |  select  |      0|  0|  11|           1|          11|
    |select_ln388_fu_500_p3       |  select  |      0|  0|  11|           1|          11|
    |select_ln66_1_fu_175_p3      |  select  |      0|  0|  18|           1|          18|
    |select_ln66_2_fu_186_p3      |  select  |      0|  0|  18|           1|          18|
    |select_ln66_fu_170_p3        |  select  |      0|  0|  18|           1|          18|
    |x_max_V_fu_198_p3            |  select  |      0|  0|  18|           1|          18|
    |y_V_1_fu_542_p3              |  select  |      0|  0|  10|           1|          10|
    |y_V_2_fu_576_p3              |  select  |      0|  0|  10|           1|          10|
    |y_V_3_fu_610_p3              |  select  |      0|  0|  10|           1|          10|
    |y_V_4_fu_644_p3              |  select  |      0|  0|  10|           1|          10|
    |y_V_fu_508_p3                |  select  |      0|  0|  10|           1|          10|
    |ap_enable_pp0                |    xor   |      0|  0|   2|           1|           2|
    |xor_ln340_1_fu_305_p2        |    xor   |      0|  0|   2|           1|           2|
    |xor_ln340_2_fu_360_p2        |    xor   |      0|  0|   2|           1|           2|
    |xor_ln340_3_fu_415_p2        |    xor   |      0|  0|   2|           1|           2|
    |xor_ln340_4_fu_470_p2        |    xor   |      0|  0|   2|           1|           2|
    |xor_ln340_5_fu_244_p2        |    xor   |      0|  0|   2|           1|           1|
    |xor_ln340_6_fu_299_p2        |    xor   |      0|  0|   2|           1|           1|
    |xor_ln340_7_fu_354_p2        |    xor   |      0|  0|   2|           1|           1|
    |xor_ln340_8_fu_409_p2        |    xor   |      0|  0|   2|           1|           1|
    |xor_ln340_9_fu_464_p2        |    xor   |      0|  0|   2|           1|           1|
    |xor_ln340_fu_250_p2          |    xor   |      0|  0|   2|           1|           2|
    |xor_ln786_1_fu_287_p2        |    xor   |      0|  0|   2|           1|           2|
    |xor_ln786_2_fu_342_p2        |    xor   |      0|  0|   2|           1|           2|
    |xor_ln786_3_fu_397_p2        |    xor   |      0|  0|   2|           1|           2|
    |xor_ln786_4_fu_452_p2        |    xor   |      0|  0|   2|           1|           2|
    |xor_ln786_fu_232_p2          |    xor   |      0|  0|   2|           1|           2|
    +-----------------------------+----------+-------+---+----+------------+------------+
    |Total                        |          |      0|  0| 571|         286|         500|
    +-----------------------------+----------+-------+---+----+------------+------------+

    * Multiplexer: 
    N/A

    * Register: 
    +-----------------------------+----+----+-----+-----------+
    |             Name            | FF | LUT| Bits| Const Bits|
    +-----------------------------+----+----+-----+-----------+
    |add_ln703_1_reg_963          |  18|   0|   18|          0|
    |add_ln703_reg_958            |  18|   0|   18|          0|
    |ap_CS_fsm                    |   1|   0|    1|          0|
    |ap_enable_reg_pp0_iter1      |   1|   0|    1|          0|
    |ap_enable_reg_pp0_iter10     |   1|   0|    1|          0|
    |ap_enable_reg_pp0_iter11     |   1|   0|    1|          0|
    |ap_enable_reg_pp0_iter12     |   1|   0|    1|          0|
    |ap_enable_reg_pp0_iter13     |   1|   0|    1|          0|
    |ap_enable_reg_pp0_iter2      |   1|   0|    1|          0|
    |ap_enable_reg_pp0_iter3      |   1|   0|    1|          0|
    |ap_enable_reg_pp0_iter4      |   1|   0|    1|          0|
    |ap_enable_reg_pp0_iter5      |   1|   0|    1|          0|
    |ap_enable_reg_pp0_iter6      |   1|   0|    1|          0|
    |ap_enable_reg_pp0_iter7      |   1|   0|    1|          0|
    |ap_enable_reg_pp0_iter8      |   1|   0|    1|          0|
    |ap_enable_reg_pp0_iter9      |   1|   0|    1|          0|
    |data_0_V_read_1_reg_851      |  18|   0|   18|          0|
    |data_1_V_read_1_reg_845      |  18|   0|   18|          0|
    |data_2_V_read_1_reg_839      |  18|   0|   18|          0|
    |data_3_V_read_1_reg_833      |  18|   0|   18|          0|
    |data_4_V_read_1_reg_826      |  18|   0|   18|          0|
    |exp_res_0_V_reg_923          |  18|   0|   18|          0|
    |exp_res_1_V_reg_929          |  18|   0|   18|          0|
    |exp_res_2_V_reg_935          |  18|   0|   18|          0|
    |exp_res_3_V_reg_952          |  18|   0|   18|          0|
    |exp_res_4_V_reg_946          |  18|   0|   18|          0|
    |icmp_ln1496_1_reg_862        |   1|   0|    1|          0|
    |icmp_ln1496_reg_857          |   1|   0|    1|          0|
    |inv_exp_sum_V_reg_978        |  18|   0|   18|          0|
    |mul_ln1118_1_reg_1022        |  30|   0|   30|          0|
    |mul_ln1118_2_reg_1027        |  30|   0|   30|          0|
    |mul_ln1118_3_reg_1032        |  30|   0|   30|          0|
    |mul_ln1118_4_reg_1037        |  30|   0|   30|          0|
    |mul_ln1118_reg_1017          |  30|   0|   30|          0|
    |select_ln66_2_reg_867        |  18|   0|   18|          0|
    |x_max_V_reg_873              |  18|   0|   18|          0|
    |y_V_1_reg_883                |  10|   0|   10|          0|
    |y_V_2_reg_888                |  10|   0|   10|          0|
    |y_V_3_reg_893                |  10|   0|   10|          0|
    |y_V_3_reg_893_pp0_iter4_reg  |  10|   0|   10|          0|
    |y_V_4_reg_898                |  10|   0|   10|          0|
    |y_V_5_reg_968                |  10|   0|   10|          0|
    |y_V_reg_878                  |  10|   0|   10|          0|
    |data_0_V_read_1_reg_851      |  64|  32|   18|          0|
    |data_1_V_read_1_reg_845      |  64|  32|   18|          0|
    |data_2_V_read_1_reg_839      |  64|  32|   18|          0|
    |data_3_V_read_1_reg_833      |  64|  32|   18|          0|
    |data_4_V_read_1_reg_826      |  64|  32|   18|          0|
    |exp_res_0_V_reg_923          |  64|  32|   18|          0|
    |exp_res_1_V_reg_929          |  64|  32|   18|          0|
    |exp_res_2_V_reg_935          |  64|  32|   18|          0|
    |exp_res_3_V_reg_952          |  64|  32|   18|          0|
    |exp_res_4_V_reg_946          |  64|  32|   18|          0|
    +-----------------------------+----+----+-----+-----------+
    |Total                        |1146| 320|  686|          0|
    +-----------------------------+----+----+-----+-----------+



================================================================
== Interface
================================================================
* Summary: 
+---------------+-----+-----+------------+----------------------------------------------------------------+--------------+
|   RTL Ports   | Dir | Bits|  Protocol  |                          Source Object                         |    C Type    |
+---------------+-----+-----+------------+----------------------------------------------------------------+--------------+
|ap_clk         |  in |    1| ap_ctrl_hs | softmax_stable<ap_fixed,ap_fixed<16,6,5,3,0>,softmax_config13> | return value |
|ap_rst         |  in |    1| ap_ctrl_hs | softmax_stable<ap_fixed,ap_fixed<16,6,5,3,0>,softmax_config13> | return value |
|ap_start       |  in |    1| ap_ctrl_hs | softmax_stable<ap_fixed,ap_fixed<16,6,5,3,0>,softmax_config13> | return value |
|ap_done        | out |    1| ap_ctrl_hs | softmax_stable<ap_fixed,ap_fixed<16,6,5,3,0>,softmax_config13> | return value |
|ap_idle        | out |    1| ap_ctrl_hs | softmax_stable<ap_fixed,ap_fixed<16,6,5,3,0>,softmax_config13> | return value |
|ap_ready       | out |    1| ap_ctrl_hs | softmax_stable<ap_fixed,ap_fixed<16,6,5,3,0>,softmax_config13> | return value |
|ap_ce          |  in |    1| ap_ctrl_hs | softmax_stable<ap_fixed,ap_fixed<16,6,5,3,0>,softmax_config13> | return value |
|ap_return_0    | out |   16| ap_ctrl_hs | softmax_stable<ap_fixed,ap_fixed<16,6,5,3,0>,softmax_config13> | return value |
|ap_return_1    | out |   16| ap_ctrl_hs | softmax_stable<ap_fixed,ap_fixed<16,6,5,3,0>,softmax_config13> | return value |
|ap_return_2    | out |   16| ap_ctrl_hs | softmax_stable<ap_fixed,ap_fixed<16,6,5,3,0>,softmax_config13> | return value |
|ap_return_3    | out |   16| ap_ctrl_hs | softmax_stable<ap_fixed,ap_fixed<16,6,5,3,0>,softmax_config13> | return value |
|ap_return_4    | out |   16| ap_ctrl_hs | softmax_stable<ap_fixed,ap_fixed<16,6,5,3,0>,softmax_config13> | return value |
|data_0_V_read  |  in |   18|   ap_none  |                          data_0_V_read                         |    scalar    |
|data_1_V_read  |  in |   18|   ap_none  |                          data_1_V_read                         |    scalar    |
|data_2_V_read  |  in |   18|   ap_none  |                          data_2_V_read                         |    scalar    |
|data_3_V_read  |  in |   18|   ap_none  |                          data_3_V_read                         |    scalar    |
|data_4_V_read  |  in |   18|   ap_none  |                          data_4_V_read                         |    scalar    |
+---------------+-----+-----+------------+----------------------------------------------------------------+--------------+

